#
# There is insufficient memory for the Java Runtime Environment to continue.
# Native memory allocation (malloc) failed to allocate 1048576 bytes for AllocateHeap
# Possible reasons:
#   The system is out of physical RAM or swap space
#   The process is running with CompressedOops enabled, and the Java Heap may be blocking the growth of the native heap
# Possible solutions:
#   Reduce memory load on the system
#   Increase physical memory or swap space
#   Check if swap backing store is full
#   Decrease Java heap size (-Xmx/-Xms)
#   Decrease number of Java threads
#   Decrease Java thread stack sizes (-Xss)
#   Set larger code cache with -XX:ReservedCodeCacheSize=
#   JVM is running with Unscaled Compressed Oops mode in which the Java heap is
#     placed in the first 4GB address space. The Java Heap base address is the
#     maximum limit for the native heap growth. Please use -XX:HeapBaseMinAddress
#     to set the Java Heap base and to place the Java Heap above 4GB virtual address.
# This output file may be truncated or incomplete.
#
#  Out of Memory Error (./src/hotspot/share/memory/allocation.cpp:46), pid=4432, tid=3112
#
# JRE version: OpenJDK Runtime Environment (11.0.12+7) (build 11.0.12+7-b1504.28-7817840)
# Java VM: OpenJDK 64-Bit Server VM (11.0.12+7-b1504.28-7817840, mixed mode, tiered, compressed oops, g1 gc, windows-amd64)
# No core dump will be written. Minidumps are not enabled by default on client versions of Windows
#

---------------  S U M M A R Y ------------

Command Line: org.jetbrains.kotlin.cli.jvm.K2JVMCompiler @C:\Users\Solifir\Desktop\Fil rouge\codingark-mobile-banking-ui-master\app\build\20220615_11150593583059883574.compiler.options

Host: Intel(R) Xeon(R) Platinum 8171M CPU @ 2.60GHz, 2 cores, 7G,  Windows 10 , 64 bit Build 22000 (10.0.22000.675)
Time: Wed Jun 15 22:28:44 2022 Coordinated Universal Time elapsed time: 0.434874 seconds (0d 0h 0m 0s)

---------------  T H R E A D  ---------------

Current thread (0x00000211c83b1000):  VMThread "VM Thread" [stack: 0x000000e036b00000,0x000000e036c00000] [id=3112]

Stack: [0x000000e036b00000,0x000000e036c00000]
[error occurred during error reporting (printing stack bounds), id 0xc0000005, EXCEPTION_ACCESS_VIOLATION (0xc0000005) at pc=0x00000211b27a112d]

Native frames: (J=compiled Java code, j=interpreted, Vv=VM code, C=native code)
V  [jvm.dll+0x5fbcea]
V  [jvm.dll+0x731905]
V  [jvm.dll+0x732f1d]
V  [jvm.dll+0x733535]
V  [jvm.dll+0x7334eb]
V  [jvm.dll+0x5fb080]
V  [jvm.dll+0x5fb818]
C  [ntdll.dll+0xa8e4f]
C  [ntdll.dll+0x35e9a]
C  [ntdll.dll+0xa7e5e]
C  0x00000211b27a112d

VM_Operation (0x000000e0365fc280): CollectForMetadataAllocation, mode: safepoint, requested by thread 0x00000211aec8b800


---------------  P R O C E S S  ---------------

Threads class SMR info:
_java_thread_list=0x00000211c8e85810, length=10, elements={
0x00000211aec8b800, 0x00000211c83b5800, 0x00000211c83b7000, 0x00000211c83d5800,
0x00000211c83d6800, 0x00000211c83d9800, 0x00000211c83dd800, 0x00000211c840e800,
0x00000211c8da2000, 0x00000211c8e90000
}

Java Threads: ( => current thread )
  0x00000211aec8b800 JavaThread "main" [_thread_blocked, id=4328, stack(0x000000e036500000,0x000000e036600000)]
  0x00000211c83b5800 JavaThread "Reference Handler" daemon [_thread_blocked, id=5696, stack(0x000000e036c00000,0x000000e036d00000)]
  0x00000211c83b7000 JavaThread "Finalizer" daemon [_thread_blocked, id=12580, stack(0x000000e036d00000,0x000000e036e00000)]
  0x00000211c83d5800 JavaThread "Signal Dispatcher" daemon [_thread_blocked, id=10812, stack(0x000000e036e00000,0x000000e036f00000)]
  0x00000211c83d6800 JavaThread "Attach Listener" daemon [_thread_blocked, id=10988, stack(0x000000e036f00000,0x000000e037000000)]
  0x00000211c83d9800 JavaThread "Service Thread" daemon [_thread_blocked, id=11740, stack(0x000000e037000000,0x000000e037100000)]
  0x00000211c83dd800 JavaThread "C2 CompilerThread0" daemon [_thread_blocked, id=11032, stack(0x000000e037100000,0x000000e037200000)]
  0x00000211c840e800 JavaThread "C1 CompilerThread0" daemon [_thread_blocked, id=6784, stack(0x000000e037200000,0x000000e037300000)]
  0x00000211c8da2000 JavaThread "Sweeper thread" daemon [_thread_blocked, id=12076, stack(0x000000e037300000,0x000000e037400000)]
  0x00000211c8e90000 JavaThread "Common-Cleaner" daemon [_thread_blocked, id=12956, stack(0x000000e037500000,0x000000e037600000)]

Other Threads:
=>0x00000211c83b1000 VMThread "VM Thread" [stack: 0x000000e036b00000,0x000000e036c00000] [id=3112]
  0x00000211c8e83000 WatcherThread [stack: 0x000000e037400000,0x000000e037500000] [id=12736]
  0x00000211aeca3800 GCTaskThread "GC Thread#0" [stack: 0x000000e036600000,0x000000e036700000] [id=7272]
  0x00000211c9003000 GCTaskThread "GC Thread#1" [stack: 0x000000e037600000,0x000000e037700000] [id=9776]
  0x00000211aecd2800 ConcurrentGCThread "G1 Main Marker" [stack: 0x000000e036700000,0x000000e036800000] [id=3936]
  0x00000211aecd5000 ConcurrentGCThread "G1 Conc#0" [stack: 0x000000e036800000,0x000000e036900000] [id=3988]
  0x00000211aed5c000 ConcurrentGCThread "G1 Refine#0" [stack: 0x000000e036900000,0x000000e036a00000] [id=1056]
  0x00000211aed5d000 ConcurrentGCThread "G1 Young RemSet Sampling" [stack: 0x000000e036a00000,0x000000e036b00000] [id=10248]

Threads with active compile tasks:

VM state:at safepoint (normal execution)

VM Mutex/Monitor currently owned by a thread:  ([mutex/lock_event])
[0x00000211aec87720] Threads_lock - owner thread: 0x00000211c83b1000
[0x00000211aec865b0] Heap_lock - owner thread: 0x00000211aec8b800

Heap address: 0x0000000080000000, size: 2048 MB, Compressed Oops mode: 32-bit
Narrow klass base: 0x0000000000000000, Narrow klass shift: 3
Compressed class space size: 1073741824 Address: 0x0000000100000000

Heap:
 garbage-first heap   total 131072K, used 4476K [0x0000000080000000, 0x0000000100000000)
  region size 1024K, 1 young (1024K), 1 survivors (1024K)
 Metaspace       used 5781K, capacity 5831K, committed 5888K, reserved 1064960K
  class space    used 482K, capacity 497K, committed 512K, reserved 1048576K
Heap Regions: E=young(eden), S=young(survivor), O=old, HS=humongous(starts), HC=humongous(continues), CS=collection set, F=free, A=archive, TAMS=top-at-mark-start (previous, next)
|   0|0x0000000080000000, 0x0000000080100000, 0x0000000080100000|100%|HS|  |TAMS 0x0000000080000000, 0x0000000080100000| Complete 
|   1|0x0000000080100000, 0x0000000080200000, 0x0000000080200000|100%|HC|  |TAMS 0x0000000080100000, 0x0000000080200000| Complete 
|   2|0x0000000080200000, 0x0000000080300000, 0x0000000080300000|100%|HC|  |TAMS 0x0000000080200000, 0x0000000080300000| Complete 
|   3|0x0000000080300000, 0x000000008035f000, 0x0000000080400000| 37%| O|  |TAMS 0x0000000080300000, 0x000000008035f000| Untracked 
|   4|0x0000000080400000, 0x0000000080400000, 0x0000000080500000|  0%| F|  |TAMS 0x0000000080400000, 0x0000000080400000| Untracked 
|   5|0x0000000080500000, 0x0000000080500000, 0x0000000080600000|  0%| F|  |TAMS 0x0000000080500000, 0x0000000080500000| Untracked 
|   6|0x0000000080600000, 0x0000000080600000, 0x0000000080700000|  0%| F|  |TAMS 0x0000000080600000, 0x0000000080600000| Untracked 
|   7|0x0000000080700000, 0x0000000080700000, 0x0000000080800000|  0%| F|  |TAMS 0x0000000080700000, 0x0000000080700000| Untracked 
|   8|0x0000000080800000, 0x0000000080800000, 0x0000000080900000|  0%| F|  |TAMS 0x0000000080800000, 0x0000000080800000| Untracked 
|   9|0x0000000080900000, 0x0000000080900000, 0x0000000080a00000|  0%| F|  |TAMS 0x0000000080900000, 0x0000000080900000| Untracked 
|  10|0x0000000080a00000, 0x0000000080a00000, 0x0000000080b00000|  0%| F|  |TAMS 0x0000000080a00000, 0x0000000080a00000| Untracked 
|  11|0x0000000080b00000, 0x0000000080b00000, 0x0000000080c00000|  0%| F|  |TAMS 0x0000000080b00000, 0x0000000080b00000| Untracked 
|  12|0x0000000080c00000, 0x0000000080c00000, 0x0000000080d00000|  0%| F|  |TAMS 0x0000000080c00000, 0x0000000080c00000| Untracked 
|  13|0x0000000080d00000, 0x0000000080d00000, 0x0000000080e00000|  0%| F|  |TAMS 0x0000000080d00000, 0x0000000080d00000| Untracked 
|  14|0x0000000080e00000, 0x0000000080e00000, 0x0000000080f00000|  0%| F|  |TAMS 0x0000000080e00000, 0x0000000080e00000| Untracked 
|  15|0x0000000080f00000, 0x0000000080f00000, 0x0000000081000000|  0%| F|  |TAMS 0x0000000080f00000, 0x0000000080f00000| Untracked 
|  16|0x0000000081000000, 0x0000000081000000, 0x0000000081100000|  0%| F|  |TAMS 0x0000000081000000, 0x0000000081000000| Untracked 
|  17|0x0000000081100000, 0x0000000081100000, 0x0000000081200000|  0%| F|  |TAMS 0x0000000081100000, 0x0000000081100000| Untracked 
|  18|0x0000000081200000, 0x0000000081200000, 0x0000000081300000|  0%| F|  |TAMS 0x0000000081200000, 0x0000000081200000| Untracked 
|  19|0x0000000081300000, 0x0000000081300000, 0x0000000081400000|  0%| F|  |TAMS 0x0000000081300000, 0x0000000081300000| Untracked 
|  20|0x0000000081400000, 0x0000000081400000, 0x0000000081500000|  0%| F|  |TAMS 0x0000000081400000, 0x0000000081400000| Untracked 
|  21|0x0000000081500000, 0x0000000081500000, 0x0000000081600000|  0%| F|  |TAMS 0x0000000081500000, 0x0000000081500000| Untracked 
|  22|0x0000000081600000, 0x0000000081600000, 0x0000000081700000|  0%| F|  |TAMS 0x0000000081600000, 0x0000000081600000| Untracked 
|  23|0x0000000081700000, 0x0000000081700000, 0x0000000081800000|  0%| F|  |TAMS 0x0000000081700000, 0x0000000081700000| Untracked 
|  24|0x0000000081800000, 0x0000000081800000, 0x0000000081900000|  0%| F|  |TAMS 0x0000000081800000, 0x0000000081800000| Untracked 
|  25|0x0000000081900000, 0x0000000081900000, 0x0000000081a00000|  0%| F|  |TAMS 0x0000000081900000, 0x0000000081900000| Untracked 
|  26|0x0000000081a00000, 0x0000000081a00000, 0x0000000081b00000|  0%| F|  |TAMS 0x0000000081a00000, 0x0000000081a00000| Untracked 
|  27|0x0000000081b00000, 0x0000000081b00000, 0x0000000081c00000|  0%| F|  |TAMS 0x0000000081b00000, 0x0000000081b00000| Untracked 
|  28|0x0000000081c00000, 0x0000000081c00000, 0x0000000081d00000|  0%| F|  |TAMS 0x0000000081c00000, 0x0000000081c00000| Untracked 
|  29|0x0000000081d00000, 0x0000000081d00000, 0x0000000081e00000|  0%| F|  |TAMS 0x0000000081d00000, 0x0000000081d00000| Untracked 
|  30|0x0000000081e00000, 0x0000000081e00000, 0x0000000081f00000|  0%| F|  |TAMS 0x0000000081e00000, 0x0000000081e00000| Untracked 
|  31|0x0000000081f00000, 0x0000000081f00000, 0x0000000082000000|  0%| F|  |TAMS 0x0000000081f00000, 0x0000000081f00000| Untracked 
|  32|0x0000000082000000, 0x0000000082000000, 0x0000000082100000|  0%| F|  |TAMS 0x0000000082000000, 0x0000000082000000| Untracked 
|  33|0x0000000082100000, 0x0000000082100000, 0x0000000082200000|  0%| F|  |TAMS 0x0000000082100000, 0x0000000082100000| Untracked 
|  34|0x0000000082200000, 0x0000000082200000, 0x0000000082300000|  0%| F|  |TAMS 0x0000000082200000, 0x0000000082200000| Untracked 
|  35|0x0000000082300000, 0x0000000082300000, 0x0000000082400000|  0%| F|  |TAMS 0x0000000082300000, 0x0000000082300000| Untracked 
|  36|0x0000000082400000, 0x0000000082400000, 0x0000000082500000|  0%| F|  |TAMS 0x0000000082400000, 0x0000000082400000| Untracked 
|  37|0x0000000082500000, 0x0000000082500000, 0x0000000082600000|  0%| F|  |TAMS 0x0000000082500000, 0x0000000082500000| Untracked 
|  38|0x0000000082600000, 0x0000000082600000, 0x0000000082700000|  0%| F|  |TAMS 0x0000000082600000, 0x0000000082600000| Untracked 
|  39|0x0000000082700000, 0x0000000082700000, 0x0000000082800000|  0%| F|  |TAMS 0x0000000082700000, 0x0000000082700000| Untracked 
|  40|0x0000000082800000, 0x0000000082800000, 0x0000000082900000|  0%| F|  |TAMS 0x0000000082800000, 0x0000000082800000| Untracked 
|  41|0x0000000082900000, 0x0000000082900000, 0x0000000082a00000|  0%| F|  |TAMS 0x0000000082900000, 0x0000000082900000| Untracked 
|  42|0x0000000082a00000, 0x0000000082a00000, 0x0000000082b00000|  0%| F|  |TAMS 0x0000000082a00000, 0x0000000082a00000| Untracked 
|  43|0x0000000082b00000, 0x0000000082b00000, 0x0000000082c00000|  0%| F|  |TAMS 0x0000000082b00000, 0x0000000082b00000| Untracked 
|  44|0x0000000082c00000, 0x0000000082c00000, 0x0000000082d00000|  0%| F|  |TAMS 0x0000000082c00000, 0x0000000082c00000| Untracked 
|  45|0x0000000082d00000, 0x0000000082d00000, 0x0000000082e00000|  0%| F|  |TAMS 0x0000000082d00000, 0x0000000082d00000| Untracked 
|  46|0x0000000082e00000, 0x0000000082e00000, 0x0000000082f00000|  0%| F|  |TAMS 0x0000000082e00000, 0x0000000082e00000| Untracked 
|  47|0x0000000082f00000, 0x0000000082f00000, 0x0000000083000000|  0%| F|  |TAMS 0x0000000082f00000, 0x0000000082f00000| Untracked 
|  48|0x0000000083000000, 0x0000000083000000, 0x0000000083100000|  0%| F|  |TAMS 0x0000000083000000, 0x0000000083000000| Untracked 
|  49|0x0000000083100000, 0x0000000083100000, 0x0000000083200000|  0%| F|  |TAMS 0x0000000083100000, 0x0000000083100000| Untracked 
|  50|0x0000000083200000, 0x0000000083200000, 0x0000000083300000|  0%| F|  |TAMS 0x0000000083200000, 0x0000000083200000| Untracked 
|  51|0x0000000083300000, 0x0000000083300000, 0x0000000083400000|  0%| F|  |TAMS 0x0000000083300000, 0x0000000083300000| Untracked 
|  52|0x0000000083400000, 0x0000000083400000, 0x0000000083500000|  0%| F|  |TAMS 0x0000000083400000, 0x0000000083400000| Untracked 
|  53|0x0000000083500000, 0x0000000083500000, 0x0000000083600000|  0%| F|  |TAMS 0x0000000083500000, 0x0000000083500000| Untracked 
|  54|0x0000000083600000, 0x0000000083600000, 0x0000000083700000|  0%| F|  |TAMS 0x0000000083600000, 0x0000000083600000| Untracked 
|  55|0x0000000083700000, 0x0000000083700000, 0x0000000083800000|  0%| F|  |TAMS 0x0000000083700000, 0x0000000083700000| Untracked 
|  56|0x0000000083800000, 0x0000000083800000, 0x0000000083900000|  0%| F|  |TAMS 0x0000000083800000, 0x0000000083800000| Untracked 
|  57|0x0000000083900000, 0x0000000083900000, 0x0000000083a00000|  0%| F|  |TAMS 0x0000000083900000, 0x0000000083900000| Untracked 
|  58|0x0000000083a00000, 0x0000000083a00000, 0x0000000083b00000|  0%| F|  |TAMS 0x0000000083a00000, 0x0000000083a00000| Untracked 
|  59|0x0000000083b00000, 0x0000000083b00000, 0x0000000083c00000|  0%| F|  |TAMS 0x0000000083b00000, 0x0000000083b00000| Untracked 
|  60|0x0000000083c00000, 0x0000000083c00000, 0x0000000083d00000|  0%| F|  |TAMS 0x0000000083c00000, 0x0000000083c00000| Untracked 
|  61|0x0000000083d00000, 0x0000000083d00000, 0x0000000083e00000|  0%| F|  |TAMS 0x0000000083d00000, 0x0000000083d00000| Untracked 
|  62|0x0000000083e00000, 0x0000000083e00000, 0x0000000083f00000|  0%| F|  |TAMS 0x0000000083e00000, 0x0000000083e00000| Untracked 
|  63|0x0000000083f00000, 0x0000000083f00000, 0x0000000084000000|  0%| F|  |TAMS 0x0000000083f00000, 0x0000000083f00000| Untracked 
|  64|0x0000000084000000, 0x0000000084000000, 0x0000000084100000|  0%| F|  |TAMS 0x0000000084000000, 0x0000000084000000| Untracked 
|  65|0x0000000084100000, 0x0000000084100000, 0x0000000084200000|  0%| F|  |TAMS 0x0000000084100000, 0x0000000084100000| Untracked 
|  66|0x0000000084200000, 0x0000000084200000, 0x0000000084300000|  0%| F|  |TAMS 0x0000000084200000, 0x0000000084200000| Untracked 
|  67|0x0000000084300000, 0x0000000084300000, 0x0000000084400000|  0%| F|  |TAMS 0x0000000084300000, 0x0000000084300000| Untracked 
|  68|0x0000000084400000, 0x0000000084400000, 0x0000000084500000|  0%| F|  |TAMS 0x0000000084400000, 0x0000000084400000| Untracked 
|  69|0x0000000084500000, 0x0000000084500000, 0x0000000084600000|  0%| F|  |TAMS 0x0000000084500000, 0x0000000084500000| Untracked 
|  70|0x0000000084600000, 0x0000000084600000, 0x0000000084700000|  0%| F|  |TAMS 0x0000000084600000, 0x0000000084600000| Untracked 
|  71|0x0000000084700000, 0x0000000084700000, 0x0000000084800000|  0%| F|  |TAMS 0x0000000084700000, 0x0000000084700000| Untracked 
|  72|0x0000000084800000, 0x0000000084800000, 0x0000000084900000|  0%| F|  |TAMS 0x0000000084800000, 0x0000000084800000| Untracked 
|  73|0x0000000084900000, 0x0000000084900000, 0x0000000084a00000|  0%| F|  |TAMS 0x0000000084900000, 0x0000000084900000| Untracked 
|  74|0x0000000084a00000, 0x0000000084a00000, 0x0000000084b00000|  0%| F|  |TAMS 0x0000000084a00000, 0x0000000084a00000| Untracked 
|  75|0x0000000084b00000, 0x0000000084b00000, 0x0000000084c00000|  0%| F|  |TAMS 0x0000000084b00000, 0x0000000084b00000| Untracked 
|  76|0x0000000084c00000, 0x0000000084c00000, 0x0000000084d00000|  0%| F|  |TAMS 0x0000000084c00000, 0x0000000084c00000| Untracked 
|  77|0x0000000084d00000, 0x0000000084d00000, 0x0000000084e00000|  0%| F|  |TAMS 0x0000000084d00000, 0x0000000084d00000| Untracked 
|  78|0x0000000084e00000, 0x0000000084e00000, 0x0000000084f00000|  0%| F|  |TAMS 0x0000000084e00000, 0x0000000084e00000| Untracked 
|  79|0x0000000084f00000, 0x0000000084f00000, 0x0000000085000000|  0%| F|  |TAMS 0x0000000084f00000, 0x0000000084f00000| Untracked 
|  80|0x0000000085000000, 0x0000000085000000, 0x0000000085100000|  0%| F|  |TAMS 0x0000000085000000, 0x0000000085000000| Untracked 
|  81|0x0000000085100000, 0x0000000085100000, 0x0000000085200000|  0%| F|  |TAMS 0x0000000085100000, 0x0000000085100000| Untracked 
|  82|0x0000000085200000, 0x0000000085200000, 0x0000000085300000|  0%| F|  |TAMS 0x0000000085200000, 0x0000000085200000| Untracked 
|  83|0x0000000085300000, 0x0000000085300000, 0x0000000085400000|  0%| F|  |TAMS 0x0000000085300000, 0x0000000085300000| Untracked 
|  84|0x0000000085400000, 0x0000000085400000, 0x0000000085500000|  0%| F|  |TAMS 0x0000000085400000, 0x0000000085400000| Untracked 
|  85|0x0000000085500000, 0x0000000085500000, 0x0000000085600000|  0%| F|  |TAMS 0x0000000085500000, 0x0000000085500000| Untracked 
|  86|0x0000000085600000, 0x0000000085600000, 0x0000000085700000|  0%| F|  |TAMS 0x0000000085600000, 0x0000000085600000| Untracked 
|  87|0x0000000085700000, 0x0000000085700000, 0x0000000085800000|  0%| F|  |TAMS 0x0000000085700000, 0x0000000085700000| Untracked 
|  88|0x0000000085800000, 0x0000000085800000, 0x0000000085900000|  0%| F|  |TAMS 0x0000000085800000, 0x0000000085800000| Untracked 
|  89|0x0000000085900000, 0x0000000085900000, 0x0000000085a00000|  0%| F|  |TAMS 0x0000000085900000, 0x0000000085900000| Untracked 
|  90|0x0000000085a00000, 0x0000000085a00000, 0x0000000085b00000|  0%| F|  |TAMS 0x0000000085a00000, 0x0000000085a00000| Untracked 
|  91|0x0000000085b00000, 0x0000000085b00000, 0x0000000085c00000|  0%| F|  |TAMS 0x0000000085b00000, 0x0000000085b00000| Untracked 
|  92|0x0000000085c00000, 0x0000000085c00000, 0x0000000085d00000|  0%| F|  |TAMS 0x0000000085c00000, 0x0000000085c00000| Untracked 
|  93|0x0000000085d00000, 0x0000000085d00000, 0x0000000085e00000|  0%| F|  |TAMS 0x0000000085d00000, 0x0000000085d00000| Untracked 
|  94|0x0000000085e00000, 0x0000000085e00000, 0x0000000085f00000|  0%| F|  |TAMS 0x0000000085e00000, 0x0000000085e00000| Untracked 
|  95|0x0000000085f00000, 0x0000000085f00000, 0x0000000086000000|  0%| F|  |TAMS 0x0000000085f00000, 0x0000000085f00000| Untracked 
|  96|0x0000000086000000, 0x0000000086000000, 0x0000000086100000|  0%| F|  |TAMS 0x0000000086000000, 0x0000000086000000| Untracked 
|  97|0x0000000086100000, 0x0000000086100000, 0x0000000086200000|  0%| F|  |TAMS 0x0000000086100000, 0x0000000086100000| Untracked 
|  98|0x0000000086200000, 0x0000000086200000, 0x0000000086300000|  0%| F|  |TAMS 0x0000000086200000, 0x0000000086200000| Untracked 
|  99|0x0000000086300000, 0x0000000086300000, 0x0000000086400000|  0%| F|  |TAMS 0x0000000086300000, 0x0000000086300000| Untracked 
| 100|0x0000000086400000, 0x0000000086400000, 0x0000000086500000|  0%| F|  |TAMS 0x0000000086400000, 0x0000000086400000| Untracked 
| 101|0x0000000086500000, 0x0000000086500000, 0x0000000086600000|  0%| F|  |TAMS 0x0000000086500000, 0x0000000086500000| Untracked 
| 102|0x0000000086600000, 0x0000000086600000, 0x0000000086700000|  0%| F|  |TAMS 0x0000000086600000, 0x0000000086600000| Untracked 
| 103|0x0000000086700000, 0x0000000086700000, 0x0000000086800000|  0%| F|  |TAMS 0x0000000086700000, 0x0000000086700000| Untracked 
| 104|0x0000000086800000, 0x0000000086800000, 0x0000000086900000|  0%| F|  |TAMS 0x0000000086800000, 0x0000000086800000| Untracked 
| 105|0x0000000086900000, 0x0000000086900000, 0x0000000086a00000|  0%| F|  |TAMS 0x0000000086900000, 0x0000000086900000| Untracked 
| 106|0x0000000086a00000, 0x0000000086a00000, 0x0000000086b00000|  0%| F|  |TAMS 0x0000000086a00000, 0x0000000086a00000| Untracked 
| 107|0x0000000086b00000, 0x0000000086b00000, 0x0000000086c00000|  0%| F|  |TAMS 0x0000000086b00000, 0x0000000086b00000| Untracked 
| 108|0x0000000086c00000, 0x0000000086c00000, 0x0000000086d00000|  0%| F|  |TAMS 0x0000000086c00000, 0x0000000086c00000| Untracked 
| 109|0x0000000086d00000, 0x0000000086d00000, 0x0000000086e00000|  0%| F|  |TAMS 0x0000000086d00000, 0x0000000086d00000| Untracked 
| 110|0x0000000086e00000, 0x0000000086e00000, 0x0000000086f00000|  0%| F|  |TAMS 0x0000000086e00000, 0x0000000086e00000| Untracked 
| 111|0x0000000086f00000, 0x0000000086f00000, 0x0000000087000000|  0%| F|  |TAMS 0x0000000086f00000, 0x0000000086f00000| Untracked 
| 112|0x0000000087000000, 0x0000000087000000, 0x0000000087100000|  0%| F|  |TAMS 0x0000000087000000, 0x0000000087000000| Untracked 
| 113|0x0000000087100000, 0x0000000087100000, 0x0000000087200000|  0%| F|  |TAMS 0x0000000087100000, 0x0000000087100000| Untracked 
| 114|0x0000000087200000, 0x0000000087200000, 0x0000000087300000|  0%| F|  |TAMS 0x0000000087200000, 0x0000000087200000| Untracked 
| 115|0x0000000087300000, 0x0000000087300000, 0x0000000087400000|  0%| F|  |TAMS 0x0000000087300000, 0x0000000087300000| Untracked 
| 116|0x0000000087400000, 0x0000000087400000, 0x0000000087500000|  0%| F|  |TAMS 0x0000000087400000, 0x0000000087400000| Untracked 
| 117|0x0000000087500000, 0x0000000087500000, 0x0000000087600000|  0%| F|  |TAMS 0x0000000087500000, 0x0000000087500000| Untracked 
| 118|0x0000000087600000, 0x0000000087600000, 0x0000000087700000|  0%| F|  |TAMS 0x0000000087600000, 0x0000000087600000| Untracked 
| 119|0x0000000087700000, 0x0000000087700000, 0x0000000087800000|  0%| F|  |TAMS 0x0000000087700000, 0x0000000087700000| Untracked 
| 120|0x0000000087800000, 0x0000000087800000, 0x0000000087900000|  0%| F|  |TAMS 0x0000000087800000, 0x0000000087800000| Untracked 
| 121|0x0000000087900000, 0x0000000087900000, 0x0000000087a00000|  0%| F|  |TAMS 0x0000000087900000, 0x0000000087900000| Untracked 
| 122|0x0000000087a00000, 0x0000000087a00000, 0x0000000087b00000|  0%| F|  |TAMS 0x0000000087a00000, 0x0000000087a00000| Untracked 
| 123|0x0000000087b00000, 0x0000000087c00000, 0x0000000087c00000|100%| S|CS|TAMS 0x0000000087b00000, 0x0000000087b00000| Complete 
| 124|0x0000000087c00000, 0x0000000087c00000, 0x0000000087d00000|  0%| F|  |TAMS 0x0000000087c00000, 0x0000000087c00000| Untracked 
| 125|0x0000000087d00000, 0x0000000087d00000, 0x0000000087e00000|  0%| F|  |TAMS 0x0000000087d00000, 0x0000000087d00000| Untracked 
| 126|0x0000000087e00000, 0x0000000087e00000, 0x0000000087f00000|  0%| F|  |TAMS 0x0000000087e00000, 0x0000000087e00000| Untracked 
| 127|0x0000000087f00000, 0x0000000087f00000, 0x0000000088000000|  0%| F|  |TAMS 0x0000000087f00000, 0x0000000087f00000| Untracked 

Card table byte_map: [0x00000211c17a0000,0x00000211c1ba0000] _byte_map_base: 0x00000211c13a0000

Marking Bits (Prev, Next): (CMBitMap*) 0x00000211aecc9d08, (CMBitMap*) 0x00000211aecc9d40
 Prev Bits: [0x00000211c1fa0000, 0x00000211c3fa0000)
 Next Bits: [0x00000211c3fa0000, 0x00000211c5fa0000)

Polling page: 0x00000211acc90000

Metaspace:

Usage:
  Non-class:      5.21 MB capacity,     5.17 MB (>99%) used,    33.81 KB ( <1%) free+waste,     1.69 KB ( <1%) overhead. 
      Class:    497.00 KB capacity,   482.72 KB ( 97%) used,    13.47 KB (  3%) free+waste,   832 bytes ( <1%) overhead. 
       Both:      5.69 MB capacity,     5.65 MB (>99%) used,    47.28 KB ( <1%) free+waste,     2.50 KB ( <1%) overhead. 

Virtual space:
  Non-class space:       16.00 MB reserved,       5.25 MB ( 33%) committed 
      Class space:        1.00 GB reserved,     512.00 KB ( <1%) committed 
             Both:        1.02 GB reserved,       5.75 MB ( <1%) committed 

Chunk freelists:
   Non-Class:  42.00 KB
       Class:  15.00 KB
        Both:  57.00 KB

MaxMetaspaceSize: 17179869184.00 GB
CompressedClassSpaceSize: 1.00 GB
Initial GC threshold: 20.80 MB
Current GC threshold: 21.12 MB
CDS: off

CodeHeap 'non-profiled nmethods': size=120064Kb used=55Kb max_used=55Kb free=120008Kb
 bounds [0x00000211ba260000, 0x00000211ba4d0000, 0x00000211c17a0000]
CodeHeap 'profiled nmethods': size=120000Kb used=230Kb max_used=230Kb free=119770Kb
 bounds [0x00000211b2d30000, 0x00000211b2fa0000, 0x00000211ba260000]
CodeHeap 'non-nmethods': size=5696Kb used=1098Kb max_used=1098Kb free=4597Kb
 bounds [0x00000211b27a0000, 0x00000211b2a10000, 0x00000211b2d30000]
 total_blobs=531 nmethods=197 adapters=247
 compilation: enabled
              stopped_count=0, restarted_count=0
 full_count=0

Compilation events (20 events):
Event: 0.404 Thread 0x00000211c83dd800  181       4       java.util.zip.ZipUtils::LG (22 bytes)
Event: 0.404 Thread 0x00000211c840e800  182       1       java.security.CodeSource::getLocationNoFragString (5 bytes)
Event: 0.404 Thread 0x00000211c840e800 nmethod 182 0x00000211ba26b710 code [0x00000211ba26b8c0, 0x00000211ba26b978]
Event: 0.405 Thread 0x00000211c83dd800 nmethod 181 0x00000211ba26ba10 code [0x00000211ba26bba0, 0x00000211ba26bc78]
Event: 0.415 Thread 0x00000211c840e800  184       1       java.lang.Enum::ordinal (5 bytes)
Event: 0.415 Thread 0x00000211c840e800 nmethod 184 0x00000211ba26c090 code [0x00000211ba26c240, 0x00000211ba26c2f8]
Event: 0.415 Thread 0x00000211c840e800  185       3       java.lang.Number::<init> (5 bytes)
Event: 0.415 Thread 0x00000211c840e800 nmethod 185 0x00000211b2d67590 code [0x00000211b2d67740, 0x00000211b2d67898]
Event: 0.416 Thread 0x00000211c840e800  187   !   3       java.lang.ref.ReferenceQueue::poll (28 bytes)
Event: 0.416 Thread 0x00000211c840e800 nmethod 187 0x00000211b2d67990 code [0x00000211b2d67b60, 0x00000211b2d67e88]
Event: 0.417 Thread 0x00000211c840e800  188       3       java.lang.ref.Reference::<init> (25 bytes)
Event: 0.417 Thread 0x00000211c840e800 nmethod 188 0x00000211b2d67f90 code [0x00000211b2d68160, 0x00000211b2d683d8]
Event: 0.419 Thread 0x00000211c840e800  191       3       java.lang.StringLatin1::replace (196 bytes)
Event: 0.420 Thread 0x00000211c840e800 nmethod 191 0x00000211b2d68490 code [0x00000211b2d68700, 0x00000211b2d69358]
Event: 0.424 Thread 0x00000211c840e800  192       1       java.lang.Class::getClassLoader0 (5 bytes)
Event: 0.424 Thread 0x00000211c840e800 nmethod 192 0x00000211ba26cc90 code [0x00000211ba26ce40, 0x00000211ba26cef8]
Event: 0.426 Thread 0x00000211c840e800  194       1       java.lang.invoke.MethodType$ConcurrentWeakInternSet$WeakEntry::hashCode (5 bytes)
Event: 0.426 Thread 0x00000211c840e800 nmethod 194 0x00000211ba26d690 code [0x00000211ba26d840, 0x00000211ba26d8f8]
Event: 0.428 Thread 0x00000211c840e800  197       1       java.lang.invoke.MethodType::returnType (5 bytes)
Event: 0.428 Thread 0x00000211c840e800 nmethod 197 0x00000211ba26dc90 code [0x00000211ba26de40, 0x00000211ba26def8]

GC Heap History (2 events):
Event: 0.429 GC heap before
{Heap before GC invocations=0 (full 0):
 garbage-first heap   total 131072K, used 5120K [0x0000000080000000, 0x0000000100000000)
  region size 1024K, 4 young (4096K), 0 survivors (0K)
 Metaspace       used 5781K, capacity 5831K, committed 5888K, reserved 1062912K
  class space    used 482K, capacity 497K, committed 512K, reserved 1048576K
}
Event: 0.433 GC heap after
{Heap after GC invocations=1 (full 0):
 garbage-first heap   total 131072K, used 4476K [0x0000000080000000, 0x0000000100000000)
  region size 1024K, 1 young (1024K), 1 survivors (1024K)
 Metaspace       used 5781K, capacity 5831K, committed 5888K, reserved 1062912K
  class space    used 482K, capacity 497K, committed 512K, reserved 1048576K
}

Deoptimization events (20 events):
Event: 0.320 Thread 0x00000211aec8b800 DEOPT PACKING pc=0x00000211b2d52dbb sp=0x000000e0365fa790
Event: 0.320 Thread 0x00000211aec8b800 DEOPT UNPACKING pc=0x00000211b27ea95e sp=0x000000e0365f9c60 mode 0
Event: 0.320 Thread 0x00000211aec8b800 DEOPT PACKING pc=0x00000211b2d5340e sp=0x000000e0365fa7c0
Event: 0.320 Thread 0x00000211aec8b800 DEOPT UNPACKING pc=0x00000211b27ea95e sp=0x000000e0365f9c60 mode 0
Event: 0.320 Thread 0x00000211aec8b800 DEOPT PACKING pc=0x00000211b2d52dbb sp=0x000000e0365fa790
Event: 0.321 Thread 0x00000211aec8b800 DEOPT UNPACKING pc=0x00000211b27ea95e sp=0x000000e0365f9c60 mode 0
Event: 0.321 Thread 0x00000211aec8b800 DEOPT PACKING pc=0x00000211b2d5340e sp=0x000000e0365fa7c0
Event: 0.321 Thread 0x00000211aec8b800 DEOPT UNPACKING pc=0x00000211b27ea95e sp=0x000000e0365f9c60 mode 0
Event: 0.321 Thread 0x00000211aec8b800 DEOPT PACKING pc=0x00000211b2d52dbb sp=0x000000e0365fa790
Event: 0.321 Thread 0x00000211aec8b800 DEOPT UNPACKING pc=0x00000211b27ea95e sp=0x000000e0365f9c60 mode 0
Event: 0.321 Thread 0x00000211aec8b800 DEOPT PACKING pc=0x00000211b2d5340e sp=0x000000e0365fa7c0
Event: 0.321 Thread 0x00000211aec8b800 DEOPT UNPACKING pc=0x00000211b27ea95e sp=0x000000e0365f9c60 mode 0
Event: 0.321 Thread 0x00000211aec8b800 DEOPT PACKING pc=0x00000211b2d52dbb sp=0x000000e0365fa790
Event: 0.321 Thread 0x00000211aec8b800 DEOPT UNPACKING pc=0x00000211b27ea95e sp=0x000000e0365f9c60 mode 0
Event: 0.321 Thread 0x00000211aec8b800 DEOPT PACKING pc=0x00000211b2d5340e sp=0x000000e0365fa7c0
Event: 0.321 Thread 0x00000211aec8b800 DEOPT UNPACKING pc=0x00000211b27ea95e sp=0x000000e0365f9c60 mode 0
Event: 0.321 Thread 0x00000211aec8b800 DEOPT PACKING pc=0x00000211b2d52dbb sp=0x000000e0365fa790
Event: 0.321 Thread 0x00000211aec8b800 DEOPT UNPACKING pc=0x00000211b27ea95e sp=0x000000e0365f9c60 mode 0
Event: 0.324 Thread 0x00000211aec8b800 DEOPT PACKING pc=0x00000211b2d5340e sp=0x000000e0365fa7c0
Event: 0.324 Thread 0x00000211aec8b800 DEOPT UNPACKING pc=0x00000211b27ea95e sp=0x000000e0365f9c60 mode 0

Classes redefined (0 events):
No events

Internal exceptions (0 events):
No events

Events (20 events):
Event: 0.427 loading class java/lang/invoke/BoundMethodHandle$Species_L done
Event: 0.427 loading class sun/invoke/util/VerifyType
Event: 0.427 loading class sun/invoke/util/VerifyType done
Event: 0.427 loading class sun/invoke/empty/Empty
Event: 0.427 loading class sun/invoke/empty/Empty done
Event: 0.427 loading class java/lang/invoke/DirectMethodHandle$1
Event: 0.427 loading class java/lang/invoke/DirectMethodHandle$1 done
Event: 0.427 loading class java/lang/invoke/DirectMethodHandle$Accessor
Event: 0.427 loading class java/lang/invoke/DirectMethodHandle$Accessor done
Event: 0.427 loading class sun/invoke/util/Wrapper$1
Event: 0.427 loading class sun/invoke/util/Wrapper$1 done
Event: 0.428 loading class java/lang/invoke/MethodHandleImpl$IntrinsicMethodHandle
Event: 0.428 loading class java/lang/invoke/DelegatingMethodHandle
Event: 0.428 loading class java/lang/invoke/DelegatingMethodHandle done
Event: 0.428 loading class java/lang/invoke/MethodHandleImpl$IntrinsicMethodHandle done
Event: 0.428 loading class java/lang/invoke/DelegatingMethodHandle$Holder
Event: 0.428 loading class java/lang/invoke/DelegatingMethodHandle$Holder done
Event: 0.428 loading class java/lang/invoke/LambdaFormEditor
Event: 0.429 loading class java/lang/invoke/LambdaFormEditor done
Event: 0.429 Executing VM operation: CollectForMetadataAllocation


Dynamic libraries:
0x00007ff632430000 - 0x00007ff63243a000 	C:\Program Files\Android\Android Studio\jre\bin\java.exe
0x00007ffd88700000 - 0x00007ffd88909000 	C:\Windows\SYSTEM32\ntdll.dll
0x00007ffd87ab0000 - 0x00007ffd87b6d000 	C:\Windows\System32\KERNEL32.DLL
0x00007ffd861b0000 - 0x00007ffd86529000 	C:\Windows\System32\KERNELBASE.dll
0x00007ffd85f40000 - 0x00007ffd86051000 	C:\Windows\System32\ucrtbase.dll
0x00007ffd6c6c0000 - 0x00007ffd6c6d9000 	C:\Program Files\Android\Android Studio\jre\bin\jli.dll
0x00007ffd87f80000 - 0x00007ffd8812c000 	C:\Windows\System32\USER32.dll
0x00007ffd86100000 - 0x00007ffd86126000 	C:\Windows\System32\win32u.dll
0x00007ffd869f0000 - 0x00007ffd86a19000 	C:\Windows\System32\GDI32.dll
0x00007ffd85e20000 - 0x00007ffd85f32000 	C:\Windows\System32\gdi32full.dll
0x00007ffd86060000 - 0x00007ffd860fd000 	C:\Windows\System32\msvcp_win.dll
0x00007ffd670a0000 - 0x00007ffd670b7000 	C:\Program Files\Android\Android Studio\jre\bin\VCRUNTIME140.dll
0x00007ffd65730000 - 0x00007ffd659d5000 	C:\Windows\WinSxS\amd64_microsoft.windows.common-controls_6595b64144ccf1df_6.0.22000.120_none_9d947278b86cc467\COMCTL32.dll
0x00007ffd87470000 - 0x00007ffd87513000 	C:\Windows\System32\msvcrt.dll
0x00007ffd86ae0000 - 0x00007ffd86b11000 	C:\Windows\System32\IMM32.DLL
0x00007ffd56b00000 - 0x00007ffd56b9d000 	C:\Program Files\Android\Android Studio\jre\bin\msvcp140.dll
0x00007ffd26de0000 - 0x00007ffd278c5000 	C:\Program Files\Android\Android Studio\jre\bin\server\jvm.dll
0x00007ffd88560000 - 0x00007ffd8860e000 	C:\Windows\System32\ADVAPI32.dll
0x00007ffd86a20000 - 0x00007ffd86abe000 	C:\Windows\System32\sechost.dll
0x00007ffd872d0000 - 0x00007ffd873f0000 	C:\Windows\System32\RPCRT4.dll
0x00007ffd883e0000 - 0x00007ffd883e8000 	C:\Windows\System32\PSAPI.DLL
0x00007ffd672f0000 - 0x00007ffd672f9000 	C:\Windows\SYSTEM32\WSOCK32.dll
0x00007ffd86980000 - 0x00007ffd869ef000 	C:\Windows\System32\WS2_32.dll
0x00007ffd7b6a0000 - 0x00007ffd7b6d3000 	C:\Windows\SYSTEM32\WINMM.dll
0x00007ffd7bb10000 - 0x00007ffd7bb1a000 	C:\Windows\SYSTEM32\VERSION.dll
0x00007ffd84cb0000 - 0x00007ffd84cc8000 	C:\Windows\SYSTEM32\kernel.appcore.dll
0x00007ffd671e0000 - 0x00007ffd671f1000 	C:\Program Files\Android\Android Studio\jre\bin\verify.dll
0x00007ffd73680000 - 0x00007ffd738a1000 	C:\Windows\SYSTEM32\DBGHELP.DLL
0x00007ffd78340000 - 0x00007ffd78371000 	C:\Windows\SYSTEM32\dbgcore.DLL
0x00007ffd86130000 - 0x00007ffd861af000 	C:\Windows\System32\bcryptPrimitives.dll
0x00007ffd58050000 - 0x00007ffd58079000 	C:\Program Files\Android\Android Studio\jre\bin\java.dll
0x00007ffd67030000 - 0x00007ffd6703b000 	C:\Program Files\Android\Android Studio\jre\bin\jimage.dll
0x00007ffd58030000 - 0x00007ffd58048000 	C:\Program Files\Android\Android Studio\jre\bin\zip.dll
0x00007ffd86b20000 - 0x00007ffd872cf000 	C:\Windows\System32\SHELL32.dll
0x00007ffd83d20000 - 0x00007ffd84588000 	C:\Windows\SYSTEM32\windows.storage.dll
0x00007ffd86600000 - 0x00007ffd86978000 	C:\Windows\System32\combase.dll
0x00007ffd83bb0000 - 0x00007ffd83d16000 	C:\Windows\SYSTEM32\wintypes.dll
0x00007ffd87bd0000 - 0x00007ffd87cba000 	C:\Windows\System32\SHCORE.dll
0x00007ffd865a0000 - 0x00007ffd865fd000 	C:\Windows\System32\shlwapi.dll
0x00007ffd85b20000 - 0x00007ffd85b41000 	C:\Windows\SYSTEM32\profapi.dll
0x00007ffd54940000 - 0x00007ffd5495a000 	C:\Program Files\Android\Android Studio\jre\bin\net.dll
0x00007ffd7e4c0000 - 0x00007ffd7e5cc000 	C:\Windows\SYSTEM32\WINHTTP.dll
0x00007ffd850d0000 - 0x00007ffd85137000 	C:\Windows\system32\mswsock.dll
0x00007ffd54920000 - 0x00007ffd54934000 	C:\Program Files\Android\Android Studio\jre\bin\nio.dll

dbghelp: loaded successfully - version: 4.0.5 - missing functions: none
symbol engine: initialized successfully - sym options: 0x614 - pdb path: .;C:\Program Files\Android\Android Studio\jre\bin;C:\Windows\SYSTEM32;C:\Windows\WinSxS\amd64_microsoft.windows.common-controls_6595b64144ccf1df_6.0.22000.120_none_9d947278b86cc467;C:\Program Files\Android\Android Studio\jre\bin\server

VM Arguments:
java_command: org.jetbrains.kotlin.cli.jvm.K2JVMCompiler @C:\Users\Solifir\Desktop\Fil rouge\codingark-mobile-banking-ui-master\app\build\20220615_11150593583059883574.compiler.options
java_class_path (initial): C:\Users\Solifir\.gradle\caches\modules-2\files-2.1\org.jetbrains.kotlin\kotlin-compiler-embeddable\1.6.10\88f2073f4020cdb83132cfe940ceb9a60aba54ea\kotlin-compiler-embeddable-1.6.10.jar;C:\Users\Solifir\.gradle\caches\modules-2\files-2.1\org.jetbrains.kotlin\kotlin-reflect\1.6.10\1cbe9c92c12a94eea200d23c2bbaedaf3daf5132\kotlin-reflect-1.6.10.jar;C:\Users\Solifir\.gradle\caches\modules-2\files-2.1\org.jetbrains.kotlin\kotlin-stdlib\1.6.10\b8af3fe6f1ca88526914929add63cf5e7c5049af\kotlin-stdlib-1.6.10.jar;C:\Users\Solifir\.gradle\caches\modules-2\files-2.1\org.jetbrains.kotlin\kotlin-script-runtime\1.6.10\d0a7ff2e2500ef497ed0214ae40ad3c8387a6164\kotlin-script-runtime-1.6.10.jar;C:\Users\Solifir\.gradle\caches\modules-2\files-2.1\org.jetbrains.kotlin\kotlin-daemon-embeddable\1.6.10\a56d79bcbea411fa6058e4ecffc2de73e742bd2a\kotlin-daemon-embeddable-1.6.10.jar;C:\Users\Solifir\.gradle\caches\modules-2\files-2.1\org.jetbrains.intellij.deps\trove4j\1.0.20181211\216c2e14b070f334479d800987affe4054cd563f\trove4j-1.0.20181211.jar;C:\Users\Solifir\.gradle\caches\modules-2\files-2.1\net.java.dev.jna\jna\5.6.0\330f2244e9030119ab3030fc3fededc86713d9cc\jna-5.6.0.jar;C:\Users\Solifir\.gradle\caches\modules-2\files-2.1\org.jetbrains\annotations\13.0\919f0dfe192fb4e063e7dacadee7f8bb9a2672a9\annotations-13.0.jar;C:\Users\Solifir\.gradle\caches\modules-2\files-2.1\org.jetbrains.kotlin\kotlin-stdlib-common\1.6.10\c118700e3a33c8a0d9adc920e9dec0831171925\kotlin-stdlib-common-1.6.10.jar
Launcher Type: SUN_STANDARD

[Global flags]
     intx CICompilerCount                          = 2                                         {product} {ergonomic}
     uint ConcGCThreads                            = 1                                         {product} {ergonomic}
     uint G1ConcRefinementThreads                  = 2                                         {product} {ergonomic}
   size_t G1HeapRegionSize                         = 1048576                                   {product} {ergonomic}
    uintx GCDrainStackTargetSize                   = 64                                        {product} {ergonomic}
   size_t InitialHeapSize                          = 134217728                                 {product} {ergonomic}
   size_t MarkStackSize                            = 4194304                                   {product} {ergonomic}
   size_t MaxHeapSize                              = 2147483648                                {product} {ergonomic}
   size_t MaxNewSize                               = 1287651328                                {product} {ergonomic}
   size_t MinHeapDeltaBytes                        = 1048576                                   {product} {ergonomic}
    uintx NonNMethodCodeHeapSize                   = 5825164                                {pd product} {ergonomic}
    uintx NonProfiledCodeHeapSize                  = 122916538                              {pd product} {ergonomic}
    uintx ProfiledCodeHeapSize                     = 122916538                              {pd product} {ergonomic}
    uintx ReservedCodeCacheSize                    = 251658240                              {pd product} {ergonomic}
     bool SegmentedCodeCache                       = true                                      {product} {ergonomic}
     bool UseCompressedClassPointers               = true                                 {lp64_product} {ergonomic}
     bool UseCompressedOops                        = true                                 {lp64_product} {ergonomic}
     bool UseG1GC                                  = true                                      {product} {ergonomic}
     bool UseLargePagesIndividualAllocation        = false                                  {pd product} {ergonomic}

Logging:
Log output configuration:
 #0: stdout all=warning uptime,level,tags
 #1: stderr all=off uptime,level,tags

Environment Variables:
JAVA_HOME=C:\Program Files\Java\jre1.8.0_333
PATH=C:\Program Files (x86)\Common Files\Oracle\Java\javapath;C:\Windows\system32;C:\Windows;C:\Windows\System32\Wbem;C:\Windows\System32\WindowsPowerShell\v1.0\;C:\Windows\System32\OpenSSH\;C:\Users\Solifir\AppData\Local\Microsoft\WindowsApps;;C:\Users\Solifir\AppData\Local\Programs\Microsoft VS Code\bin
USERNAME=Solifir
OS=Windows_NT
PROCESSOR_IDENTIFIER=Intel64 Family 6 Model 85 Stepping 4, GenuineIntel



---------------  S Y S T E M  ---------------

OS: Windows 10 , 64 bit Build 22000 (10.0.22000.675)
OS uptime: 1 days 1:09 hours
Hyper-V role detected

CPU:total 2 (initial active 2) (1 cores per cpu, 2 threads per core) family 6 model 85 stepping 4 microcode 0xffffffff, cmov, cx8, fxsr, mmx, sse, sse2, sse3, ssse3, sse4.1, sse4.2, popcnt, avx, avx2, aes, clmul, erms, rtm, 3dnowpref, lzcnt, ht, tsc, bmi1, bmi2, adx, fma

Memory: 4k page, system-wide physical 8190M (767M free)
TotalPageFile size 10238M (AvailPageFile size 5M)
current process WorkingSet (physical memory assigned to process): 43M, peak: 43M
current process commit charge ("private bytes"): 192M, peak: 193M

vm_info: OpenJDK 64-Bit Server VM (11.0.12+7-b1504.28-7817840) for windows-amd64 JRE (11.0.12+7-b1504.28-7817840), built on Oct 13 2021 22:12:33 by "builder" with MS VC++ 14.0 (VS2015)

END.
