#
# There is insufficient memory for the Java Runtime Environment to continue.
# Native memory allocation (mmap) failed to map 159383552 bytes for Failed to commit area from 0x0000000091800000 to 0x000000009b000000 of length 159383552.
# Possible reasons:
#   The system is out of physical RAM or swap space
#   The process is running with CompressedOops enabled, and the Java Heap may be blocking the growth of the native heap
# Possible solutions:
#   Reduce memory load on the system
#   Increase physical memory or swap space
#   Check if swap backing store is full
#   Decrease Java heap size (-Xmx/-Xms)
#   Decrease number of Java threads
#   Decrease Java thread stack sizes (-Xss)
#   Set larger code cache with -XX:ReservedCodeCacheSize=
#   JVM is running with Unscaled Compressed Oops mode in which the Java heap is
#     placed in the first 4GB address space. The Java Heap base address is the
#     maximum limit for the native heap growth. Please use -XX:HeapBaseMinAddress
#     to set the Java Heap base and to place the Java Heap above 4GB virtual address.
# This output file may be truncated or incomplete.
#
#  Out of Memory Error (./src/hotspot/os/windows/os_windows.cpp:3521), pid=2304, tid=7644
#
# JRE version: OpenJDK Runtime Environment (11.0.12+7) (build 11.0.12+7-b1504.28-7817840)
# Java VM: OpenJDK 64-Bit Server VM (11.0.12+7-b1504.28-7817840, mixed mode, tiered, compressed oops, g1 gc, windows-amd64)
# No core dump will be written. Minidumps are not enabled by default on client versions of Windows
#

---------------  S U M M A R Y ------------

Command Line: --add-opens=java.base/java.util=ALL-UNNAMED --add-opens=java.base/java.lang=ALL-UNNAMED --add-opens=java.base/java.lang.invoke=ALL-UNNAMED --add-opens=java.prefs/java.util.prefs=ALL-UNNAMED -Xmx2048m -Dfile.encoding=UTF-8 -Duser.country=US -Duser.language=en -Duser.variant org.gradle.launcher.daemon.bootstrap.GradleDaemon 6.5

Host: Intel(R) Xeon(R) Platinum 8171M CPU @ 2.60GHz, 2 cores, 7G,  Windows 10 , 64 bit Build 22000 (10.0.22000.675)
Time: Wed Jun 15 22:27:16 2022 Coordinated Universal Time elapsed time: 839.530644 seconds (0d 0h 13m 59s)

---------------  T H R E A D  ---------------

Current thread (0x000001c454b22800):  VMThread "VM Thread" [stack: 0x0000006352100000,0x0000006352200000] [id=7644]

Stack: [0x0000006352100000,0x0000006352200000]
[error occurred during error reporting (printing stack bounds), id 0xc0000005, EXCEPTION_ACCESS_VIOLATION (0xc0000005) at pc=0x000001c43ed8112d]

Native frames: (J=compiled Java code, j=interpreted, Vv=VM code, C=native code)
V  [jvm.dll+0x5fbcea]
V  [jvm.dll+0x731905]
V  [jvm.dll+0x732f1d]
V  [jvm.dll+0x733535]
V  [jvm.dll+0x7334eb]
V  [jvm.dll+0x5fb080]
V  [jvm.dll+0x5fb818]
C  [ntdll.dll+0xa8e4f]
C  [ntdll.dll+0x35e9a]
C  [ntdll.dll+0xa7e5e]
C  0x000001c43ed8112d

VM_Operation (0x000000635b5f9680): G1CollectForAllocation, mode: safepoint, requested by thread 0x000001c456d49000


---------------  P R O C E S S  ---------------

Threads class SMR info:
_java_thread_list=0x000001c45dd4ccc0, length=159, elements={
0x000001c43b26b800, 0x000001c454b27800, 0x000001c454b33800, 0x000001c4553c2800,
0x000001c454b44000, 0x000001c454b45000, 0x000001c454b4b000, 0x000001c454b4e000,
0x000001c454b7a800, 0x000001c4554ed000, 0x000001c45662b000, 0x000001c4569a7800,
0x000001c456679800, 0x000001c4570f1800, 0x000001c4570f7800, 0x000001c4570f5800,
0x000001c4570f4000, 0x000001c4579c5800, 0x000001c459deb800, 0x000001c459de4800,
0x000001c459de3800, 0x000001c459de9800, 0x000001c459df0800, 0x000001c459dee000,
0x000001c459df1800, 0x000001c4579c8000, 0x000001c4579c8800, 0x000001c4579c3000,
0x000001c4579c9800, 0x000001c4579c3800, 0x000001c4579ca000, 0x000001c4579c4800,
0x000001c4579cc000, 0x000001c4579ce800, 0x000001c4579cf000, 0x000001c4579d0000,
0x000001c4579d0800, 0x000001c4579cb000, 0x000001c4579d1800, 0x000001c4579cc800,
0x000001c4579cd800, 0x000001c4570f6800, 0x000001c4570f8000, 0x000001c4570f5000,
0x000001c4570f2800, 0x000001c4570f3000, 0x000001c45a177000, 0x000001c45a172800,
0x000001c45a173000, 0x000001c45a178000, 0x000001c45a176800, 0x000001c45a174000,
0x000001c45a179000, 0x000001c45a179800, 0x000001c45a17a800, 0x000001c45a174800,
0x000001c45a17b800, 0x000001c45a175800, 0x000001c45a17c000, 0x000001c45a17d800,
0x000001c45a181000, 0x000001c45a17d000, 0x000001c45a17e800, 0x000001c45a17f800,
0x000001c45a180000, 0x000001c45a163000, 0x000001c45a164800, 0x000001c45a165800,
0x000001c45a167000, 0x000001c45a166800, 0x000001c45a164000, 0x000001c45a168000,
0x000001c45a162800, 0x000001c45a16b800, 0x000001c45a169800, 0x000001c45a16a800,
0x000001c45a16c000, 0x000001c45a16d000, 0x000001c45a16d800, 0x000001c45a16e800,
0x000001c45a169000, 0x000001c45a16f800, 0x000001c45a170000, 0x000001c45a171000,
0x000001c457eef000, 0x000001c457ef2000, 0x000001c457eef800, 0x000001c457ef1000,
0x000001c457ef3800, 0x000001c457ef3000, 0x000001c457ef0800, 0x000001c457ef4800,
0x000001c457efb000, 0x000001c457ef9800, 0x000001c457ef5800, 0x000001c457efa000,
0x000001c457efc000, 0x000001c457ef8800, 0x000001c457ef6000, 0x000001c457efc800,
0x000001c457ef7000, 0x000001c457efd800, 0x000001c457ef7800, 0x000001c45bb9a000,
0x000001c45bb9a800, 0x000001c45bb9b800, 0x000001c45bb9c800, 0x000001c45bb96800,
0x000001c45bb99000, 0x000001c45bb9d000, 0x000001c45bb97800, 0x000001c45bb9e000,
0x000001c45bb98000, 0x000001c45bb9f800, 0x000001c45bba0800, 0x000001c45bba1000,
0x000001c45bba3800, 0x000001c45bba2000, 0x000001c45bba3000, 0x000001c45bba4800,
0x000001c45bb9e800, 0x000001c45bba5800, 0x000001c45beca800, 0x000001c45bec6800,
0x000001c45becc000, 0x000001c45bec9800, 0x000001c45becd000, 0x000001c45bec7000,
0x000001c45becd800, 0x000001c45bec8000, 0x000001c45becb000, 0x000001c45bece800,
0x000001c45bec8800, 0x000001c45becf800, 0x000001c45bed0000, 0x000001c45bed2800,
0x000001c45bed1800, 0x000001c456d42000, 0x000001c456d41000, 0x000001c456d3c000,
0x000001c456d3d000, 0x000001c456d3f800, 0x000001c456d40000, 0x000001c456d42800,
0x000001c456d43800, 0x000001c456d3e000, 0x000001c456d46000, 0x000001c456d49000,
0x000001c456d44800, 0x000001c456d4a000, 0x000001c456d46800, 0x000001c456d47800,
0x000001c456d48800, 0x000001c456d4b000, 0x000001c456d45000, 0x000001c459de5000,
0x000001c459de6000, 0x000001c459de7000, 0x000001c459de7800
}

Java Threads: ( => current thread )
  0x000001c43b26b800 JavaThread "main" [_thread_blocked, id=11260, stack(0x0000006351b00000,0x0000006351c00000)]
  0x000001c454b27800 JavaThread "Reference Handler" daemon [_thread_blocked, id=8824, stack(0x0000006352200000,0x0000006352300000)]
  0x000001c454b33800 JavaThread "Finalizer" daemon [_thread_blocked, id=4768, stack(0x0000006352300000,0x0000006352400000)]
  0x000001c4553c2800 JavaThread "Signal Dispatcher" daemon [_thread_blocked, id=6416, stack(0x0000006352400000,0x0000006352500000)]
  0x000001c454b44000 JavaThread "Attach Listener" daemon [_thread_blocked, id=3652, stack(0x0000006352500000,0x0000006352600000)]
  0x000001c454b45000 JavaThread "Service Thread" daemon [_thread_blocked, id=1900, stack(0x0000006352600000,0x0000006352700000)]
  0x000001c454b4b000 JavaThread "C2 CompilerThread0" daemon [_thread_blocked, id=7112, stack(0x0000006352700000,0x0000006352800000)]
  0x000001c454b4e000 JavaThread "C1 CompilerThread0" daemon [_thread_blocked, id=7940, stack(0x0000006352800000,0x0000006352900000)]
  0x000001c454b7a800 JavaThread "Sweeper thread" daemon [_thread_blocked, id=6116, stack(0x0000006352900000,0x0000006352a00000)]
  0x000001c4554ed000 JavaThread "Common-Cleaner" daemon [_thread_blocked, id=11884, stack(0x0000006352a00000,0x0000006352b00000)]
  0x000001c45662b000 JavaThread "Daemon health stats" [_thread_blocked, id=8560, stack(0x0000006352d00000,0x0000006352e00000)]
  0x000001c4569a7800 JavaThread "Incoming local TCP Connector on port 55633" [_thread_in_native, id=3496, stack(0x0000006353000000,0x0000006353100000)]
  0x000001c456679800 JavaThread "Daemon periodic checks" [_thread_blocked, id=10960, stack(0x0000006353200000,0x0000006353300000)]
  0x000001c4570f1800 JavaThread "Cache worker for journal cache (C:\Users\Solifir\.gradle\caches\journal-1)" [_thread_blocked, id=10784, stack(0x0000006353900000,0x0000006353a00000)]
  0x000001c4570f7800 JavaThread "File lock request listener" [_thread_in_native, id=11852, stack(0x0000006353a00000,0x0000006353b00000)]
  0x000001c4570f5800 JavaThread "Cache worker for file hash cache (C:\Users\Solifir\.gradle\caches\6.5\fileHashes)" [_thread_blocked, id=6244, stack(0x0000006353b00000,0x0000006353c00000)]
  0x000001c4570f4000 JavaThread "Cache worker for execution history cache (C:\Users\Solifir\.gradle\caches\6.5\executionHistory)" [_thread_blocked, id=7576, stack(0x0000006354000000,0x0000006354100000)]
  0x000001c4579c5800 JavaThread "Cache worker for file content cache (C:\Users\Solifir\.gradle\caches\6.5\fileContent)" [_thread_blocked, id=4076, stack(0x0000006354200000,0x0000006354300000)]
  0x000001c459deb800 JavaThread "Memory manager" [_thread_blocked, id=5672, stack(0x000000635bb00000,0x000000635bc00000)]
  0x000001c459de4800 JavaThread "Daemon Thread 2" [_thread_blocked, id=7348, stack(0x0000006351900000,0x0000006351a00000)]
  0x000001c459de3800 JavaThread "Daemon worker Thread 2" [_thread_blocked, id=12952, stack(0x0000006352f00000,0x0000006353000000)]
  0x000001c459de9800 JavaThread "jar transforms Thread 117" [_thread_blocked, id=11832, stack(0x0000006353e00000,0x0000006353f00000)]
  0x000001c459df0800 JavaThread "jar transforms Thread 118" [_thread_blocked, id=10692, stack(0x0000006353f00000,0x0000006354000000)]
  0x000001c459dee000 JavaThread "jar transforms Thread 119" [_thread_blocked, id=8572, stack(0x0000006354100000,0x0000006354200000)]
  0x000001c459df1800 JavaThread "jar transforms Thread 120" [_thread_blocked, id=12228, stack(0x0000006354300000,0x0000006354400000)]
  0x000001c4579c8000 JavaThread "jar transforms Thread 121" [_thread_blocked, id=3800, stack(0x0000006354400000,0x0000006354500000)]
  0x000001c4579c8800 JavaThread "jar transforms Thread 122" [_thread_blocked, id=2532, stack(0x0000006354500000,0x0000006354600000)]
  0x000001c4579c3000 JavaThread "jar transforms Thread 123" [_thread_blocked, id=6528, stack(0x0000006354600000,0x0000006354700000)]
  0x000001c4579c9800 JavaThread "jar transforms Thread 124" [_thread_blocked, id=9564, stack(0x0000006354700000,0x0000006354800000)]
  0x000001c4579c3800 JavaThread "jar transforms Thread 125" [_thread_blocked, id=3000, stack(0x0000006354800000,0x0000006354900000)]
  0x000001c4579ca000 JavaThread "jar transforms Thread 126" [_thread_blocked, id=12068, stack(0x0000006354900000,0x0000006354a00000)]
  0x000001c4579c4800 JavaThread "jar transforms Thread 127" [_thread_blocked, id=6684, stack(0x0000006354a00000,0x0000006354b00000)]
  0x000001c4579cc000 JavaThread "jar transforms Thread 128" [_thread_blocked, id=12728, stack(0x0000006354b00000,0x0000006354c00000)]
  0x000001c4579ce800 JavaThread "jar transforms Thread 129" [_thread_blocked, id=6024, stack(0x0000006354c00000,0x0000006354d00000)]
  0x000001c4579cf000 JavaThread "jar transforms Thread 130" [_thread_blocked, id=7680, stack(0x0000006354d00000,0x0000006354e00000)]
  0x000001c4579d0000 JavaThread "jar transforms Thread 131" [_thread_blocked, id=10500, stack(0x0000006354e00000,0x0000006354f00000)]
  0x000001c4579d0800 JavaThread "jar transforms Thread 132" [_thread_blocked, id=4928, stack(0x0000006354f00000,0x0000006355000000)]
  0x000001c4579cb000 JavaThread "jar transforms Thread 133" [_thread_blocked, id=3828, stack(0x0000006355000000,0x0000006355100000)]
  0x000001c4579d1800 JavaThread "jar transforms Thread 134" [_thread_blocked, id=13040, stack(0x0000006355100000,0x0000006355200000)]
  0x000001c4579cc800 JavaThread "jar transforms Thread 135" [_thread_blocked, id=9740, stack(0x0000006355200000,0x0000006355300000)]
  0x000001c4579cd800 JavaThread "jar transforms Thread 136" [_thread_blocked, id=11548, stack(0x0000006355300000,0x0000006355400000)]
  0x000001c4570f6800 JavaThread "jar transforms Thread 137" [_thread_blocked, id=2680, stack(0x0000006355400000,0x0000006355500000)]
  0x000001c4570f8000 JavaThread "jar transforms Thread 138" [_thread_blocked, id=1188, stack(0x0000006355500000,0x0000006355600000)]
  0x000001c4570f5000 JavaThread "jar transforms Thread 139" [_thread_blocked, id=12500, stack(0x0000006355600000,0x0000006355700000)]
  0x000001c4570f2800 JavaThread "jar transforms Thread 140" [_thread_blocked, id=10916, stack(0x0000006355700000,0x0000006355800000)]
  0x000001c4570f3000 JavaThread "jar transforms Thread 141" [_thread_blocked, id=4164, stack(0x0000006355800000,0x0000006355900000)]
  0x000001c45a177000 JavaThread "jar transforms Thread 142" [_thread_blocked, id=12396, stack(0x0000006355900000,0x0000006355a00000)]
  0x000001c45a172800 JavaThread "jar transforms Thread 143" [_thread_blocked, id=10160, stack(0x0000006355a00000,0x0000006355b00000)]
  0x000001c45a173000 JavaThread "jar transforms Thread 144" [_thread_blocked, id=5276, stack(0x0000006355b00000,0x0000006355c00000)]
  0x000001c45a178000 JavaThread "jar transforms Thread 145" [_thread_blocked, id=12688, stack(0x0000006355c00000,0x0000006355d00000)]
  0x000001c45a176800 JavaThread "jar transforms Thread 146" [_thread_blocked, id=472, stack(0x0000006355d00000,0x0000006355e00000)]
  0x000001c45a174000 JavaThread "jar transforms Thread 147" [_thread_blocked, id=6552, stack(0x0000006355e00000,0x0000006355f00000)]
  0x000001c45a179000 JavaThread "jar transforms Thread 148" [_thread_blocked, id=6768, stack(0x0000006355f00000,0x0000006356000000)]
  0x000001c45a179800 JavaThread "jar transforms Thread 149" [_thread_blocked, id=11048, stack(0x0000006356000000,0x0000006356100000)]
  0x000001c45a17a800 JavaThread "jar transforms Thread 150" [_thread_blocked, id=11596, stack(0x0000006356100000,0x0000006356200000)]
  0x000001c45a174800 JavaThread "jar transforms Thread 151" [_thread_blocked, id=11128, stack(0x0000006356200000,0x0000006356300000)]
  0x000001c45a17b800 JavaThread "jar transforms Thread 152" [_thread_blocked, id=11836, stack(0x0000006356300000,0x0000006356400000)]
  0x000001c45a175800 JavaThread "jar transforms Thread 153" [_thread_blocked, id=10424, stack(0x0000006356400000,0x0000006356500000)]
  0x000001c45a17c000 JavaThread "jar transforms Thread 154" [_thread_blocked, id=1528, stack(0x0000006356500000,0x0000006356600000)]
  0x000001c45a17d800 JavaThread "jar transforms Thread 155" [_thread_blocked, id=12804, stack(0x0000006356600000,0x0000006356700000)]
  0x000001c45a181000 JavaThread "jar transforms Thread 156" [_thread_blocked, id=8288, stack(0x0000006356700000,0x0000006356800000)]
  0x000001c45a17d000 JavaThread "jar transforms Thread 157" [_thread_blocked, id=11412, stack(0x0000006356800000,0x0000006356900000)]
  0x000001c45a17e800 JavaThread "jar transforms Thread 158" [_thread_blocked, id=7092, stack(0x0000006356900000,0x0000006356a00000)]
  0x000001c45a17f800 JavaThread "jar transforms Thread 159" [_thread_blocked, id=11136, stack(0x0000006356a00000,0x0000006356b00000)]
  0x000001c45a180000 JavaThread "jar transforms Thread 160" [_thread_blocked, id=5220, stack(0x0000006356b00000,0x0000006356c00000)]
  0x000001c45a163000 JavaThread "jar transforms Thread 161" [_thread_blocked, id=12676, stack(0x0000006356c00000,0x0000006356d00000)]
  0x000001c45a164800 JavaThread "jar transforms Thread 162" [_thread_blocked, id=6792, stack(0x0000006356d00000,0x0000006356e00000)]
  0x000001c45a165800 JavaThread "jar transforms Thread 163" [_thread_blocked, id=9232, stack(0x0000006356e00000,0x0000006356f00000)]
  0x000001c45a167000 JavaThread "jar transforms Thread 164" [_thread_blocked, id=13052, stack(0x0000006356f00000,0x0000006357000000)]
  0x000001c45a166800 JavaThread "jar transforms Thread 165" [_thread_blocked, id=9252, stack(0x0000006357000000,0x0000006357100000)]
  0x000001c45a164000 JavaThread "jar transforms Thread 166" [_thread_blocked, id=6956, stack(0x0000006357100000,0x0000006357200000)]
  0x000001c45a168000 JavaThread "jar transforms Thread 167" [_thread_blocked, id=11380, stack(0x0000006357200000,0x0000006357300000)]
  0x000001c45a162800 JavaThread "jar transforms Thread 168" [_thread_blocked, id=11440, stack(0x0000006357300000,0x0000006357400000)]
  0x000001c45a16b800 JavaThread "jar transforms Thread 169" [_thread_blocked, id=7772, stack(0x0000006357400000,0x0000006357500000)]
  0x000001c45a169800 JavaThread "jar transforms Thread 170" [_thread_blocked, id=7344, stack(0x0000006357500000,0x0000006357600000)]
  0x000001c45a16a800 JavaThread "jar transforms Thread 171" [_thread_blocked, id=10596, stack(0x0000006357600000,0x0000006357700000)]
  0x000001c45a16c000 JavaThread "jar transforms Thread 172" [_thread_blocked, id=12760, stack(0x0000006357700000,0x0000006357800000)]
  0x000001c45a16d000 JavaThread "jar transforms Thread 173" [_thread_blocked, id=10748, stack(0x0000006357800000,0x0000006357900000)]
  0x000001c45a16d800 JavaThread "jar transforms Thread 174" [_thread_blocked, id=5624, stack(0x0000006357900000,0x0000006357a00000)]
  0x000001c45a16e800 JavaThread "jar transforms Thread 175" [_thread_blocked, id=11400, stack(0x0000006357a00000,0x0000006357b00000)]
  0x000001c45a169000 JavaThread "jar transforms Thread 176" [_thread_blocked, id=1848, stack(0x0000006357b00000,0x0000006357c00000)]
  0x000001c45a16f800 JavaThread "jar transforms Thread 177" [_thread_blocked, id=11416, stack(0x0000006357c00000,0x0000006357d00000)]
  0x000001c45a170000 JavaThread "jar transforms Thread 178" [_thread_blocked, id=2168, stack(0x0000006357d00000,0x0000006357e00000)]
  0x000001c45a171000 JavaThread "jar transforms Thread 179" [_thread_blocked, id=8116, stack(0x0000006357e00000,0x0000006357f00000)]
  0x000001c457eef000 JavaThread "jar transforms Thread 180" [_thread_blocked, id=11276, stack(0x0000006357f00000,0x0000006358000000)]
  0x000001c457ef2000 JavaThread "jar transforms Thread 181" [_thread_blocked, id=10336, stack(0x0000006358000000,0x0000006358100000)]
  0x000001c457eef800 JavaThread "jar transforms Thread 182" [_thread_blocked, id=1828, stack(0x0000006358100000,0x0000006358200000)]
  0x000001c457ef1000 JavaThread "jar transforms Thread 183" [_thread_blocked, id=12352, stack(0x0000006358200000,0x0000006358300000)]
  0x000001c457ef3800 JavaThread "jar transforms Thread 184" [_thread_blocked, id=8208, stack(0x0000006358300000,0x0000006358400000)]
  0x000001c457ef3000 JavaThread "jar transforms Thread 185" [_thread_blocked, id=6088, stack(0x0000006358400000,0x0000006358500000)]
  0x000001c457ef0800 JavaThread "jar transforms Thread 186" [_thread_blocked, id=10888, stack(0x0000006358500000,0x0000006358600000)]
  0x000001c457ef4800 JavaThread "jar transforms Thread 187" [_thread_blocked, id=10316, stack(0x0000006358600000,0x0000006358700000)]
  0x000001c457efb000 JavaThread "jar transforms Thread 188" [_thread_blocked, id=2832, stack(0x0000006358700000,0x0000006358800000)]
  0x000001c457ef9800 JavaThread "jar transforms Thread 189" [_thread_blocked, id=7612, stack(0x0000006358800000,0x0000006358900000)]
  0x000001c457ef5800 JavaThread "jar transforms Thread 190" [_thread_blocked, id=6408, stack(0x0000006358900000,0x0000006358a00000)]
  0x000001c457efa000 JavaThread "jar transforms Thread 191" [_thread_blocked, id=1956, stack(0x0000006358a00000,0x0000006358b00000)]
  0x000001c457efc000 JavaThread "jar transforms Thread 192" [_thread_blocked, id=6392, stack(0x0000006358b00000,0x0000006358c00000)]
  0x000001c457ef8800 JavaThread "jar transforms Thread 193" [_thread_blocked, id=7924, stack(0x0000006358c00000,0x0000006358d00000)]
  0x000001c457ef6000 JavaThread "jar transforms Thread 194" [_thread_blocked, id=7108, stack(0x0000006358d00000,0x0000006358e00000)]
  0x000001c457efc800 JavaThread "jar transforms Thread 195" [_thread_blocked, id=11848, stack(0x0000006358e00000,0x0000006358f00000)]
  0x000001c457ef7000 JavaThread "jar transforms Thread 196" [_thread_blocked, id=11892, stack(0x0000006358f00000,0x0000006359000000)]
  0x000001c457efd800 JavaThread "jar transforms Thread 197" [_thread_blocked, id=10320, stack(0x0000006359000000,0x0000006359100000)]
  0x000001c457ef7800 JavaThread "jar transforms Thread 198" [_thread_blocked, id=13172, stack(0x0000006359100000,0x0000006359200000)]
  0x000001c45bb9a000 JavaThread "jar transforms Thread 199" [_thread_blocked, id=3040, stack(0x0000006359200000,0x0000006359300000)]
  0x000001c45bb9a800 JavaThread "jar transforms Thread 200" [_thread_blocked, id=9824, stack(0x0000006359300000,0x0000006359400000)]
  0x000001c45bb9b800 JavaThread "jar transforms Thread 201" [_thread_blocked, id=8656, stack(0x0000006359400000,0x0000006359500000)]
  0x000001c45bb9c800 JavaThread "jar transforms Thread 202" [_thread_blocked, id=11972, stack(0x0000006359500000,0x0000006359600000)]
  0x000001c45bb96800 JavaThread "jar transforms Thread 203" [_thread_blocked, id=10620, stack(0x0000006359600000,0x0000006359700000)]
  0x000001c45bb99000 JavaThread "jar transforms Thread 204" [_thread_blocked, id=12408, stack(0x0000006359700000,0x0000006359800000)]
  0x000001c45bb9d000 JavaThread "jar transforms Thread 205" [_thread_blocked, id=7788, stack(0x0000006359800000,0x0000006359900000)]
  0x000001c45bb97800 JavaThread "jar transforms Thread 206" [_thread_blocked, id=10668, stack(0x0000006359900000,0x0000006359a00000)]
  0x000001c45bb9e000 JavaThread "jar transforms Thread 207" [_thread_blocked, id=11600, stack(0x0000006359a00000,0x0000006359b00000)]
  0x000001c45bb98000 JavaThread "jar transforms Thread 208" [_thread_blocked, id=9204, stack(0x0000006359b00000,0x0000006359c00000)]
  0x000001c45bb9f800 JavaThread "jar transforms Thread 209" [_thread_blocked, id=11524, stack(0x0000006359c00000,0x0000006359d00000)]
  0x000001c45bba0800 JavaThread "jar transforms Thread 210" [_thread_blocked, id=1868, stack(0x0000006359d00000,0x0000006359e00000)]
  0x000001c45bba1000 JavaThread "jar transforms Thread 211" [_thread_blocked, id=7836, stack(0x0000006359e00000,0x0000006359f00000)]
  0x000001c45bba3800 JavaThread "jar transforms Thread 212" [_thread_blocked, id=4080, stack(0x0000006359f00000,0x000000635a000000)]
  0x000001c45bba2000 JavaThread "jar transforms Thread 213" [_thread_blocked, id=2960, stack(0x000000635a000000,0x000000635a100000)]
  0x000001c45bba3000 JavaThread "jar transforms Thread 214" [_thread_blocked, id=8576, stack(0x000000635a100000,0x000000635a200000)]
  0x000001c45bba4800 JavaThread "jar transforms Thread 215" [_thread_blocked, id=10452, stack(0x000000635a200000,0x000000635a300000)]
  0x000001c45bb9e800 JavaThread "jar transforms Thread 216" [_thread_blocked, id=1404, stack(0x000000635a300000,0x000000635a400000)]
  0x000001c45bba5800 JavaThread "jar transforms Thread 217" [_thread_blocked, id=6904, stack(0x000000635a400000,0x000000635a500000)]
  0x000001c45beca800 JavaThread "jar transforms Thread 218" [_thread_blocked, id=11560, stack(0x000000635a500000,0x000000635a600000)]
  0x000001c45bec6800 JavaThread "jar transforms Thread 219" [_thread_blocked, id=8600, stack(0x000000635a600000,0x000000635a700000)]
  0x000001c45becc000 JavaThread "jar transforms Thread 220" [_thread_blocked, id=11872, stack(0x000000635a700000,0x000000635a800000)]
  0x000001c45bec9800 JavaThread "jar transforms Thread 221" [_thread_blocked, id=376, stack(0x000000635a800000,0x000000635a900000)]
  0x000001c45becd000 JavaThread "jar transforms Thread 222" [_thread_blocked, id=10524, stack(0x000000635a900000,0x000000635aa00000)]
  0x000001c45bec7000 JavaThread "jar transforms Thread 223" [_thread_blocked, id=7364, stack(0x000000635aa00000,0x000000635ab00000)]
  0x000001c45becd800 JavaThread "jar transforms Thread 224" [_thread_blocked, id=10600, stack(0x000000635ab00000,0x000000635ac00000)]
  0x000001c45bec8000 JavaThread "jar transforms Thread 225" [_thread_blocked, id=8720, stack(0x000000635ac00000,0x000000635ad00000)]
  0x000001c45becb000 JavaThread "jar transforms Thread 226" [_thread_blocked, id=11912, stack(0x000000635ad00000,0x000000635ae00000)]
  0x000001c45bece800 JavaThread "jar transforms Thread 227" [_thread_blocked, id=6252, stack(0x000000635ae00000,0x000000635af00000)]
  0x000001c45bec8800 JavaThread "jar transforms Thread 228" [_thread_blocked, id=13284, stack(0x000000635af00000,0x000000635b000000)]
  0x000001c45becf800 JavaThread "jar transforms Thread 229" [_thread_blocked, id=11428, stack(0x000000635b000000,0x000000635b100000)]
  0x000001c45bed0000 JavaThread "jar transforms Thread 230" [_thread_blocked, id=10460, stack(0x000000635b100000,0x000000635b200000)]
  0x000001c45bed2800 JavaThread "jar transforms Thread 231" [_thread_blocked, id=13096, stack(0x000000635b200000,0x000000635b300000)]
  0x000001c45bed1800 JavaThread "jar transforms Thread 232" [_thread_blocked, id=12616, stack(0x000000635b300000,0x000000635b400000)]
  0x000001c456d42000 JavaThread "Handler for socket connection from /127.0.0.1:55633 to /127.0.0.1:55811" [_thread_in_native, id=12976, stack(0x0000006353100000,0x0000006353200000)]
  0x000001c456d41000 JavaThread "Cancel handler" [_thread_blocked, id=8820, stack(0x0000006353300000,0x0000006353400000)]
  0x000001c456d3c000 JavaThread "Asynchronous log dispatcher for DefaultDaemonConnection: socket connection from /127.0.0.1:55633 to /127.0.0.1:55811" [_thread_blocked, id=6512, stack(0x0000006353400000,0x0000006353500000)]
  0x000001c456d3d000 JavaThread "Stdin handler" [_thread_blocked, id=3596, stack(0x0000006353500000,0x0000006353600000)]
  0x000001c456d3f800 JavaThread "Thread-314" [_thread_blocked, id=536, stack(0x0000006353600000,0x0000006353700000)]
  0x000001c456d40000 JavaThread "Cache worker for file hash cache (C:\Users\Solifir\Desktop\Fil rouge\codingark-mobile-banking-ui-master\.gradle\6.5\fileHashes)" [_thread_blocked, id=9408, stack(0x0000006353700000,0x0000006353800000)]
  0x000001c456d42800 JavaThread "Cache worker for checksums cache (C:\Users\Solifir\Desktop\Fil rouge\codingark-mobile-banking-ui-master\.gradle\checksums)" [_thread_blocked, id=8040, stack(0x0000006353800000,0x0000006353900000)]
  0x000001c456d43800 JavaThread "Cache worker for cache directory md-supplier (C:\Users\Solifir\.gradle\caches\6.5\md-supplier)" [_thread_blocked, id=124, stack(0x0000006353c00000,0x0000006353d00000)]
  0x000001c456d3e000 JavaThread "Cache worker for cache directory md-rule (C:\Users\Solifir\.gradle\caches\6.5\md-rule)" [_thread_blocked, id=11368, stack(0x0000006353d00000,0x0000006353e00000)]
  0x000001c456d46000 JavaThread "Build operations" [_thread_blocked, id=4092, stack(0x000000635b400000,0x000000635b500000)]
  0x000001c456d49000 JavaThread "Build operations Thread 2" [_thread_blocked, id=10972, stack(0x000000635b500000,0x000000635b600000)]
  0x000001c456d44800 JavaThread "Cache worker for Build Output Cleanup Cache (C:\Users\Solifir\Desktop\Fil rouge\codingark-mobile-banking-ui-master\.gradle\buildOutputCleanup)" [_thread_blocked, id=10176, stack(0x000000635b600000,0x000000635b700000)]
  0x000001c456d4a000 JavaThread "pool-5-thread-1" [_thread_blocked, id=4372, stack(0x000000635b700000,0x000000635b800000)]
  0x000001c456d46800 JavaThread "build event listener" [_thread_blocked, id=8712, stack(0x000000635b800000,0x000000635b900000)]
  0x000001c456d47800 JavaThread "Cache worker for file content cache (C:\Users\Solifir\Desktop\Fil rouge\codingark-mobile-banking-ui-master\.gradle\6.5\fileContent)" [_thread_blocked, id=12484, stack(0x000000635b900000,0x000000635ba00000)]
  0x000001c456d48800 JavaThread "Execution worker for ':'" [_thread_blocked, id=12560, stack(0x000000635ba00000,0x000000635bb00000)]
  0x000001c456d4b000 JavaThread "Cache worker for execution history cache (C:\Users\Solifir\Desktop\Fil rouge\codingark-mobile-banking-ui-master\.gradle\6.5\executionHistory)" [_thread_blocked, id=13036, stack(0x000000635bc00000,0x000000635bd00000)]
  0x000001c456d45000 JavaThread "WorkerExecutor Queue" [_thread_blocked, id=8044, stack(0x000000635bd00000,0x000000635be00000)]
  0x000001c459de5000 JavaThread "WorkerExecutor Queue Thread 2" [_thread_blocked, id=8944, stack(0x000000635be00000,0x000000635bf00000)]
  0x000001c459de6000 JavaThread "pool-6-thread-1" [_thread_blocked, id=11248, stack(0x000000635bf00000,0x000000635c000000)]
  0x000001c459de7000 JavaThread "stderr" [_thread_in_native, id=3804, stack(0x000000635c000000,0x000000635c100000)]
  0x000001c459de7800 JavaThread "stdout" [_thread_in_native, id=7232, stack(0x000000635c100000,0x000000635c200000)]

Other Threads:
=>0x000001c454b22800 VMThread "VM Thread" [stack: 0x0000006352100000,0x0000006352200000] [id=7644]
  0x000001c455508800 WatcherThread [stack: 0x0000006352b00000,0x0000006352c00000] [id=12212]
  0x000001c43b282800 GCTaskThread "GC Thread#0" [stack: 0x0000006351c00000,0x0000006351d00000] [id=9352]
  0x000001c4555c8000 GCTaskThread "GC Thread#1" [stack: 0x0000006352c00000,0x0000006352d00000] [id=12036]
  0x000001c43b2b3000 ConcurrentGCThread "G1 Main Marker" [stack: 0x0000006351d00000,0x0000006351e00000] [id=6404]
  0x000001c43b2b5800 ConcurrentGCThread "G1 Conc#0" [stack: 0x0000006351e00000,0x0000006351f00000] [id=1132]
  0x000001c43b33e000 ConcurrentGCThread "G1 Refine#0" [stack: 0x0000006351f00000,0x0000006352000000] [id=12880]
  0x000001c43b33f000 ConcurrentGCThread "G1 Young RemSet Sampling" [stack: 0x0000006352000000,0x0000006352100000] [id=9524]

Threads with active compile tasks:
C2 CompilerThread0 839552 19235       4       com.android.tools.r8.graph.K::a (1030 bytes)

VM state:at safepoint (normal execution)

VM Mutex/Monitor currently owned by a thread:  ([mutex/lock_event])
[0x000001c43b267a70] Threads_lock - owner thread: 0x000001c454b22800
[0x000001c43b266e10] Heap_lock - owner thread: 0x000001c456d49000

Heap address: 0x0000000080000000, size: 2048 MB, Compressed Oops mode: 32-bit
Narrow klass base: 0x0000000000000000, Narrow klass shift: 3
Compressed class space size: 1073741824 Address: 0x0000000100000000

Heap:
 garbage-first heap   total 442368K, used 149384K [0x0000000080000000, 0x0000000100000000)
  region size 1024K, 14 young (14336K), 14 survivors (14336K)
 Metaspace       used 107013K, capacity 109681K, committed 109928K, reserved 1144832K
  class space    used 13196K, capacity 14178K, committed 14208K, reserved 1048576K
Heap Regions: E=young(eden), S=young(survivor), O=old, HS=humongous(starts), HC=humongous(continues), CS=collection set, F=free, A=archive, TAMS=top-at-mark-start (previous, next)
|   0|0x0000000080000000, 0x0000000080100000, 0x0000000080100000|100%|HS|  |TAMS 0x0000000080100000, 0x0000000080100000| Complete 
|   1|0x0000000080100000, 0x0000000080200000, 0x0000000080200000|100%|HC|  |TAMS 0x0000000080200000, 0x0000000080200000| Complete 
|   2|0x0000000080200000, 0x0000000080300000, 0x0000000080300000|100%|HC|  |TAMS 0x0000000080300000, 0x0000000080300000| Complete 
|   3|0x0000000080300000, 0x0000000080400000, 0x0000000080400000|100%| O|  |TAMS 0x0000000080400000, 0x0000000080400000| Untracked 
|   4|0x0000000080400000, 0x0000000080500000, 0x0000000080500000|100%| O|  |TAMS 0x0000000080500000, 0x0000000080500000| Untracked 
|   5|0x0000000080500000, 0x0000000080600000, 0x0000000080600000|100%| O|  |TAMS 0x0000000080600000, 0x0000000080600000| Untracked 
|   6|0x0000000080600000, 0x0000000080700000, 0x0000000080700000|100%| O|  |TAMS 0x0000000080700000, 0x0000000080700000| Untracked 
|   7|0x0000000080700000, 0x0000000080800000, 0x0000000080800000|100%| O|  |TAMS 0x0000000080800000, 0x0000000080800000| Untracked 
|   8|0x0000000080800000, 0x0000000080900000, 0x0000000080900000|100%| O|  |TAMS 0x0000000080900000, 0x0000000080900000| Untracked 
|   9|0x0000000080900000, 0x0000000080a00000, 0x0000000080a00000|100%| O|  |TAMS 0x0000000080a00000, 0x0000000080a00000| Untracked 
|  10|0x0000000080a00000, 0x0000000080b00000, 0x0000000080b00000|100%| O|  |TAMS 0x0000000080b00000, 0x0000000080b00000| Untracked 
|  11|0x0000000080b00000, 0x0000000080c00000, 0x0000000080c00000|100%| O|  |TAMS 0x0000000080c00000, 0x0000000080c00000| Untracked 
|  12|0x0000000080c00000, 0x0000000080d00000, 0x0000000080d00000|100%| O|  |TAMS 0x0000000080d00000, 0x0000000080d00000| Untracked 
|  13|0x0000000080d00000, 0x0000000080e00000, 0x0000000080e00000|100%| O|  |TAMS 0x0000000080e00000, 0x0000000080e00000| Untracked 
|  14|0x0000000080e00000, 0x0000000080f00000, 0x0000000080f00000|100%| O|  |TAMS 0x0000000080f00000, 0x0000000080f00000| Untracked 
|  15|0x0000000080f00000, 0x0000000081000000, 0x0000000081000000|100%|HS|  |TAMS 0x0000000081000000, 0x0000000081000000| Complete 
|  16|0x0000000081000000, 0x0000000081100000, 0x0000000081100000|100%|HS|  |TAMS 0x0000000081100000, 0x0000000081100000| Complete 
|  17|0x0000000081100000, 0x0000000081200000, 0x0000000081200000|100%| O|  |TAMS 0x0000000081200000, 0x0000000081200000| Untracked 
|  18|0x0000000081200000, 0x0000000081300000, 0x0000000081300000|100%| O|  |TAMS 0x0000000081300000, 0x0000000081300000| Untracked 
|  19|0x0000000081300000, 0x0000000081400000, 0x0000000081400000|100%| O|  |TAMS 0x0000000081400000, 0x0000000081400000| Untracked 
|  20|0x0000000081400000, 0x0000000081500000, 0x0000000081500000|100%|HS|  |TAMS 0x0000000081500000, 0x0000000081500000| Complete 
|  21|0x0000000081500000, 0x0000000081600000, 0x0000000081600000|100%|HC|  |TAMS 0x0000000081600000, 0x0000000081600000| Complete 
|  22|0x0000000081600000, 0x0000000081700000, 0x0000000081700000|100%|HC|  |TAMS 0x0000000081700000, 0x0000000081700000| Complete 
|  23|0x0000000081700000, 0x0000000081800000, 0x0000000081800000|100%|HS|  |TAMS 0x0000000081800000, 0x0000000081800000| Complete 
|  24|0x0000000081800000, 0x0000000081900000, 0x0000000081900000|100%|HC|  |TAMS 0x0000000081900000, 0x0000000081900000| Complete 
|  25|0x0000000081900000, 0x0000000081a00000, 0x0000000081a00000|100%| O|  |TAMS 0x0000000081a00000, 0x0000000081a00000| Untracked 
|  26|0x0000000081a00000, 0x0000000081b00000, 0x0000000081b00000|100%| O|  |TAMS 0x0000000081b00000, 0x0000000081b00000| Untracked 
|  27|0x0000000081b00000, 0x0000000081c00000, 0x0000000081c00000|100%| O|  |TAMS 0x0000000081c00000, 0x0000000081c00000| Untracked 
|  28|0x0000000081c00000, 0x0000000081d00000, 0x0000000081d00000|100%| O|  |TAMS 0x0000000081d00000, 0x0000000081d00000| Untracked 
|  29|0x0000000081d00000, 0x0000000081e00000, 0x0000000081e00000|100%| O|  |TAMS 0x0000000081e00000, 0x0000000081e00000| Untracked 
|  30|0x0000000081e00000, 0x0000000081f00000, 0x0000000081f00000|100%| O|  |TAMS 0x0000000081f00000, 0x0000000081f00000| Untracked 
|  31|0x0000000081f00000, 0x0000000082000000, 0x0000000082000000|100%| O|  |TAMS 0x0000000082000000, 0x0000000082000000| Untracked 
|  32|0x0000000082000000, 0x0000000082100000, 0x0000000082100000|100%| O|  |TAMS 0x0000000082100000, 0x0000000082100000| Untracked 
|  33|0x0000000082100000, 0x0000000082200000, 0x0000000082200000|100%| O|  |TAMS 0x0000000082200000, 0x0000000082200000| Untracked 
|  34|0x0000000082200000, 0x0000000082300000, 0x0000000082300000|100%| O|  |TAMS 0x0000000082300000, 0x0000000082300000| Untracked 
|  35|0x0000000082300000, 0x0000000082400000, 0x0000000082400000|100%| O|  |TAMS 0x0000000082400000, 0x0000000082400000| Untracked 
|  36|0x0000000082400000, 0x0000000082500000, 0x0000000082500000|100%| O|  |TAMS 0x0000000082500000, 0x0000000082500000| Untracked 
|  37|0x0000000082500000, 0x0000000082600000, 0x0000000082600000|100%| O|  |TAMS 0x0000000082600000, 0x0000000082600000| Untracked 
|  38|0x0000000082600000, 0x0000000082700000, 0x0000000082700000|100%| O|  |TAMS 0x0000000082700000, 0x0000000082700000| Untracked 
|  39|0x0000000082700000, 0x0000000082800000, 0x0000000082800000|100%| O|  |TAMS 0x0000000082800000, 0x0000000082800000| Untracked 
|  40|0x0000000082800000, 0x0000000082900000, 0x0000000082900000|100%| O|  |TAMS 0x0000000082900000, 0x0000000082900000| Untracked 
|  41|0x0000000082900000, 0x0000000082a00000, 0x0000000082a00000|100%| O|  |TAMS 0x0000000082a00000, 0x0000000082a00000| Untracked 
|  42|0x0000000082a00000, 0x0000000082b00000, 0x0000000082b00000|100%| O|  |TAMS 0x0000000082b00000, 0x0000000082b00000| Untracked 
|  43|0x0000000082b00000, 0x0000000082c00000, 0x0000000082c00000|100%| O|  |TAMS 0x0000000082c00000, 0x0000000082c00000| Untracked 
|  44|0x0000000082c00000, 0x0000000082d00000, 0x0000000082d00000|100%| O|  |TAMS 0x0000000082d00000, 0x0000000082d00000| Untracked 
|  45|0x0000000082d00000, 0x0000000082e00000, 0x0000000082e00000|100%| O|  |TAMS 0x0000000082e00000, 0x0000000082e00000| Untracked 
|  46|0x0000000082e00000, 0x0000000082f00000, 0x0000000082f00000|100%| O|  |TAMS 0x0000000082f00000, 0x0000000082f00000| Untracked 
|  47|0x0000000082f00000, 0x0000000083000000, 0x0000000083000000|100%| O|  |TAMS 0x0000000083000000, 0x0000000083000000| Untracked 
|  48|0x0000000083000000, 0x0000000083100000, 0x0000000083100000|100%| O|  |TAMS 0x0000000083100000, 0x0000000083100000| Untracked 
|  49|0x0000000083100000, 0x0000000083200000, 0x0000000083200000|100%| O|  |TAMS 0x0000000083200000, 0x0000000083200000| Untracked 
|  50|0x0000000083200000, 0x0000000083300000, 0x0000000083300000|100%| O|  |TAMS 0x0000000083300000, 0x0000000083300000| Untracked 
|  51|0x0000000083300000, 0x0000000083400000, 0x0000000083400000|100%| O|  |TAMS 0x0000000083400000, 0x0000000083400000| Untracked 
|  52|0x0000000083400000, 0x0000000083500000, 0x0000000083500000|100%| O|  |TAMS 0x0000000083500000, 0x0000000083500000| Untracked 
|  53|0x0000000083500000, 0x0000000083600000, 0x0000000083600000|100%| O|  |TAMS 0x0000000083600000, 0x0000000083600000| Untracked 
|  54|0x0000000083600000, 0x0000000083700000, 0x0000000083700000|100%| O|  |TAMS 0x0000000083700000, 0x0000000083700000| Untracked 
|  55|0x0000000083700000, 0x0000000083800000, 0x0000000083800000|100%| O|  |TAMS 0x0000000083800000, 0x0000000083800000| Untracked 
|  56|0x0000000083800000, 0x0000000083900000, 0x0000000083900000|100%| O|  |TAMS 0x0000000083900000, 0x0000000083900000| Untracked 
|  57|0x0000000083900000, 0x0000000083a00000, 0x0000000083a00000|100%| O|  |TAMS 0x0000000083a00000, 0x0000000083a00000| Untracked 
|  58|0x0000000083a00000, 0x0000000083b00000, 0x0000000083b00000|100%| O|  |TAMS 0x0000000083b00000, 0x0000000083b00000| Untracked 
|  59|0x0000000083b00000, 0x0000000083c00000, 0x0000000083c00000|100%| O|  |TAMS 0x0000000083c00000, 0x0000000083c00000| Untracked 
|  60|0x0000000083c00000, 0x0000000083d00000, 0x0000000083d00000|100%| O|  |TAMS 0x0000000083d00000, 0x0000000083d00000| Untracked 
|  61|0x0000000083d00000, 0x0000000083e00000, 0x0000000083e00000|100%| O|  |TAMS 0x0000000083e00000, 0x0000000083e00000| Untracked 
|  62|0x0000000083e00000, 0x0000000083f00000, 0x0000000083f00000|100%| O|  |TAMS 0x0000000083f00000, 0x0000000083f00000| Untracked 
|  63|0x0000000083f00000, 0x0000000084000000, 0x0000000084000000|100%| O|  |TAMS 0x0000000084000000, 0x0000000084000000| Untracked 
|  64|0x0000000084000000, 0x0000000084100000, 0x0000000084100000|100%| O|  |TAMS 0x0000000084100000, 0x0000000084100000| Untracked 
|  65|0x0000000084100000, 0x0000000084200000, 0x0000000084200000|100%| O|  |TAMS 0x0000000084200000, 0x0000000084200000| Untracked 
|  66|0x0000000084200000, 0x0000000084300000, 0x0000000084300000|100%| O|  |TAMS 0x0000000084300000, 0x0000000084300000| Untracked 
|  67|0x0000000084300000, 0x0000000084400000, 0x0000000084400000|100%| O|  |TAMS 0x0000000084400000, 0x0000000084400000| Untracked 
|  68|0x0000000084400000, 0x0000000084500000, 0x0000000084500000|100%| O|  |TAMS 0x0000000084500000, 0x0000000084500000| Untracked 
|  69|0x0000000084500000, 0x0000000084600000, 0x0000000084600000|100%| O|  |TAMS 0x0000000084600000, 0x0000000084600000| Untracked 
|  70|0x0000000084600000, 0x0000000084700000, 0x0000000084700000|100%| O|  |TAMS 0x0000000084700000, 0x0000000084700000| Untracked 
|  71|0x0000000084700000, 0x0000000084800000, 0x0000000084800000|100%|HS|  |TAMS 0x0000000084800000, 0x0000000084800000| Complete 
|  72|0x0000000084800000, 0x0000000084900000, 0x0000000084900000|100%|HC|  |TAMS 0x0000000084900000, 0x0000000084900000| Complete 
|  73|0x0000000084900000, 0x0000000084a00000, 0x0000000084a00000|100%| O|  |TAMS 0x0000000084a00000, 0x0000000084a00000| Untracked 
|  74|0x0000000084a00000, 0x0000000084b00000, 0x0000000084b00000|100%|HS|  |TAMS 0x0000000084b00000, 0x0000000084b00000| Complete 
|  75|0x0000000084b00000, 0x0000000084c00000, 0x0000000084c00000|100%| O|  |TAMS 0x0000000084c00000, 0x0000000084c00000| Untracked 
|  76|0x0000000084c00000, 0x0000000084d00000, 0x0000000084d00000|100%| O|  |TAMS 0x0000000084d00000, 0x0000000084d00000| Untracked 
|  77|0x0000000084d00000, 0x0000000084e00000, 0x0000000084e00000|100%| O|  |TAMS 0x0000000084e00000, 0x0000000084e00000| Untracked 
|  78|0x0000000084e00000, 0x0000000084f00000, 0x0000000084f00000|100%| O|  |TAMS 0x0000000084f00000, 0x0000000084f00000| Untracked 
|  79|0x0000000084f00000, 0x0000000085000000, 0x0000000085000000|100%| O|  |TAMS 0x0000000085000000, 0x0000000085000000| Untracked 
|  80|0x0000000085000000, 0x0000000085100000, 0x0000000085100000|100%| O|  |TAMS 0x0000000085100000, 0x0000000085100000| Untracked 
|  81|0x0000000085100000, 0x0000000085200000, 0x0000000085200000|100%| O|  |TAMS 0x0000000085200000, 0x0000000085200000| Untracked 
|  82|0x0000000085200000, 0x0000000085300000, 0x0000000085300000|100%| O|  |TAMS 0x0000000085300000, 0x0000000085300000| Untracked 
|  83|0x0000000085300000, 0x0000000085400000, 0x0000000085400000|100%| O|  |TAMS 0x00000000853f6800, 0x0000000085400000| Untracked 
|  84|0x0000000085400000, 0x0000000085500000, 0x0000000085500000|100%| O|  |TAMS 0x0000000085400000, 0x0000000085500000| Untracked 
|  85|0x0000000085500000, 0x0000000085600000, 0x0000000085600000|100%| O|  |TAMS 0x0000000085500000, 0x0000000085600000| Untracked 
|  86|0x0000000085600000, 0x0000000085700000, 0x0000000085700000|100%| O|  |TAMS 0x0000000085600000, 0x0000000085700000| Untracked 
|  87|0x0000000085700000, 0x0000000085800000, 0x0000000085800000|100%| O|  |TAMS 0x0000000085700000, 0x0000000085800000| Untracked 
|  88|0x0000000085800000, 0x0000000085900000, 0x0000000085900000|100%| O|  |TAMS 0x0000000085800000, 0x0000000085900000| Untracked 
|  89|0x0000000085900000, 0x0000000085a00000, 0x0000000085a00000|100%| O|  |TAMS 0x0000000085900000, 0x0000000085a00000| Untracked 
|  90|0x0000000085a00000, 0x0000000085b00000, 0x0000000085b00000|100%| O|  |TAMS 0x0000000085a00000, 0x0000000085b00000| Untracked 
|  91|0x0000000085b00000, 0x0000000085c00000, 0x0000000085c00000|100%| O|  |TAMS 0x0000000085b00000, 0x0000000085c00000| Untracked 
|  92|0x0000000085c00000, 0x0000000085d00000, 0x0000000085d00000|100%| O|  |TAMS 0x0000000085c00000, 0x0000000085d00000| Untracked 
|  93|0x0000000085d00000, 0x0000000085e00000, 0x0000000085e00000|100%| O|  |TAMS 0x0000000085d00000, 0x0000000085e00000| Untracked 
|  94|0x0000000085e00000, 0x0000000085f00000, 0x0000000085f00000|100%| O|  |TAMS 0x0000000085e00000, 0x0000000085f00000| Untracked 
|  95|0x0000000085f00000, 0x0000000086000000, 0x0000000086000000|100%| O|  |TAMS 0x0000000085f00000, 0x0000000086000000| Untracked 
|  96|0x0000000086000000, 0x0000000086100000, 0x0000000086100000|100%| O|  |TAMS 0x0000000086000000, 0x0000000086100000| Untracked 
|  97|0x0000000086100000, 0x0000000086200000, 0x0000000086200000|100%| O|  |TAMS 0x0000000086100000, 0x0000000086200000| Untracked 
|  98|0x0000000086200000, 0x0000000086300000, 0x0000000086300000|100%| O|  |TAMS 0x0000000086200000, 0x0000000086300000| Untracked 
|  99|0x0000000086300000, 0x0000000086400000, 0x0000000086400000|100%| O|  |TAMS 0x0000000086300000, 0x0000000086400000| Untracked 
| 100|0x0000000086400000, 0x0000000086500000, 0x0000000086500000|100%| O|  |TAMS 0x0000000086400000, 0x0000000086500000| Untracked 
| 101|0x0000000086500000, 0x0000000086600000, 0x0000000086600000|100%| O|  |TAMS 0x0000000086500000, 0x0000000086600000| Untracked 
| 102|0x0000000086600000, 0x0000000086700000, 0x0000000086700000|100%| O|  |TAMS 0x0000000086600000, 0x0000000086700000| Untracked 
| 103|0x0000000086700000, 0x0000000086800000, 0x0000000086800000|100%| O|  |TAMS 0x0000000086700000, 0x0000000086800000| Untracked 
| 104|0x0000000086800000, 0x0000000086900000, 0x0000000086900000|100%| O|  |TAMS 0x0000000086800000, 0x0000000086900000| Untracked 
| 105|0x0000000086900000, 0x0000000086a00000, 0x0000000086a00000|100%| O|  |TAMS 0x0000000086900000, 0x0000000086a00000| Untracked 
| 106|0x0000000086a00000, 0x0000000086b00000, 0x0000000086b00000|100%| O|  |TAMS 0x0000000086a00000, 0x0000000086b00000| Untracked 
| 107|0x0000000086b00000, 0x0000000086c00000, 0x0000000086c00000|100%| O|  |TAMS 0x0000000086b00000, 0x0000000086c00000| Untracked 
| 108|0x0000000086c00000, 0x0000000086d00000, 0x0000000086d00000|100%| O|  |TAMS 0x0000000086c00000, 0x0000000086d00000| Untracked 
| 109|0x0000000086d00000, 0x0000000086e00000, 0x0000000086e00000|100%| O|  |TAMS 0x0000000086d00000, 0x0000000086e00000| Untracked 
| 110|0x0000000086e00000, 0x0000000086f00000, 0x0000000086f00000|100%| O|  |TAMS 0x0000000086e00000, 0x0000000086f00000| Untracked 
| 111|0x0000000086f00000, 0x0000000087000000, 0x0000000087000000|100%| O|  |TAMS 0x0000000086f00000, 0x0000000087000000| Untracked 
| 112|0x0000000087000000, 0x0000000087100000, 0x0000000087100000|100%| O|  |TAMS 0x0000000087000000, 0x0000000087100000| Untracked 
| 113|0x0000000087100000, 0x0000000087200000, 0x0000000087200000|100%| O|  |TAMS 0x0000000087100000, 0x0000000087200000| Untracked 
| 114|0x0000000087200000, 0x0000000087300000, 0x0000000087300000|100%| O|  |TAMS 0x0000000087200000, 0x0000000087300000| Untracked 
| 115|0x0000000087300000, 0x0000000087400000, 0x0000000087400000|100%| O|  |TAMS 0x0000000087300000, 0x0000000087400000| Untracked 
| 116|0x0000000087400000, 0x0000000087500000, 0x0000000087500000|100%| O|  |TAMS 0x0000000087400000, 0x0000000087500000| Untracked 
| 117|0x0000000087500000, 0x0000000087600000, 0x0000000087600000|100%| O|  |TAMS 0x0000000087500000, 0x0000000087600000| Untracked 
| 118|0x0000000087600000, 0x0000000087700000, 0x0000000087700000|100%| O|  |TAMS 0x0000000087600000, 0x0000000087700000| Untracked 
| 119|0x0000000087700000, 0x0000000087800000, 0x0000000087800000|100%| O|  |TAMS 0x0000000087700000, 0x0000000087800000| Untracked 
| 120|0x0000000087800000, 0x0000000087900000, 0x0000000087900000|100%| O|  |TAMS 0x0000000087800000, 0x0000000087900000| Untracked 
| 121|0x0000000087900000, 0x0000000087a00000, 0x0000000087a00000|100%| O|  |TAMS 0x0000000087900000, 0x0000000087a00000| Untracked 
| 122|0x0000000087a00000, 0x0000000087b00000, 0x0000000087b00000|100%| O|  |TAMS 0x0000000087a00000, 0x0000000087b00000| Untracked 
| 123|0x0000000087b00000, 0x0000000087c00000, 0x0000000087c00000|100%| O|  |TAMS 0x0000000087b00000, 0x0000000087c00000| Untracked 
| 124|0x0000000087c00000, 0x0000000087d00000, 0x0000000087d00000|100%| O|  |TAMS 0x0000000087c00000, 0x0000000087d00000| Untracked 
| 125|0x0000000087d00000, 0x0000000087e00000, 0x0000000087e00000|100%| O|  |TAMS 0x0000000087d00000, 0x0000000087e00000| Untracked 
| 126|0x0000000087e00000, 0x0000000087f00000, 0x0000000087f00000|100%| O|  |TAMS 0x0000000087e00000, 0x0000000087f00000| Untracked 
| 127|0x0000000087f00000, 0x0000000088000000, 0x0000000088000000|100%| O|  |TAMS 0x0000000087f00000, 0x0000000088000000| Untracked 
| 128|0x0000000088000000, 0x0000000088100000, 0x0000000088100000|100%| O|  |TAMS 0x0000000088000000, 0x0000000088100000| Untracked 
| 129|0x0000000088100000, 0x0000000088200000, 0x0000000088200000|100%| O|  |TAMS 0x0000000088100000, 0x0000000088200000| Untracked 
| 130|0x0000000088200000, 0x0000000088300000, 0x0000000088300000|100%| O|  |TAMS 0x0000000088200000, 0x0000000088300000| Untracked 
| 131|0x0000000088300000, 0x00000000883e2200, 0x0000000088400000| 88%| O|  |TAMS 0x0000000088300000, 0x00000000883e2200| Untracked 
| 132|0x0000000088400000, 0x0000000088400000, 0x0000000088500000|  0%| F|  |TAMS 0x0000000088400000, 0x0000000088400000| Untracked 
| 133|0x0000000088500000, 0x0000000088500000, 0x0000000088600000|  0%| F|  |TAMS 0x0000000088500000, 0x0000000088500000| Untracked 
| 134|0x0000000088600000, 0x0000000088600000, 0x0000000088700000|  0%| F|  |TAMS 0x0000000088600000, 0x0000000088600000| Untracked 
| 135|0x0000000088700000, 0x0000000088700000, 0x0000000088800000|  0%| F|  |TAMS 0x0000000088700000, 0x0000000088700000| Untracked 
| 136|0x0000000088800000, 0x0000000088800000, 0x0000000088900000|  0%| F|  |TAMS 0x0000000088800000, 0x0000000088800000| Untracked 
| 137|0x0000000088900000, 0x0000000088900000, 0x0000000088a00000|  0%| F|  |TAMS 0x0000000088900000, 0x0000000088900000| Untracked 
| 138|0x0000000088a00000, 0x0000000088a00000, 0x0000000088b00000|  0%| F|  |TAMS 0x0000000088a00000, 0x0000000088a00000| Untracked 
| 139|0x0000000088b00000, 0x0000000088b00000, 0x0000000088c00000|  0%| F|  |TAMS 0x0000000088b00000, 0x0000000088b00000| Untracked 
| 140|0x0000000088c00000, 0x0000000088c00000, 0x0000000088d00000|  0%| F|  |TAMS 0x0000000088c00000, 0x0000000088c00000| Untracked 
| 141|0x0000000088d00000, 0x0000000088d00000, 0x0000000088e00000|  0%| F|  |TAMS 0x0000000088d00000, 0x0000000088d00000| Untracked 
| 142|0x0000000088e00000, 0x0000000088e00000, 0x0000000088f00000|  0%| F|  |TAMS 0x0000000088e00000, 0x0000000088e00000| Untracked 
| 143|0x0000000088f00000, 0x0000000088f00000, 0x0000000089000000|  0%| F|  |TAMS 0x0000000088f00000, 0x0000000088f00000| Untracked 
| 144|0x0000000089000000, 0x0000000089000000, 0x0000000089100000|  0%| F|  |TAMS 0x0000000089000000, 0x0000000089000000| Untracked 
| 145|0x0000000089100000, 0x0000000089100000, 0x0000000089200000|  0%| F|  |TAMS 0x0000000089100000, 0x0000000089100000| Untracked 
| 146|0x0000000089200000, 0x0000000089200000, 0x0000000089300000|  0%| F|  |TAMS 0x0000000089200000, 0x0000000089200000| Untracked 
| 147|0x0000000089300000, 0x0000000089300000, 0x0000000089400000|  0%| F|  |TAMS 0x0000000089300000, 0x0000000089300000| Untracked 
| 148|0x0000000089400000, 0x0000000089400000, 0x0000000089500000|  0%| F|  |TAMS 0x0000000089400000, 0x0000000089400000| Untracked 
| 149|0x0000000089500000, 0x0000000089500000, 0x0000000089600000|  0%| F|  |TAMS 0x0000000089500000, 0x0000000089500000| Untracked 
| 150|0x0000000089600000, 0x0000000089600000, 0x0000000089700000|  0%| F|  |TAMS 0x0000000089600000, 0x0000000089600000| Untracked 
| 151|0x0000000089700000, 0x0000000089700000, 0x0000000089800000|  0%| F|  |TAMS 0x0000000089700000, 0x0000000089700000| Untracked 
| 152|0x0000000089800000, 0x0000000089800000, 0x0000000089900000|  0%| F|  |TAMS 0x0000000089800000, 0x0000000089800000| Untracked 
| 153|0x0000000089900000, 0x0000000089900000, 0x0000000089a00000|  0%| F|  |TAMS 0x0000000089900000, 0x0000000089900000| Untracked 
| 154|0x0000000089a00000, 0x0000000089a00000, 0x0000000089b00000|  0%| F|  |TAMS 0x0000000089a00000, 0x0000000089a00000| Untracked 
| 155|0x0000000089b00000, 0x0000000089b00000, 0x0000000089c00000|  0%| F|  |TAMS 0x0000000089b00000, 0x0000000089b00000| Untracked 
| 156|0x0000000089c00000, 0x0000000089d00000, 0x0000000089d00000|100%| S|CS|TAMS 0x0000000089c00000, 0x0000000089c00000| Complete 
| 157|0x0000000089d00000, 0x0000000089e00000, 0x0000000089e00000|100%| S|CS|TAMS 0x0000000089d00000, 0x0000000089d00000| Complete 
| 158|0x0000000089e00000, 0x0000000089f00000, 0x0000000089f00000|100%| S|CS|TAMS 0x0000000089e00000, 0x0000000089e00000| Complete 
| 159|0x0000000089f00000, 0x0000000089f00000, 0x000000008a000000|  0%| F|  |TAMS 0x0000000089f00000, 0x0000000089f00000| Untracked 
| 160|0x000000008a000000, 0x000000008a000000, 0x000000008a100000|  0%| F|  |TAMS 0x000000008a000000, 0x000000008a000000| Untracked 
| 161|0x000000008a100000, 0x000000008a100000, 0x000000008a200000|  0%| F|  |TAMS 0x000000008a100000, 0x000000008a100000| Untracked 
| 162|0x000000008a200000, 0x000000008a200000, 0x000000008a300000|  0%| F|  |TAMS 0x000000008a200000, 0x000000008a200000| Untracked 
| 163|0x000000008a300000, 0x000000008a300000, 0x000000008a400000|  0%| F|  |TAMS 0x000000008a300000, 0x000000008a300000| Untracked 
| 164|0x000000008a400000, 0x000000008a500000, 0x000000008a500000|100%| S|CS|TAMS 0x000000008a400000, 0x000000008a400000| Complete 
| 165|0x000000008a500000, 0x000000008a600000, 0x000000008a600000|100%| S|CS|TAMS 0x000000008a500000, 0x000000008a500000| Complete 
| 166|0x000000008a600000, 0x000000008a700000, 0x000000008a700000|100%| S|CS|TAMS 0x000000008a600000, 0x000000008a600000| Complete 
| 167|0x000000008a700000, 0x000000008a800000, 0x000000008a800000|100%| S|CS|TAMS 0x000000008a700000, 0x000000008a700000| Complete 
| 168|0x000000008a800000, 0x000000008a800000, 0x000000008a900000|  0%| F|  |TAMS 0x000000008a800000, 0x000000008a800000| Untracked 
| 169|0x000000008a900000, 0x000000008a900000, 0x000000008aa00000|  0%| F|  |TAMS 0x000000008a900000, 0x000000008a900000| Untracked 
| 170|0x000000008aa00000, 0x000000008ab00000, 0x000000008ab00000|100%| S|CS|TAMS 0x000000008aa00000, 0x000000008aa00000| Complete 
| 171|0x000000008ab00000, 0x000000008ab00000, 0x000000008ac00000|  0%| F|  |TAMS 0x000000008ab00000, 0x000000008ab00000| Untracked 
| 172|0x000000008ac00000, 0x000000008ac00000, 0x000000008ad00000|  0%| F|  |TAMS 0x000000008ac00000, 0x000000008ac00000| Untracked 
| 173|0x000000008ad00000, 0x000000008ad00000, 0x000000008ae00000|  0%| F|  |TAMS 0x000000008ad00000, 0x000000008ad00000| Untracked 
| 174|0x000000008ae00000, 0x000000008ae00000, 0x000000008af00000|  0%| F|  |TAMS 0x000000008ae00000, 0x000000008ae00000| Untracked 
| 175|0x000000008af00000, 0x000000008af00000, 0x000000008b000000|  0%| F|  |TAMS 0x000000008af00000, 0x000000008af00000| Untracked 
| 176|0x000000008b000000, 0x000000008b100000, 0x000000008b100000|100%| S|CS|TAMS 0x000000008b000000, 0x000000008b000000| Complete 
| 177|0x000000008b100000, 0x000000008b200000, 0x000000008b200000|100%| S|CS|TAMS 0x000000008b100000, 0x000000008b100000| Complete 
| 178|0x000000008b200000, 0x000000008b300000, 0x000000008b300000|100%| S|CS|TAMS 0x000000008b200000, 0x000000008b200000| Complete 
| 179|0x000000008b300000, 0x000000008b400000, 0x000000008b400000|100%| S|CS|TAMS 0x000000008b300000, 0x000000008b300000| Complete 
| 180|0x000000008b400000, 0x000000008b500000, 0x000000008b500000|100%| S|CS|TAMS 0x000000008b400000, 0x000000008b400000| Complete 
| 181|0x000000008b500000, 0x000000008b600000, 0x000000008b600000|100%| S|CS|TAMS 0x000000008b500000, 0x000000008b500000| Complete 
| 182|0x000000008b600000, 0x000000008b600000, 0x000000008b700000|  0%| F|  |TAMS 0x000000008b600000, 0x000000008b600000| Untracked 
| 183|0x000000008b700000, 0x000000008b700000, 0x000000008b800000|  0%| F|  |TAMS 0x000000008b700000, 0x000000008b700000| Untracked 
| 184|0x000000008b800000, 0x000000008b800000, 0x000000008b900000|  0%| F|  |TAMS 0x000000008b800000, 0x000000008b800000| Untracked 
| 185|0x000000008b900000, 0x000000008b900000, 0x000000008ba00000|  0%| F|  |TAMS 0x000000008b900000, 0x000000008b900000| Untracked 
| 186|0x000000008ba00000, 0x000000008ba00000, 0x000000008bb00000|  0%| F|  |TAMS 0x000000008ba00000, 0x000000008ba00000| Untracked 
| 187|0x000000008bb00000, 0x000000008bb00000, 0x000000008bc00000|  0%| F|  |TAMS 0x000000008bb00000, 0x000000008bb00000| Untracked 
| 188|0x000000008bc00000, 0x000000008bc00000, 0x000000008bd00000|  0%| F|  |TAMS 0x000000008bc00000, 0x000000008bc00000| Untracked 
| 189|0x000000008bd00000, 0x000000008bd00000, 0x000000008be00000|  0%| F|  |TAMS 0x000000008bd00000, 0x000000008bd00000| Untracked 
| 190|0x000000008be00000, 0x000000008be00000, 0x000000008bf00000|  0%| F|  |TAMS 0x000000008be00000, 0x000000008be00000| Untracked 
| 191|0x000000008bf00000, 0x000000008bf00000, 0x000000008c000000|  0%| F|  |TAMS 0x000000008bf00000, 0x000000008bf00000| Untracked 
| 192|0x000000008c000000, 0x000000008c000000, 0x000000008c100000|  0%| F|  |TAMS 0x000000008c000000, 0x000000008c000000| Untracked 
| 193|0x000000008c100000, 0x000000008c100000, 0x000000008c200000|  0%| F|  |TAMS 0x000000008c100000, 0x000000008c100000| Untracked 
| 194|0x000000008c200000, 0x000000008c200000, 0x000000008c300000|  0%| F|  |TAMS 0x000000008c200000, 0x000000008c200000| Untracked 
| 195|0x000000008c300000, 0x000000008c300000, 0x000000008c400000|  0%| F|  |TAMS 0x000000008c300000, 0x000000008c300000| Untracked 
| 196|0x000000008c400000, 0x000000008c400000, 0x000000008c500000|  0%| F|  |TAMS 0x000000008c400000, 0x000000008c400000| Untracked 
| 197|0x000000008c500000, 0x000000008c500000, 0x000000008c600000|  0%| F|  |TAMS 0x000000008c500000, 0x000000008c500000| Untracked 
| 198|0x000000008c600000, 0x000000008c600000, 0x000000008c700000|  0%| F|  |TAMS 0x000000008c600000, 0x000000008c600000| Untracked 
| 199|0x000000008c700000, 0x000000008c700000, 0x000000008c800000|  0%| F|  |TAMS 0x000000008c700000, 0x000000008c700000| Untracked 
| 200|0x000000008c800000, 0x000000008c800000, 0x000000008c900000|  0%| F|  |TAMS 0x000000008c800000, 0x000000008c800000| Untracked 
| 201|0x000000008c900000, 0x000000008c900000, 0x000000008ca00000|  0%| F|  |TAMS 0x000000008c900000, 0x000000008c900000| Untracked 
| 202|0x000000008ca00000, 0x000000008ca00000, 0x000000008cb00000|  0%| F|  |TAMS 0x000000008ca00000, 0x000000008ca00000| Untracked 
| 203|0x000000008cb00000, 0x000000008cb00000, 0x000000008cc00000|  0%| F|  |TAMS 0x000000008cb00000, 0x000000008cb00000| Untracked 
| 204|0x000000008cc00000, 0x000000008cc00000, 0x000000008cd00000|  0%| F|  |TAMS 0x000000008cc00000, 0x000000008cc00000| Untracked 
| 205|0x000000008cd00000, 0x000000008cd00000, 0x000000008ce00000|  0%| F|  |TAMS 0x000000008cd00000, 0x000000008cd00000| Untracked 
| 206|0x000000008ce00000, 0x000000008ce00000, 0x000000008cf00000|  0%| F|  |TAMS 0x000000008ce00000, 0x000000008ce00000| Untracked 
| 207|0x000000008cf00000, 0x000000008cf00000, 0x000000008d000000|  0%| F|  |TAMS 0x000000008cf00000, 0x000000008cf00000| Untracked 
| 208|0x000000008d000000, 0x000000008d000000, 0x000000008d100000|  0%| F|  |TAMS 0x000000008d000000, 0x000000008d000000| Untracked 
| 209|0x000000008d100000, 0x000000008d100000, 0x000000008d200000|  0%| F|  |TAMS 0x000000008d100000, 0x000000008d100000| Untracked 
| 210|0x000000008d200000, 0x000000008d200000, 0x000000008d300000|  0%| F|  |TAMS 0x000000008d200000, 0x000000008d200000| Untracked 
| 211|0x000000008d300000, 0x000000008d300000, 0x000000008d400000|  0%| F|  |TAMS 0x000000008d300000, 0x000000008d300000| Untracked 
| 212|0x000000008d400000, 0x000000008d400000, 0x000000008d500000|  0%| F|  |TAMS 0x000000008d400000, 0x000000008d400000| Untracked 
| 213|0x000000008d500000, 0x000000008d500000, 0x000000008d600000|  0%| F|  |TAMS 0x000000008d500000, 0x000000008d500000| Untracked 
| 214|0x000000008d600000, 0x000000008d600000, 0x000000008d700000|  0%| F|  |TAMS 0x000000008d600000, 0x000000008d600000| Untracked 
| 215|0x000000008d700000, 0x000000008d700000, 0x000000008d800000|  0%| F|  |TAMS 0x000000008d700000, 0x000000008d700000| Untracked 
| 216|0x000000008d800000, 0x000000008d800000, 0x000000008d900000|  0%| F|  |TAMS 0x000000008d800000, 0x000000008d800000| Untracked 
| 217|0x000000008d900000, 0x000000008d900000, 0x000000008da00000|  0%| F|  |TAMS 0x000000008d900000, 0x000000008d900000| Untracked 
| 218|0x000000008da00000, 0x000000008da00000, 0x000000008db00000|  0%| F|  |TAMS 0x000000008da00000, 0x000000008da00000| Untracked 
| 219|0x000000008db00000, 0x000000008db00000, 0x000000008dc00000|  0%| F|  |TAMS 0x000000008db00000, 0x000000008db00000| Untracked 
| 220|0x000000008dc00000, 0x000000008dc00000, 0x000000008dd00000|  0%| F|  |TAMS 0x000000008dc00000, 0x000000008dc00000| Untracked 
| 221|0x000000008dd00000, 0x000000008dd00000, 0x000000008de00000|  0%| F|  |TAMS 0x000000008dd00000, 0x000000008dd00000| Untracked 
| 222|0x000000008de00000, 0x000000008de00000, 0x000000008df00000|  0%| F|  |TAMS 0x000000008de00000, 0x000000008de00000| Untracked 
| 223|0x000000008df00000, 0x000000008df00000, 0x000000008e000000|  0%| F|  |TAMS 0x000000008df00000, 0x000000008df00000| Untracked 
| 224|0x000000008e000000, 0x000000008e000000, 0x000000008e100000|  0%| F|  |TAMS 0x000000008e000000, 0x000000008e000000| Untracked 
| 225|0x000000008e100000, 0x000000008e100000, 0x000000008e200000|  0%| F|  |TAMS 0x000000008e100000, 0x000000008e100000| Untracked 
| 226|0x000000008e200000, 0x000000008e200000, 0x000000008e300000|  0%| F|  |TAMS 0x000000008e200000, 0x000000008e200000| Untracked 
| 227|0x000000008e300000, 0x000000008e300000, 0x000000008e400000|  0%| F|  |TAMS 0x000000008e300000, 0x000000008e300000| Untracked 
| 228|0x000000008e400000, 0x000000008e400000, 0x000000008e500000|  0%| F|  |TAMS 0x000000008e400000, 0x000000008e400000| Untracked 
| 229|0x000000008e500000, 0x000000008e500000, 0x000000008e600000|  0%| F|  |TAMS 0x000000008e500000, 0x000000008e500000| Untracked 
| 230|0x000000008e600000, 0x000000008e600000, 0x000000008e700000|  0%| F|  |TAMS 0x000000008e600000, 0x000000008e600000| Untracked 
| 231|0x000000008e700000, 0x000000008e700000, 0x000000008e800000|  0%| F|  |TAMS 0x000000008e700000, 0x000000008e700000| Untracked 
| 232|0x000000008e800000, 0x000000008e800000, 0x000000008e900000|  0%| F|  |TAMS 0x000000008e800000, 0x000000008e800000| Untracked 
| 233|0x000000008e900000, 0x000000008e900000, 0x000000008ea00000|  0%| F|  |TAMS 0x000000008e900000, 0x000000008e900000| Untracked 
| 234|0x000000008ea00000, 0x000000008ea00000, 0x000000008eb00000|  0%| F|  |TAMS 0x000000008ea00000, 0x000000008ea00000| Untracked 
| 235|0x000000008eb00000, 0x000000008eb00000, 0x000000008ec00000|  0%| F|  |TAMS 0x000000008eb00000, 0x000000008eb00000| Untracked 
| 236|0x000000008ec00000, 0x000000008ec00000, 0x000000008ed00000|  0%| F|  |TAMS 0x000000008ec00000, 0x000000008ec00000| Untracked 
| 237|0x000000008ed00000, 0x000000008ed00000, 0x000000008ee00000|  0%| F|  |TAMS 0x000000008ed00000, 0x000000008ed00000| Untracked 
| 238|0x000000008ee00000, 0x000000008ee00000, 0x000000008ef00000|  0%| F|  |TAMS 0x000000008ee00000, 0x000000008ee00000| Untracked 
| 239|0x000000008ef00000, 0x000000008ef00000, 0x000000008f000000|  0%| F|  |TAMS 0x000000008ef00000, 0x000000008ef00000| Untracked 
| 240|0x000000008f000000, 0x000000008f000000, 0x000000008f100000|  0%| F|  |TAMS 0x000000008f000000, 0x000000008f000000| Untracked 
| 241|0x000000008f100000, 0x000000008f100000, 0x000000008f200000|  0%| F|  |TAMS 0x000000008f100000, 0x000000008f100000| Untracked 
| 242|0x000000008f200000, 0x000000008f200000, 0x000000008f300000|  0%| F|  |TAMS 0x000000008f200000, 0x000000008f200000| Untracked 
| 243|0x000000008f300000, 0x000000008f300000, 0x000000008f400000|  0%| F|  |TAMS 0x000000008f300000, 0x000000008f300000| Untracked 
| 244|0x000000008f400000, 0x000000008f400000, 0x000000008f500000|  0%| F|  |TAMS 0x000000008f400000, 0x000000008f400000| Untracked 
| 245|0x000000008f500000, 0x000000008f500000, 0x000000008f600000|  0%| F|  |TAMS 0x000000008f500000, 0x000000008f500000| Untracked 
| 246|0x000000008f600000, 0x000000008f600000, 0x000000008f700000|  0%| F|  |TAMS 0x000000008f600000, 0x000000008f600000| Untracked 
| 247|0x000000008f700000, 0x000000008f700000, 0x000000008f800000|  0%| F|  |TAMS 0x000000008f700000, 0x000000008f700000| Untracked 
| 248|0x000000008f800000, 0x000000008f800000, 0x000000008f900000|  0%| F|  |TAMS 0x000000008f800000, 0x000000008f800000| Untracked 
| 249|0x000000008f900000, 0x000000008f900000, 0x000000008fa00000|  0%| F|  |TAMS 0x000000008f900000, 0x000000008f900000| Untracked 
| 250|0x000000008fa00000, 0x000000008fa00000, 0x000000008fb00000|  0%| F|  |TAMS 0x000000008fa00000, 0x000000008fa00000| Untracked 
| 251|0x000000008fb00000, 0x000000008fb00000, 0x000000008fc00000|  0%| F|  |TAMS 0x000000008fb00000, 0x000000008fb00000| Untracked 
| 252|0x000000008fc00000, 0x000000008fc00000, 0x000000008fd00000|  0%| F|  |TAMS 0x000000008fc00000, 0x000000008fc00000| Untracked 
| 253|0x000000008fd00000, 0x000000008fd00000, 0x000000008fe00000|  0%| F|  |TAMS 0x000000008fd00000, 0x000000008fd00000| Untracked 
| 254|0x000000008fe00000, 0x000000008fe00000, 0x000000008ff00000|  0%| F|  |TAMS 0x000000008fe00000, 0x000000008fe00000| Untracked 
| 255|0x000000008ff00000, 0x000000008ff00000, 0x0000000090000000|  0%| F|  |TAMS 0x000000008ff00000, 0x000000008ff00000| Untracked 
| 256|0x0000000090000000, 0x0000000090000000, 0x0000000090100000|  0%| F|  |TAMS 0x0000000090000000, 0x0000000090000000| Untracked 
| 257|0x0000000090100000, 0x0000000090100000, 0x0000000090200000|  0%| F|  |TAMS 0x0000000090100000, 0x0000000090100000| Untracked 
| 258|0x0000000090200000, 0x0000000090200000, 0x0000000090300000|  0%| F|  |TAMS 0x0000000090200000, 0x0000000090200000| Untracked 
| 259|0x0000000090300000, 0x0000000090300000, 0x0000000090400000|  0%| F|  |TAMS 0x0000000090300000, 0x0000000090300000| Untracked 
| 260|0x0000000090400000, 0x0000000090400000, 0x0000000090500000|  0%| F|  |TAMS 0x0000000090400000, 0x0000000090400000| Untracked 
| 261|0x0000000090500000, 0x0000000090500000, 0x0000000090600000|  0%| F|  |TAMS 0x0000000090500000, 0x0000000090500000| Untracked 
| 262|0x0000000090600000, 0x0000000090600000, 0x0000000090700000|  0%| F|  |TAMS 0x0000000090600000, 0x0000000090600000| Untracked 
| 263|0x0000000090700000, 0x0000000090700000, 0x0000000090800000|  0%| F|  |TAMS 0x0000000090700000, 0x0000000090700000| Untracked 
| 264|0x0000000090800000, 0x0000000090800000, 0x0000000090900000|  0%| F|  |TAMS 0x0000000090800000, 0x0000000090800000| Untracked 
| 265|0x0000000090900000, 0x0000000090900000, 0x0000000090a00000|  0%| F|  |TAMS 0x0000000090900000, 0x0000000090900000| Untracked 
| 266|0x0000000090a00000, 0x0000000090a00000, 0x0000000090b00000|  0%| F|  |TAMS 0x0000000090a00000, 0x0000000090a00000| Untracked 
| 267|0x0000000090b00000, 0x0000000090b00000, 0x0000000090c00000|  0%| F|  |TAMS 0x0000000090b00000, 0x0000000090b00000| Untracked 
| 268|0x0000000090c00000, 0x0000000090c00000, 0x0000000090d00000|  0%| F|  |TAMS 0x0000000090c00000, 0x0000000090c00000| Untracked 
| 269|0x0000000090d00000, 0x0000000090d00000, 0x0000000090e00000|  0%| F|  |TAMS 0x0000000090d00000, 0x0000000090d00000| Untracked 
| 270|0x0000000090e00000, 0x0000000090e00000, 0x0000000090f00000|  0%| F|  |TAMS 0x0000000090e00000, 0x0000000090e00000| Untracked 
| 271|0x0000000090f00000, 0x0000000090f00000, 0x0000000091000000|  0%| F|  |TAMS 0x0000000090f00000, 0x0000000090f00000| Untracked 
| 272|0x0000000091000000, 0x0000000091000000, 0x0000000091100000|  0%| F|  |TAMS 0x0000000091000000, 0x0000000091000000| Untracked 
| 273|0x0000000091100000, 0x0000000091100000, 0x0000000091200000|  0%| F|  |TAMS 0x0000000091100000, 0x0000000091100000| Untracked 
| 274|0x0000000091200000, 0x0000000091200000, 0x0000000091300000|  0%| F|  |TAMS 0x0000000091200000, 0x0000000091200000| Untracked 
| 275|0x0000000091300000, 0x0000000091300000, 0x0000000091400000|  0%| F|  |TAMS 0x0000000091300000, 0x0000000091300000| Untracked 
| 276|0x0000000091400000, 0x0000000091400000, 0x0000000091500000|  0%| F|  |TAMS 0x0000000091400000, 0x0000000091400000| Untracked 
| 277|0x0000000091500000, 0x0000000091500000, 0x0000000091600000|  0%| F|  |TAMS 0x0000000091500000, 0x0000000091500000| Untracked 
| 278|0x0000000091600000, 0x0000000091600000, 0x0000000091700000|  0%| F|  |TAMS 0x0000000091600000, 0x0000000091600000| Untracked 
| 279|0x0000000091700000, 0x0000000091700000, 0x0000000091800000|  0%| F|  |TAMS 0x0000000091700000, 0x0000000091700000| Untracked 

Card table byte_map: [0x000001c44e180000,0x000001c44e580000] _byte_map_base: 0x000001c44dd80000

Marking Bits (Prev, Next): (CMBitMap*) 0x000001c43b2aa6c8, (CMBitMap*) 0x000001c43b2aa700
 Prev Bits: [0x000001c44e980000, 0x000001c450980000)
 Next Bits: [0x000001c450980000, 0x000001c452980000)

Polling page: 0x000001c43aa50000

Metaspace:

Usage:
  Non-class:     93.26 MB capacity,    91.62 MB ( 98%) used,     1.34 MB (  1%) free+waste,   317.88 KB ( <1%) overhead. 
      Class:     13.85 MB capacity,    12.89 MB ( 93%) used,   843.41 KB (  6%) free+waste,   138.56 KB ( <1%) overhead. 
       Both:    107.11 MB capacity,   104.51 MB ( 98%) used,     2.16 MB (  2%) free+waste,   456.44 KB ( <1%) overhead. 

Virtual space:
  Non-class space:       94.00 MB reserved,      93.48 MB (>99%) committed 
      Class space:        1.00 GB reserved,      13.88 MB (  1%) committed 
             Both:        1.09 GB reserved,     107.35 MB ( 10%) committed 

Chunk freelists:
   Non-Class:  25.00 KB
       Class:  0 bytes
        Both:  25.00 KB

MaxMetaspaceSize: 17179869184.00 GB
CompressedClassSpaceSize: 1.00 GB
Initial GC threshold: 20.80 MB
Current GC threshold: 165.38 MB
CDS: off

CodeHeap 'non-profiled nmethods': size=120064Kb used=10673Kb max_used=10673Kb free=109391Kb
 bounds [0x000001c446840000, 0x000001c447310000, 0x000001c44dd80000]
CodeHeap 'profiled nmethods': size=120000Kb used=42337Kb max_used=42814Kb free=77662Kb
 bounds [0x000001c43f310000, 0x000001c441d30000, 0x000001c446840000]
CodeHeap 'non-nmethods': size=5696Kb used=2421Kb max_used=2504Kb free=3274Kb
 bounds [0x000001c43ed80000, 0x000001c43f010000, 0x000001c43f310000]
 total_blobs=19211 nmethods=18271 adapters=851
 compilation: enabled
              stopped_count=0, restarted_count=0
 full_count=0

Compilation events (20 events):
Event: 838.979 Thread 0x000001c454b4e000 19442       2       com.android.tools.r8.ir.optimize.info.l::<init> (26 bytes)
Event: 838.979 Thread 0x000001c454b4e000 nmethod 19442 0x000001c43fd8dd90 code [0x000001c43fd8df40, 0x000001c43fd8e118]
Event: 839.041 Thread 0x000001c454b4e000 19443       2       java.util.ArrayList::lastIndexOfRange (75 bytes)
Event: 839.041 Thread 0x000001c454b4e000 nmethod 19443 0x000001c43fd8d710 code [0x000001c43fd8d8e0, 0x000001c43fd8db88]
Event: 839.062 Thread 0x000001c454b4e000 19444       2       com.android.tools.r8.s.b.a::d (10 bytes)
Event: 839.063 Thread 0x000001c454b4e000 nmethod 19444 0x000001c43f784310 code [0x000001c43f7844c0, 0x000001c43f784648]
Event: 839.070 Thread 0x000001c454b4e000 19445       2       com.android.tools.r8.s.b.k0::L0 (13 bytes)
Event: 839.071 Thread 0x000001c454b4e000 nmethod 19445 0x000001c43f783f90 code [0x000001c43f784140, 0x000001c43f784258]
Event: 839.126 Thread 0x000001c454b4e000 19446       2       com.android.tools.r8.ir.optimize.r::a (51 bytes)
Event: 839.127 Thread 0x000001c454b4e000 nmethod 19446 0x000001c43f783a90 code [0x000001c43f783c60, 0x000001c43f783e08]
Event: 839.142 Thread 0x000001c454b4b000 nmethod 19228 0x000001c4472f5990 code [0x000001c4472f61a0, 0x000001c4472ffd00]
Event: 839.142 Thread 0x000001c454b4b000 19235       4       com.android.tools.r8.graph.K::a (1030 bytes)
Event: 839.182 Thread 0x000001c454b4e000 19448       2       com.android.tools.r8.s.b.x::b (91 bytes)
Event: 839.183 Thread 0x000001c454b4e000 nmethod 19448 0x000001c43f783090 code [0x000001c43f7832e0, 0x000001c43f7836c8]
Event: 839.248 Thread 0x000001c454b4e000 19450 %     3       com.android.tools.r8.ir.optimize.l::b @ 34 (158 bytes)
Event: 839.251 Thread 0x000001c454b4e000 nmethod 19450% 0x000001c43f5a4390 code [0x000001c43f5a48a0, 0x000001c43f5a7708]
Event: 839.251 Thread 0x000001c454b4e000 19451       3       com.android.tools.r8.ir.optimize.l::b (158 bytes)
Event: 839.254 Thread 0x000001c454b4e000 nmethod 19451 0x000001c43f64cf90 code [0x000001c43f64d4a0, 0x000001c43f650248]
Event: 839.341 Thread 0x000001c454b4e000 19453       2       java.util.PriorityQueue::clear (43 bytes)
Event: 839.342 Thread 0x000001c454b4e000 nmethod 19453 0x000001c43f5a3e90 code [0x000001c43f5a4040, 0x000001c43f5a41f8]

GC Heap History (20 events):
Event: 827.854 GC heap after
{Heap after GC invocations=31 (full 0):
 garbage-first heap   total 286720K, used 124220K [0x0000000080000000, 0x0000000100000000)
  region size 1024K, 2 young (2048K), 2 survivors (2048K)
 Metaspace       used 106590K, capacity 109246K, committed 109416K, reserved 1144832K
  class space    used 13180K, capacity 14135K, committed 14208K, reserved 1048576K
}
Event: 829.271 GC heap before
{Heap before GC invocations=31 (full 0):
 garbage-first heap   total 286720K, used 232764K [0x0000000080000000, 0x0000000100000000)
  region size 1024K, 108 young (110592K), 2 survivors (2048K)
 Metaspace       used 106640K, capacity 109318K, committed 109416K, reserved 1144832K
  class space    used 13180K, capacity 14135K, committed 14208K, reserved 1048576K
}
Event: 829.292 GC heap after
{Heap after GC invocations=32 (full 0):
 garbage-first heap   total 286720K, used 126005K [0x0000000080000000, 0x0000000100000000)
  region size 1024K, 4 young (4096K), 4 survivors (4096K)
 Metaspace       used 106640K, capacity 109318K, committed 109416K, reserved 1144832K
  class space    used 13180K, capacity 14135K, committed 14208K, reserved 1048576K
}
Event: 830.401 GC heap before
{Heap before GC invocations=32 (full 0):
 garbage-first heap   total 286720K, used 235573K [0x0000000080000000, 0x0000000100000000)
  region size 1024K, 111 young (113664K), 4 survivors (4096K)
 Metaspace       used 106678K, capacity 109321K, committed 109416K, reserved 1144832K
  class space    used 13180K, capacity 14135K, committed 14208K, reserved 1048576K
}
Event: 830.429 GC heap after
{Heap after GC invocations=33 (full 0):
 garbage-first heap   total 286720K, used 127292K [0x0000000080000000, 0x0000000100000000)
  region size 1024K, 5 young (5120K), 5 survivors (5120K)
 Metaspace       used 106678K, capacity 109321K, committed 109416K, reserved 1144832K
  class space    used 13180K, capacity 14135K, committed 14208K, reserved 1048576K
}
Event: 831.693 GC heap before
{Heap before GC invocations=33 (full 0):
 garbage-first heap   total 286720K, used 237884K [0x0000000080000000, 0x0000000100000000)
  region size 1024K, 113 young (115712K), 5 survivors (5120K)
 Metaspace       used 106710K, capacity 109399K, committed 109672K, reserved 1144832K
  class space    used 13185K, capacity 14139K, committed 14208K, reserved 1048576K
}
Event: 831.734 GC heap after
{Heap after GC invocations=34 (full 0):
 garbage-first heap   total 286720K, used 129798K [0x0000000080000000, 0x0000000100000000)
  region size 1024K, 8 young (8192K), 8 survivors (8192K)
 Metaspace       used 106710K, capacity 109399K, committed 109672K, reserved 1144832K
  class space    used 13185K, capacity 14139K, committed 14208K, reserved 1048576K
}
Event: 832.588 GC heap before
{Heap before GC invocations=34 (full 0):
 garbage-first heap   total 286720K, used 239366K [0x0000000080000000, 0x0000000100000000)
  region size 1024K, 115 young (117760K), 8 survivors (8192K)
 Metaspace       used 106753K, capacity 109437K, committed 109672K, reserved 1144832K
  class space    used 13193K, capacity 14173K, committed 14208K, reserved 1048576K
}
Event: 832.623 GC heap after
{Heap after GC invocations=35 (full 0):
 garbage-first heap   total 286720K, used 131388K [0x0000000080000000, 0x0000000100000000)
  region size 1024K, 9 young (9216K), 9 survivors (9216K)
 Metaspace       used 106753K, capacity 109437K, committed 109672K, reserved 1144832K
  class space    used 13193K, capacity 14173K, committed 14208K, reserved 1048576K
}
Event: 833.593 GC heap before
{Heap before GC invocations=35 (full 0):
 garbage-first heap   total 286720K, used 241980K [0x0000000080000000, 0x0000000100000000)
  region size 1024K, 117 young (119808K), 9 survivors (9216K)
 Metaspace       used 106762K, capacity 109437K, committed 109672K, reserved 1144832K
  class space    used 13193K, capacity 14173K, committed 14208K, reserved 1048576K
}
Event: 833.635 GC heap after
{Heap after GC invocations=36 (full 0):
 garbage-first heap   total 286720K, used 132304K [0x0000000080000000, 0x0000000100000000)
  region size 1024K, 9 young (9216K), 9 survivors (9216K)
 Metaspace       used 106762K, capacity 109437K, committed 109672K, reserved 1144832K
  class space    used 13193K, capacity 14173K, committed 14208K, reserved 1048576K
}
Event: 834.846 GC heap before
{Heap before GC invocations=36 (full 0):
 garbage-first heap   total 286720K, used 243920K [0x0000000080000000, 0x0000000100000000)
  region size 1024K, 118 young (120832K), 9 survivors (9216K)
 Metaspace       used 106778K, capacity 109437K, committed 109672K, reserved 1144832K
  class space    used 13193K, capacity 14173K, committed 14208K, reserved 1048576K
}
Event: 834.964 GC heap after
{Heap after GC invocations=37 (full 0):
 garbage-first heap   total 286720K, used 133650K [0x0000000080000000, 0x0000000100000000)
  region size 1024K, 8 young (8192K), 8 survivors (8192K)
 Metaspace       used 106778K, capacity 109437K, committed 109672K, reserved 1144832K
  class space    used 13193K, capacity 14173K, committed 14208K, reserved 1048576K
}
Event: 836.234 GC heap before
{Heap before GC invocations=37 (full 0):
 garbage-first heap   total 286720K, used 246290K [0x0000000080000000, 0x0000000100000000)
  region size 1024K, 117 young (119808K), 8 survivors (8192K)
 Metaspace       used 106967K, capacity 109657K, committed 109928K, reserved 1144832K
  class space    used 13193K, capacity 14174K, committed 14208K, reserved 1048576K
}
Event: 836.282 GC heap after
{Heap after GC invocations=38 (full 0):
 garbage-first heap   total 286720K, used 135186K [0x0000000080000000, 0x0000000100000000)
  region size 1024K, 9 young (9216K), 9 survivors (9216K)
 Metaspace       used 106967K, capacity 109657K, committed 109928K, reserved 1144832K
  class space    used 13193K, capacity 14174K, committed 14208K, reserved 1048576K
}
Event: 837.486 GC heap before
{Heap before GC invocations=38 (full 0):
 garbage-first heap   total 286720K, used 246802K [0x0000000080000000, 0x0000000100000000)
  region size 1024K, 118 young (120832K), 9 survivors (9216K)
 Metaspace       used 106979K, capacity 109663K, committed 109928K, reserved 1144832K
  class space    used 13194K, capacity 14175K, committed 14208K, reserved 1048576K
}
Event: 837.546 GC heap after
{Heap after GC invocations=39 (full 0):
 garbage-first heap   total 286720K, used 138664K [0x0000000080000000, 0x0000000100000000)
  region size 1024K, 12 young (12288K), 12 survivors (12288K)
 Metaspace       used 106979K, capacity 109663K, committed 109928K, reserved 1144832K
  class space    used 13194K, capacity 14175K, committed 14208K, reserved 1048576K
}
Event: 838.547 GC heap before
{Heap before GC invocations=39 (full 0):
 garbage-first heap   total 286720K, used 245160K [0x0000000080000000, 0x0000000100000000)
  region size 1024K, 116 young (118784K), 12 survivors (12288K)
 Metaspace       used 107002K, capacity 109680K, committed 109928K, reserved 1144832K
  class space    used 13196K, capacity 14178K, committed 14208K, reserved 1048576K
}
Event: 838.628 GC heap after
{Heap after GC invocations=40 (full 0):
 garbage-first heap   total 286720K, used 142806K [0x0000000080000000, 0x0000000100000000)
  region size 1024K, 12 young (12288K), 12 survivors (12288K)
 Metaspace       used 107002K, capacity 109680K, committed 109928K, reserved 1144832K
  class space    used 13196K, capacity 14178K, committed 14208K, reserved 1048576K
}
Event: 839.422 GC heap before
{Heap before GC invocations=40 (full 0):
 garbage-first heap   total 286720K, used 243158K [0x0000000080000000, 0x0000000100000000)
  region size 1024K, 110 young (112640K), 12 survivors (12288K)
 Metaspace       used 107013K, capacity 109681K, committed 109928K, reserved 1144832K
  class space    used 13196K, capacity 14178K, committed 14208K, reserved 1048576K
}

Deoptimization events (20 events):
Event: 838.754 Thread 0x000001c456d49000 DEOPT PACKING pc=0x000001c44140ac96 sp=0x000000635b5fad10
Event: 838.754 Thread 0x000001c456d49000 DEOPT UNPACKING pc=0x000001c43edca95e sp=0x000000635b5fa240 mode 0
Event: 838.768 Thread 0x000001c456d46000 Uncommon trap: trap_request=0xffffff4d fr.pc=0x000001c44693547c relative=0x000000000000337c
Event: 838.768 Thread 0x000001c456d46000 Uncommon trap: reason=unstable_if action=reinterpret pc=0x000001c44693547c method=com.android.tools.r8.s.b.k0.a(Lcom/android/tools/r8/s/b/k0;Lcom/android/tools/r8/ir/regalloc/e;)Z @ 604 c2
Event: 838.768 Thread 0x000001c456d46000 DEOPT PACKING pc=0x000001c44693547c sp=0x000000635b4f9a50
Event: 838.768 Thread 0x000001c456d46000 DEOPT UNPACKING pc=0x000001c43edca1af sp=0x000000635b4f9a50 mode 2
Event: 838.833 Thread 0x000001c456d49000 DEOPT PACKING pc=0x000001c44140ac96 sp=0x000000635b5faa60
Event: 838.833 Thread 0x000001c456d49000 DEOPT UNPACKING pc=0x000001c43edca95e sp=0x000000635b5f9f90 mode 0
Event: 838.908 Thread 0x000001c456d49000 DEOPT PACKING pc=0x000001c44140ac96 sp=0x000000635b5faa90
Event: 838.908 Thread 0x000001c456d49000 DEOPT UNPACKING pc=0x000001c43edca95e sp=0x000000635b5f9fc0 mode 0
Event: 838.981 Thread 0x000001c456d49000 Uncommon trap: trap_request=0xffffffc6 fr.pc=0x000001c44724f2a8 relative=0x00000000000001e8
Event: 838.981 Thread 0x000001c456d49000 Uncommon trap: reason=bimorphic_or_optimized_type_check action=maybe_recompile pc=0x000001c44724f2a8 method=com.android.tools.r8.q.a.a.b.S.iterator()Ljava/util/Iterator; @ 1 c2
Event: 838.981 Thread 0x000001c456d49000 DEOPT PACKING pc=0x000001c44724f2a8 sp=0x000000635b5fb570
Event: 838.981 Thread 0x000001c456d49000 DEOPT UNPACKING pc=0x000001c43edca1af sp=0x000000635b5fb530 mode 2
Event: 838.987 Thread 0x000001c456d49000 DEOPT PACKING pc=0x000001c441434b6f sp=0x000000635b5f9480
Event: 838.987 Thread 0x000001c456d49000 DEOPT UNPACKING pc=0x000001c43edca95e sp=0x000000635b5f8cf8 mode 0
Event: 839.001 Thread 0x000001c456d49000 DEOPT PACKING pc=0x000001c44140ac96 sp=0x000000635b5f9890
Event: 839.001 Thread 0x000001c456d49000 DEOPT UNPACKING pc=0x000001c43edca95e sp=0x000000635b5f8dc0 mode 0
Event: 839.254 Thread 0x000001c456d49000 DEOPT PACKING pc=0x000001c441ac26fd sp=0x000000635b5f9980
Event: 839.254 Thread 0x000001c456d49000 DEOPT UNPACKING pc=0x000001c43edca95e sp=0x000000635b5f8f20 mode 0

Classes redefined (0 events):
No events

Internal exceptions (20 events):
Event: 801.522 Thread 0x000001c456d49000 Exception <a 'java/lang/NoSuchMethodError'{0x00000000906b7928}: 'void java.lang.invoke.DirectMethodHandle$Holder.invokeStatic(java.lang.Object, java.lang.Object, java.lang.Object, int)'> (0x00000000906b7928) thrown at [./src/hotspot/share/interpreter/linkResolver.cpp, line 773]
Event: 801.539 Thread 0x000001c456d49000 Exception <a 'java/lang/IncompatibleClassChangeError'{0x00000000906c1548}: Found class java.lang.Object, but interface was expected> (0x00000000906c1548) thrown at [./src/hotspot/share/interpreter/linkResolver.cpp, line 839]
Event: 804.027 Thread 0x000001c456d49000 Exception <a 'java/lang/NoSuchMethodError'{0x000000008f722e30}: 'long java.lang.invoke.DirectMethodHandle$Holder.invokeStatic(java.lang.Object, java.lang.Object)'> (0x000000008f722e30) thrown at [./src/hotspot/share/interpreter/linkResolver.cpp, line 773]
Event: 805.446 Thread 0x000001c456d49000 Exception <a 'java/lang/NoSuchMethodError'{0x00000000905f3990}: 'void java.lang.invoke.DirectMethodHandle$Holder.invokeStaticInit(java.lang.Object, java.lang.Object, java.lang.Object, java.lang.Object, java.lang.Object)'> (0x00000000905f3990) thrown at [./src/hotspot/share/interpreter/linkResolver.cpp, line 773]
Event: 806.264 Thread 0x000001c456d49000 Exception <a 'java/lang/NoSuchMethodError'{0x00000000901a7000}: 'java.lang.Object java.lang.invoke.DirectMethodHandle$Holder.invokeStatic(java.lang.Object, int, java.lang.Object, java.lang.Object)'> (0x00000000901a7000) thrown at [./src/hotspot/share/interpreter/linkResolver.cpp, line 773]
Event: 806.295 Thread 0x000001c456d49000 Exception <a 'java/lang/NoSuchMethodError'{0x00000000900418b8}: 'void java.lang.invoke.DirectMethodHandle$Holder.invokeSpecial(java.lang.Object, java.lang.Object, int, java.lang.Object)'> (0x00000000900418b8) thrown at [./src/hotspot/share/interpreter/linkResolver.cpp, line 773]
Event: 807.112 Thread 0x000001c456d49000 Exception <a 'java/lang/NoSuchMethodError'{0x000000008f401470}: 'java.lang.Object java.lang.invoke.DirectMethodHandle$Holder.invokeVirtual(java.lang.Object, java.lang.Object, int, java.lang.Object)'> (0x000000008f401470) thrown at [./src/hotspot/share/interpreter/linkResolver.cpp, line 773]
Event: 808.888 Thread 0x000001c456d46000 Exception <a 'java/lang/NoSuchMethodError'{0x000000008f312c98}: 'void java.lang.invoke.DirectMethodHandle$Holder.invokeVirtual(java.lang.Object, java.lang.Object, int, java.lang.Object)'> (0x000000008f312c98) thrown at [./src/hotspot/share/interpreter/linkResolver.cpp, line 773]
Event: 812.758 Thread 0x000001c456d49000 Exception <a 'java/lang/NoSuchMethodError'{0x000000008ef34a30}: 'java.lang.Object java.lang.invoke.DirectMethodHandle$Holder.newInvokeSpecial(java.lang.Object, int)'> (0x000000008ef34a30) thrown at [./src/hotspot/share/interpreter/linkResolver.cpp, line 773]
Event: 819.788 Thread 0x000001c456d46000 Implicit null exception at 0x000001c446dc5c6b to 0x000001c446dc5c8c
Event: 820.222 Thread 0x000001c456d49000 Exception <a 'java/lang/NoSuchMethodError'{0x000000008ce59e80}: 'java.lang.Object java.lang.invoke.DirectMethodHandle$Holder.invokeInterface(java.lang.Object, java.lang.Object, int)'> (0x000000008ce59e80) thrown at [./src/hotspot/share/interpreter/linkResolver.cpp, line 773]
Event: 823.988 Thread 0x000001c456d46000 Exception <a 'java/lang/NoSuchMethodError'{0x00000000915292b8}: 'int java.lang.invoke.DirectMethodHandle$Holder.invokeInterface(java.lang.Object, java.lang.Object, int)'> (0x00000000915292b8) thrown at [./src/hotspot/share/interpreter/linkResolver.cpp, line 773]
Event: 824.473 Thread 0x000001c456d49000 Implicit null exception at 0x000001c44715cf4c to 0x000001c44715d09c
Event: 824.591 Thread 0x000001c456d49000 Exception <a 'java/lang/NoSuchMethodError'{0x000000008fcd1380}: 'void java.lang.invoke.DirectMethodHandle$Holder.invokeVirtual(java.lang.Object, java.lang.Object, int)'> (0x000000008fcd1380) thrown at [./src/hotspot/share/interpreter/linkResolver.cpp, line 773]
Event: 824.723 Thread 0x000001c456d49000 Exception <a 'sun/nio/fs/WindowsException'{0x000000008f728bc0}> (0x000000008f728bc0) thrown at [./src/hotspot/share/prims/jni.cpp, line 615]
Event: 825.716 Thread 0x000001c456d49000 Exception <a 'sun/nio/fs/WindowsException'{0x0000000090de4cf8}> (0x0000000090de4cf8) thrown at [./src/hotspot/share/prims/jni.cpp, line 615]
Event: 836.171 Thread 0x000001c456d49000 Exception <a 'sun/nio/fs/WindowsException'{0x000000008b9f2c08}> (0x000000008b9f2c08) thrown at [./src/hotspot/share/prims/jni.cpp, line 615]
Event: 837.177 Thread 0x000001c456d49000 Exception <a 'sun/nio/fs/WindowsException'{0x000000008ce95f78}> (0x000000008ce95f78) thrown at [./src/hotspot/share/prims/jni.cpp, line 615]
Event: 837.651 Thread 0x000001c456d49000 Exception <a 'sun/nio/fs/WindowsException'{0x0000000090a048c0}> (0x0000000090a048c0) thrown at [./src/hotspot/share/prims/jni.cpp, line 615]
Event: 838.654 Thread 0x000001c456d49000 Exception <a 'sun/nio/fs/WindowsException'{0x0000000091243848}> (0x0000000091243848) thrown at [./src/hotspot/share/prims/jni.cpp, line 615]

Events (20 events):
Event: 835.924 loading class com/android/tools/r8/graph/U done
Event: 835.924 loading class com/android/tools/r8/naming/H
Event: 835.924 loading class com/android/tools/r8/naming/H done
Event: 836.233 Executing VM operation: G1CollectForAllocation
Event: 836.282 Executing VM operation: G1CollectForAllocation done
Event: 837.481 Executing VM operation: G1CollectForAllocation
Event: 837.547 Executing VM operation: G1CollectForAllocation done
Event: 838.237 loading class com/android/tools/r8/ir/conversion/o
Event: 838.237 loading class com/android/tools/r8/ir/conversion/o done
Event: 838.238 loading class com/android/tools/r8/p/n/A
Event: 838.238 loading class com/android/tools/r8/p/n/A done
Event: 838.238 loading class com/android/tools/r8/p/n/A
Event: 838.238 loading class com/android/tools/r8/p/n/A done
Event: 838.238 loading class com/android/tools/r8/p/n/A
Event: 838.238 loading class com/android/tools/r8/p/n/A done
Event: 838.238 loading class com/android/tools/r8/p/n/A
Event: 838.238 loading class com/android/tools/r8/p/n/A done
Event: 838.544 Executing VM operation: G1CollectForAllocation
Event: 838.628 Executing VM operation: G1CollectForAllocation done
Event: 839.420 Executing VM operation: G1CollectForAllocation


Dynamic libraries:
0x00007ff632430000 - 0x00007ff63243a000 	C:\Program Files\Android\Android Studio\jre\bin\java.exe
0x00007ffd88700000 - 0x00007ffd88909000 	C:\Windows\SYSTEM32\ntdll.dll
0x00007ffd87ab0000 - 0x00007ffd87b6d000 	C:\Windows\System32\KERNEL32.DLL
0x00007ffd861b0000 - 0x00007ffd86529000 	C:\Windows\System32\KERNELBASE.dll
0x00007ffd85f40000 - 0x00007ffd86051000 	C:\Windows\System32\ucrtbase.dll
0x00007ffd6c6c0000 - 0x00007ffd6c6d7000 	C:\Program Files\Android\Android Studio\jre\bin\VCRUNTIME140.dll
0x00007ffd6ce70000 - 0x00007ffd6ce89000 	C:\Program Files\Android\Android Studio\jre\bin\jli.dll
0x00007ffd87f80000 - 0x00007ffd8812c000 	C:\Windows\System32\USER32.dll
0x00007ffd65730000 - 0x00007ffd659d5000 	C:\Windows\WinSxS\amd64_microsoft.windows.common-controls_6595b64144ccf1df_6.0.22000.120_none_9d947278b86cc467\COMCTL32.dll
0x00007ffd86100000 - 0x00007ffd86126000 	C:\Windows\System32\win32u.dll
0x00007ffd87470000 - 0x00007ffd87513000 	C:\Windows\System32\msvcrt.dll
0x00007ffd869f0000 - 0x00007ffd86a19000 	C:\Windows\System32\GDI32.dll
0x00007ffd85e20000 - 0x00007ffd85f32000 	C:\Windows\System32\gdi32full.dll
0x00007ffd86060000 - 0x00007ffd860fd000 	C:\Windows\System32\msvcp_win.dll
0x00007ffd86ae0000 - 0x00007ffd86b11000 	C:\Windows\System32\IMM32.DLL
0x00007ffd55750000 - 0x00007ffd557ed000 	C:\Program Files\Android\Android Studio\jre\bin\msvcp140.dll
0x00007ffd26de0000 - 0x00007ffd278c5000 	C:\Program Files\Android\Android Studio\jre\bin\server\jvm.dll
0x00007ffd88560000 - 0x00007ffd8860e000 	C:\Windows\System32\ADVAPI32.dll
0x00007ffd86a20000 - 0x00007ffd86abe000 	C:\Windows\System32\sechost.dll
0x00007ffd872d0000 - 0x00007ffd873f0000 	C:\Windows\System32\RPCRT4.dll
0x00007ffd883e0000 - 0x00007ffd883e8000 	C:\Windows\System32\PSAPI.DLL
0x00007ffd672f0000 - 0x00007ffd672f9000 	C:\Windows\SYSTEM32\WSOCK32.dll
0x00007ffd86980000 - 0x00007ffd869ef000 	C:\Windows\System32\WS2_32.dll
0x00007ffd7b6a0000 - 0x00007ffd7b6d3000 	C:\Windows\SYSTEM32\WINMM.dll
0x00007ffd7bb10000 - 0x00007ffd7bb1a000 	C:\Windows\SYSTEM32\VERSION.dll
0x00007ffd84cb0000 - 0x00007ffd84cc8000 	C:\Windows\SYSTEM32\kernel.appcore.dll
0x00007ffd671e0000 - 0x00007ffd671f1000 	C:\Program Files\Android\Android Studio\jre\bin\verify.dll
0x00007ffd73680000 - 0x00007ffd738a1000 	C:\Windows\SYSTEM32\DBGHELP.DLL
0x00007ffd78340000 - 0x00007ffd78371000 	C:\Windows\SYSTEM32\dbgcore.DLL
0x00007ffd86130000 - 0x00007ffd861af000 	C:\Windows\System32\bcryptPrimitives.dll
0x00007ffd58050000 - 0x00007ffd58079000 	C:\Program Files\Android\Android Studio\jre\bin\java.dll
0x00007ffd67030000 - 0x00007ffd6703b000 	C:\Program Files\Android\Android Studio\jre\bin\jimage.dll
0x00007ffd58030000 - 0x00007ffd58048000 	C:\Program Files\Android\Android Studio\jre\bin\zip.dll
0x00007ffd86b20000 - 0x00007ffd872cf000 	C:\Windows\System32\SHELL32.dll
0x00007ffd83d20000 - 0x00007ffd84588000 	C:\Windows\SYSTEM32\windows.storage.dll
0x00007ffd86600000 - 0x00007ffd86978000 	C:\Windows\System32\combase.dll
0x00007ffd83bb0000 - 0x00007ffd83d16000 	C:\Windows\SYSTEM32\wintypes.dll
0x00007ffd87bd0000 - 0x00007ffd87cba000 	C:\Windows\System32\SHCORE.dll
0x00007ffd865a0000 - 0x00007ffd865fd000 	C:\Windows\System32\shlwapi.dll
0x00007ffd85b20000 - 0x00007ffd85b41000 	C:\Windows\SYSTEM32\profapi.dll
0x00007ffd54940000 - 0x00007ffd5495a000 	C:\Program Files\Android\Android Studio\jre\bin\net.dll
0x00007ffd7e4c0000 - 0x00007ffd7e5cc000 	C:\Windows\SYSTEM32\WINHTTP.dll
0x00007ffd850d0000 - 0x00007ffd85137000 	C:\Windows\system32\mswsock.dll
0x00007ffd54920000 - 0x00007ffd54934000 	C:\Program Files\Android\Android Studio\jre\bin\nio.dll
0x00007ffd6d5c0000 - 0x00007ffd6d5e7000 	C:\Users\Solifir\.gradle\native\f6784746aeab05261644944871eae4fe03e0ef1612fff0a4a95f87b438bc6780\windows-amd64\native-platform.dll
0x00007ffd66cd0000 - 0x00007ffd66cda000 	C:\Program Files\Android\Android Studio\jre\bin\management.dll
0x00007ffd58020000 - 0x00007ffd5802d000 	C:\Program Files\Android\Android Studio\jre\bin\management_ext.dll
0x00007ffd853a0000 - 0x00007ffd853b8000 	C:\Windows\SYSTEM32\CRYPTSP.dll
0x00007ffd84c10000 - 0x00007ffd84c45000 	C:\Windows\system32\rsaenh.dll
0x00007ffd85170000 - 0x00007ffd85199000 	C:\Windows\SYSTEM32\USERENV.dll
0x00007ffd854e0000 - 0x00007ffd85507000 	C:\Windows\SYSTEM32\bcrypt.dll
0x00007ffd852c0000 - 0x00007ffd852cc000 	C:\Windows\SYSTEM32\CRYPTBASE.dll
0x00007ffd847d0000 - 0x00007ffd847fd000 	C:\Windows\SYSTEM32\IPHLPAPI.DLL
0x00007ffd873f0000 - 0x00007ffd873f9000 	C:\Windows\System32\NSI.dll
0x00007ffd7e4a0000 - 0x00007ffd7e4b9000 	C:\Windows\SYSTEM32\dhcpcsvc6.DLL
0x00007ffd7e6d0000 - 0x00007ffd7e6ee000 	C:\Windows\SYSTEM32\dhcpcsvc.DLL
0x00007ffd84800000 - 0x00007ffd848e8000 	C:\Windows\SYSTEM32\DNSAPI.dll
0x00007ffd7e2e0000 - 0x00007ffd7e2ec000 	C:\Windows\SYSTEM32\WINNSI.DLL
0x00007ffd6d6f0000 - 0x00007ffd6d70e000 	C:\Users\Solifir\AppData\Local\Temp\native-platform11803777155635911477dir\native-platform.dll
0x00007ffd6ce10000 - 0x00007ffd6ce27000 	C:\Windows\system32\napinsp.dll
0x00007ffd6cdf0000 - 0x00007ffd6ce0b000 	C:\Windows\system32\pnrpnsp.dll
0x00007ffd6cdd0000 - 0x00007ffd6cde2000 	C:\Windows\System32\winrnr.dll
0x00007ffd6cdb0000 - 0x00007ffd6cdc5000 	C:\Windows\system32\wshbth.dll
0x00007ffd6cd90000 - 0x00007ffd6cdaf000 	C:\Windows\system32\nlansp_c.dll
0x00007ffd7bf00000 - 0x00007ffd7bf0a000 	C:\Windows\System32\rasadhlp.dll
0x00007ffd7d870000 - 0x00007ffd7d8f1000 	C:\Windows\System32\fwpuclnt.dll

dbghelp: loaded successfully - version: 4.0.5 - missing functions: none
symbol engine: initialized successfully - sym options: 0x614 - pdb path: .;C:\Program Files\Android\Android Studio\jre\bin;C:\Windows\SYSTEM32;C:\Windows\WinSxS\amd64_microsoft.windows.common-controls_6595b64144ccf1df_6.0.22000.120_none_9d947278b86cc467;C:\Program Files\Android\Android Studio\jre\bin\server;C:\Users\Solifir\.gradle\native\f6784746aeab05261644944871eae4fe03e0ef1612fff0a4a95f87b438bc6780\windows-amd64;C:\Users\Solifir\AppData\Local\Temp\native-platform11803777155635911477dir

VM Arguments:
jvm_args: --add-opens=java.base/java.util=ALL-UNNAMED --add-opens=java.base/java.lang=ALL-UNNAMED --add-opens=java.base/java.lang.invoke=ALL-UNNAMED --add-opens=java.prefs/java.util.prefs=ALL-UNNAMED -Xmx2048m -Dfile.encoding=UTF-8 -Duser.country=US -Duser.language=en -Duser.variant 
java_command: org.gradle.launcher.daemon.bootstrap.GradleDaemon 6.5
java_class_path (initial): C:\Users\Solifir\.gradle\wrapper\dists\gradle-6.5-bin\6nifqtx7604sqp1q6g8wikw7p\gradle-6.5\lib\gradle-launcher-6.5.jar
Launcher Type: SUN_STANDARD

[Global flags]
     intx CICompilerCount                          = 2                                         {product} {ergonomic}
     uint ConcGCThreads                            = 1                                         {product} {ergonomic}
     uint G1ConcRefinementThreads                  = 2                                         {product} {ergonomic}
   size_t G1HeapRegionSize                         = 1048576                                   {product} {ergonomic}
    uintx GCDrainStackTargetSize                   = 64                                        {product} {ergonomic}
   size_t InitialHeapSize                          = 134217728                                 {product} {ergonomic}
   size_t MarkStackSize                            = 4194304                                   {product} {ergonomic}
   size_t MaxHeapSize                              = 2147483648                                {product} {command line}
   size_t MaxNewSize                               = 1287651328                                {product} {ergonomic}
   size_t MinHeapDeltaBytes                        = 1048576                                   {product} {ergonomic}
    uintx NonNMethodCodeHeapSize                   = 5825164                                {pd product} {ergonomic}
    uintx NonProfiledCodeHeapSize                  = 122916538                              {pd product} {ergonomic}
    uintx ProfiledCodeHeapSize                     = 122916538                              {pd product} {ergonomic}
    uintx ReservedCodeCacheSize                    = 251658240                              {pd product} {ergonomic}
     bool SegmentedCodeCache                       = true                                      {product} {ergonomic}
     bool UseCompressedClassPointers               = true                                 {lp64_product} {ergonomic}
     bool UseCompressedOops                        = true                                 {lp64_product} {ergonomic}
     bool UseG1GC                                  = true                                      {product} {ergonomic}
     bool UseLargePagesIndividualAllocation        = false                                  {pd product} {ergonomic}

Logging:
Log output configuration:
 #0: stdout all=warning uptime,level,tags
 #1: stderr all=off uptime,level,tags

Environment Variables:
JAVA_HOME=C:\Program Files\Java\jre1.8.0_333
PATH=C:\Program Files (x86)\Common Files\Oracle\Java\javapath;C:\Windows\system32;C:\Windows;C:\Windows\System32\Wbem;C:\Windows\System32\WindowsPowerShell\v1.0\;C:\Windows\System32\OpenSSH\;C:\Users\Solifir\AppData\Local\Microsoft\WindowsApps;;C:\Users\Solifir\AppData\Local\Programs\Microsoft VS Code\bin
USERNAME=Solifir
OS=Windows_NT
PROCESSOR_IDENTIFIER=Intel64 Family 6 Model 85 Stepping 4, GenuineIntel



---------------  S Y S T E M  ---------------

OS: Windows 10 , 64 bit Build 22000 (10.0.22000.675)
OS uptime: 1 days 1:08 hours
Hyper-V role detected

CPU:total 2 (initial active 2) (1 cores per cpu, 2 threads per core) family 6 model 85 stepping 4 microcode 0xffffffff, cmov, cx8, fxsr, mmx, sse, sse2, sse3, ssse3, sse4.1, sse4.2, popcnt, avx, avx2, aes, clmul, erms, rtm, 3dnowpref, lzcnt, ht, tsc, bmi1, bmi2, adx, fma

Memory: 4k page, system-wide physical 8190M (626M free)
TotalPageFile size 10238M (AvailPageFile size 48M)
current process WorkingSet (physical memory assigned to process): 616M, peak: 645M
current process commit charge ("private bytes"): 655M, peak: 807M

vm_info: OpenJDK 64-Bit Server VM (11.0.12+7-b1504.28-7817840) for windows-amd64 JRE (11.0.12+7-b1504.28-7817840), built on Oct 13 2021 22:12:33 by "builder" with MS VC++ 14.0 (VS2015)

END.
