#
# There is insufficient memory for the Java Runtime Environment to continue.
# Native memory allocation (mmap) failed to map 134217728 bytes for Failed to commit area from 0x0000000080000000 to 0x0000000088000000 of length 134217728.
# Possible reasons:
#   The system is out of physical RAM or swap space
#   The process is running with CompressedOops enabled, and the Java Heap may be blocking the growth of the native heap
# Possible solutions:
#   Reduce memory load on the system
#   Increase physical memory or swap space
#   Check if swap backing store is full
#   Decrease Java heap size (-Xmx/-Xms)
#   Decrease number of Java threads
#   Decrease Java thread stack sizes (-Xss)
#   Set larger code cache with -XX:ReservedCodeCacheSize=
# This output file may be truncated or incomplete.
#
#  Out of Memory Error (./src/hotspot/os/windows/os_windows.cpp:3521), pid=5288, tid=13216
#
# JRE version:  (11.0.12+7) (build )
# Java VM: OpenJDK 64-Bit Server VM (11.0.12+7-b1504.28-7817840, mixed mode, sharing, tiered, compressed oops, g1 gc, windows-amd64)
# No core dump will be written. Minidumps are not enabled by default on client versions of Windows
#

---------------  S U M M A R Y ------------

Command Line: org.jetbrains.kotlin.cli.jvm.K2JVMCompiler @C:\Users\Solifir\Desktop\Fil rouge\codingark-mobile-banking-ui-master\app\build\20220615_5908232370941234196.compiler.options

Host: Intel(R) Xeon(R) Platinum 8171M CPU @ 2.60GHz, 2 cores, 7G,  Windows 10 , 64 bit Build 22000 (10.0.22000.675)
Time: Wed Jun 15 22:25:58 2022 Coordinated Universal Time elapsed time: 0.016598 seconds (0d 0h 0m 0s)

---------------  T H R E A D  ---------------

Current thread (0x000001a943f6b800):  JavaThread "Unknown thread" [_thread_in_vm, id=13216, stack(0x0000003a43a00000,0x0000003a43b00000)]

Stack: [0x0000003a43a00000,0x0000003a43b00000]
Native frames: (J=compiled Java code, j=interpreted, Vv=VM code, C=native code)
V  [jvm.dll+0x5fbcea]
V  [jvm.dll+0x731905]
V  [jvm.dll+0x732f1d]
V  [jvm.dll+0x7335d3]
V  [jvm.dll+0x247bf8]
V  [jvm.dll+0x5f90b4]
V  [jvm.dll+0x5edc85]
V  [jvm.dll+0x305aeb]
V  [jvm.dll+0x305a5a]
V  [jvm.dll+0x305932]
V  [jvm.dll+0x30a896]
V  [jvm.dll+0x353803]
V  [jvm.dll+0x353f06]
V  [jvm.dll+0x353903]
V  [jvm.dll+0x2e0678]
V  [jvm.dll+0x2e1827]
V  [jvm.dll+0x710037]
V  [jvm.dll+0x71182c]
V  [jvm.dll+0x360da9]
V  [jvm.dll+0x6f390e]
V  [jvm.dll+0x3c9723]
V  [jvm.dll+0x3cb9b1]
C  [jli.dll+0x536b]
C  [ucrtbase.dll+0x26c0c]
C  [KERNEL32.DLL+0x154e0]
C  [ntdll.dll+0x485b]


---------------  P R O C E S S  ---------------

Threads class SMR info:
_java_thread_list=0x000001a941e837f0, length=0, elements={
}

Java Threads: ( => current thread )

Other Threads:
  0x000001a943f83000 GCTaskThread "GC Thread#0" [stack: 0x0000003a43b00000,0x0000003a43c00000] [id=11016]
  0x000001a943fb3000 ConcurrentGCThread "G1 Main Marker" [stack: 0x0000003a43c00000,0x0000003a43d00000] [id=8544]
  0x000001a943fb4800 ConcurrentGCThread "G1 Conc#0" [stack: 0x0000003a43d00000,0x0000003a43e00000] [id=3340]

[error occurred during error reporting (printing all threads), id 0xc0000005, EXCEPTION_ACCESS_VIOLATION (0xc0000005) at pc=0x00007ffd270d0be7]

VM state:not at safepoint (not fully initialized)

VM Mutex/Monitor currently owned by a thread:  ([mutex/lock_event])
[0x000001a943f6a200] Heap_lock - owner thread: 0x000001a943f6b800

Heap address: 0x0000000080000000, size: 2048 MB, Compressed Oops mode: Non-zero based: 0x0000000080000000
Narrow klass base: 0x0000000000000000, Narrow klass shift: 0

GC Heap History (0 events):
No events

Deoptimization events (0 events):
No events

Classes redefined (0 events):
No events

Internal exceptions (0 events):
No events

Events (1 events):
Event: 0.010 Loaded shared library C:\Program Files\Android\Android Studio\jre\bin\zip.dll


Dynamic libraries:
0x00007ff632430000 - 0x00007ff63243a000 	C:\Program Files\Android\Android Studio\jre\bin\java.exe
0x00007ffd88700000 - 0x00007ffd88909000 	C:\Windows\SYSTEM32\ntdll.dll
0x00007ffd87ab0000 - 0x00007ffd87b6d000 	C:\Windows\System32\KERNEL32.DLL
0x00007ffd861b0000 - 0x00007ffd86529000 	C:\Windows\System32\KERNELBASE.dll
0x00007ffd85f40000 - 0x00007ffd86051000 	C:\Windows\System32\ucrtbase.dll
0x00007ffd6ce70000 - 0x00007ffd6ce89000 	C:\Program Files\Android\Android Studio\jre\bin\jli.dll
0x00007ffd6c6c0000 - 0x00007ffd6c6d7000 	C:\Program Files\Android\Android Studio\jre\bin\VCRUNTIME140.dll
0x00007ffd87f80000 - 0x00007ffd8812c000 	C:\Windows\System32\USER32.dll
0x00007ffd86100000 - 0x00007ffd86126000 	C:\Windows\System32\win32u.dll
0x00007ffd65730000 - 0x00007ffd659d5000 	C:\Windows\WinSxS\amd64_microsoft.windows.common-controls_6595b64144ccf1df_6.0.22000.120_none_9d947278b86cc467\COMCTL32.dll
0x00007ffd869f0000 - 0x00007ffd86a19000 	C:\Windows\System32\GDI32.dll
0x00007ffd87470000 - 0x00007ffd87513000 	C:\Windows\System32\msvcrt.dll
0x00007ffd85e20000 - 0x00007ffd85f32000 	C:\Windows\System32\gdi32full.dll
0x00007ffd86060000 - 0x00007ffd860fd000 	C:\Windows\System32\msvcp_win.dll
0x00007ffd86ae0000 - 0x00007ffd86b11000 	C:\Windows\System32\IMM32.DLL
0x00007ffd55750000 - 0x00007ffd557ed000 	C:\Program Files\Android\Android Studio\jre\bin\msvcp140.dll
0x00007ffd26de0000 - 0x00007ffd278c5000 	C:\Program Files\Android\Android Studio\jre\bin\server\jvm.dll
0x00007ffd88560000 - 0x00007ffd8860e000 	C:\Windows\System32\ADVAPI32.dll
0x00007ffd86a20000 - 0x00007ffd86abe000 	C:\Windows\System32\sechost.dll
0x00007ffd872d0000 - 0x00007ffd873f0000 	C:\Windows\System32\RPCRT4.dll
0x00007ffd883e0000 - 0x00007ffd883e8000 	C:\Windows\System32\PSAPI.DLL
0x00007ffd672f0000 - 0x00007ffd672f9000 	C:\Windows\SYSTEM32\WSOCK32.dll
0x00007ffd7b6a0000 - 0x00007ffd7b6d3000 	C:\Windows\SYSTEM32\WINMM.dll
0x00007ffd86980000 - 0x00007ffd869ef000 	C:\Windows\System32\WS2_32.dll
0x00007ffd7bb10000 - 0x00007ffd7bb1a000 	C:\Windows\SYSTEM32\VERSION.dll
0x00007ffd84cb0000 - 0x00007ffd84cc8000 	C:\Windows\SYSTEM32\kernel.appcore.dll
0x00007ffd671e0000 - 0x00007ffd671f1000 	C:\Program Files\Android\Android Studio\jre\bin\verify.dll
0x00007ffd73680000 - 0x00007ffd738a1000 	C:\Windows\SYSTEM32\DBGHELP.DLL
0x00007ffd78340000 - 0x00007ffd78371000 	C:\Windows\SYSTEM32\dbgcore.DLL
0x00007ffd86130000 - 0x00007ffd861af000 	C:\Windows\System32\bcryptPrimitives.dll
0x00007ffd58050000 - 0x00007ffd58079000 	C:\Program Files\Android\Android Studio\jre\bin\java.dll
0x00007ffd67030000 - 0x00007ffd6703b000 	C:\Program Files\Android\Android Studio\jre\bin\jimage.dll
0x00007ffd58030000 - 0x00007ffd58048000 	C:\Program Files\Android\Android Studio\jre\bin\zip.dll

dbghelp: loaded successfully - version: 4.0.5 - missing functions: none
symbol engine: initialized successfully - sym options: 0x614 - pdb path: .;C:\Program Files\Android\Android Studio\jre\bin;C:\Windows\SYSTEM32;C:\Windows\WinSxS\amd64_microsoft.windows.common-controls_6595b64144ccf1df_6.0.22000.120_none_9d947278b86cc467;C:\Program Files\Android\Android Studio\jre\bin\server

VM Arguments:
java_command: org.jetbrains.kotlin.cli.jvm.K2JVMCompiler @C:\Users\Solifir\Desktop\Fil rouge\codingark-mobile-banking-ui-master\app\build\20220615_5908232370941234196.compiler.options
java_class_path (initial): C:\Users\Solifir\.gradle\caches\modules-2\files-2.1\org.jetbrains.kotlin\kotlin-compiler-embeddable\1.6.10\88f2073f4020cdb83132cfe940ceb9a60aba54ea\kotlin-compiler-embeddable-1.6.10.jar;C:\Users\Solifir\.gradle\caches\modules-2\files-2.1\org.jetbrains.kotlin\kotlin-reflect\1.6.10\1cbe9c92c12a94eea200d23c2bbaedaf3daf5132\kotlin-reflect-1.6.10.jar;C:\Users\Solifir\.gradle\caches\modules-2\files-2.1\org.jetbrains.kotlin\kotlin-stdlib\1.6.10\b8af3fe6f1ca88526914929add63cf5e7c5049af\kotlin-stdlib-1.6.10.jar;C:\Users\Solifir\.gradle\caches\modules-2\files-2.1\org.jetbrains.kotlin\kotlin-script-runtime\1.6.10\d0a7ff2e2500ef497ed0214ae40ad3c8387a6164\kotlin-script-runtime-1.6.10.jar;C:\Users\Solifir\.gradle\caches\modules-2\files-2.1\org.jetbrains.kotlin\kotlin-daemon-embeddable\1.6.10\a56d79bcbea411fa6058e4ecffc2de73e742bd2a\kotlin-daemon-embeddable-1.6.10.jar;C:\Users\Solifir\.gradle\caches\modules-2\files-2.1\org.jetbrains.intellij.deps\trove4j\1.0.20181211\216c2e14b070f334479d800987affe4054cd563f\trove4j-1.0.20181211.jar;C:\Users\Solifir\.gradle\caches\modules-2\files-2.1\net.java.dev.jna\jna\5.6.0\330f2244e9030119ab3030fc3fededc86713d9cc\jna-5.6.0.jar;C:\Users\Solifir\.gradle\caches\modules-2\files-2.1\org.jetbrains\annotations\13.0\919f0dfe192fb4e063e7dacadee7f8bb9a2672a9\annotations-13.0.jar;C:\Users\Solifir\.gradle\caches\modules-2\files-2.1\org.jetbrains.kotlin\kotlin-stdlib-common\1.6.10\c118700e3a33c8a0d9adc920e9dec0831171925\kotlin-stdlib-common-1.6.10.jar
Launcher Type: SUN_STANDARD

[Global flags]
     intx CICompilerCount                          = 2                                         {product} {ergonomic}
     uint ConcGCThreads                            = 1                                         {product} {ergonomic}
     uint G1ConcRefinementThreads                  = 2                                         {product} {ergonomic}
   size_t G1HeapRegionSize                         = 1048576                                   {product} {ergonomic}
    uintx GCDrainStackTargetSize                   = 64                                        {product} {ergonomic}
   size_t InitialHeapSize                          = 134217728                                 {product} {ergonomic}
   size_t MarkStackSize                            = 4194304                                   {product} {ergonomic}
   size_t MaxHeapSize                              = 2147483648                                {product} {ergonomic}
   size_t MinHeapDeltaBytes                        = 1048576                                   {product} {ergonomic}
    uintx NonNMethodCodeHeapSize                   = 5825164                                {pd product} {ergonomic}
    uintx NonProfiledCodeHeapSize                  = 122916538                              {pd product} {ergonomic}
    uintx ProfiledCodeHeapSize                     = 122916538                              {pd product} {ergonomic}
    uintx ReservedCodeCacheSize                    = 251658240                              {pd product} {ergonomic}
     bool SegmentedCodeCache                       = true                                      {product} {ergonomic}
     bool UseCompressedClassPointers               = true                                 {lp64_product} {ergonomic}
     bool UseCompressedOops                        = true                                 {lp64_product} {ergonomic}
     bool UseG1GC                                  = true                                      {product} {ergonomic}
     bool UseLargePagesIndividualAllocation        = false                                  {pd product} {ergonomic}

Logging:
Log output configuration:
 #0: stdout all=warning uptime,level,tags
 #1: stderr all=off uptime,level,tags

Environment Variables:
JAVA_HOME=C:\Program Files\Java\jre1.8.0_333
PATH=C:\Program Files (x86)\Common Files\Oracle\Java\javapath;C:\Windows\system32;C:\Windows;C:\Windows\System32\Wbem;C:\Windows\System32\WindowsPowerShell\v1.0\;C:\Windows\System32\OpenSSH\;C:\Users\Solifir\AppData\Local\Microsoft\WindowsApps;;C:\Users\Solifir\AppData\Local\Programs\Microsoft VS Code\bin
USERNAME=Solifir
OS=Windows_NT
PROCESSOR_IDENTIFIER=Intel64 Family 6 Model 85 Stepping 4, GenuineIntel



---------------  S Y S T E M  ---------------

OS: Windows 10 , 64 bit Build 22000 (10.0.22000.675)
OS uptime: 1 days 1:06 hours
Hyper-V role detected

CPU:total 2 (initial active 2) (1 cores per cpu, 2 threads per core) family 6 model 85 stepping 4 microcode 0xffffffff, cmov, cx8, fxsr, mmx, sse, sse2, sse3, ssse3, sse4.1, sse4.2, popcnt, avx, avx2, aes, clmul, erms, rtm, 3dnowpref, lzcnt, ht, tsc, bmi1, bmi2, adx, fma

Memory: 4k page, system-wide physical 8190M (749M free)
TotalPageFile size 10238M (AvailPageFile size 103M)
current process WorkingSet (physical memory assigned to process): 10M, peak: 10M
current process commit charge ("private bytes"): 47M, peak: 175M

vm_info: OpenJDK 64-Bit Server VM (11.0.12+7-b1504.28-7817840) for windows-amd64 JRE (11.0.12+7-b1504.28-7817840), built on Oct 13 2021 22:12:33 by "builder" with MS VC++ 14.0 (VS2015)

END.
