#
# There is insufficient memory for the Java Runtime Environment to continue.
# Native memory allocation (mmap) failed to map 69206016 bytes for Failed to commit area from 0x0000000099600000 to 0x000000009d800000 of length 69206016.
# Possible reasons:
#   The system is out of physical RAM or swap space
#   The process is running with CompressedOops enabled, and the Java Heap may be blocking the growth of the native heap
# Possible solutions:
#   Reduce memory load on the system
#   Increase physical memory or swap space
#   Check if swap backing store is full
#   Decrease Java heap size (-Xmx/-Xms)
#   Decrease number of Java threads
#   Decrease Java thread stack sizes (-Xss)
#   Set larger code cache with -XX:ReservedCodeCacheSize=
#   JVM is running with Unscaled Compressed Oops mode in which the Java heap is
#     placed in the first 4GB address space. The Java Heap base address is the
#     maximum limit for the native heap growth. Please use -XX:HeapBaseMinAddress
#     to set the Java Heap base and to place the Java Heap above 4GB virtual address.
# This output file may be truncated or incomplete.
#
#  Out of Memory Error (./src/hotspot/os/windows/os_windows.cpp:3521), pid=6676, tid=7428
#
# JRE version: OpenJDK Runtime Environment (11.0.12+7) (build 11.0.12+7-b1504.28-7817840)
# Java VM: OpenJDK 64-Bit Server VM (11.0.12+7-b1504.28-7817840, mixed mode, tiered, compressed oops, g1 gc, windows-amd64)
# No core dump will be written. Minidumps are not enabled by default on client versions of Windows
#

---------------  S U M M A R Y ------------

Command Line: --add-opens=java.base/java.util=ALL-UNNAMED --add-opens=java.base/java.lang=ALL-UNNAMED --add-opens=java.base/java.lang.invoke=ALL-UNNAMED --add-opens=java.prefs/java.util.prefs=ALL-UNNAMED -Xmx2048m -Dfile.encoding=UTF-8 -Duser.country=US -Duser.language=en -Duser.variant org.gradle.launcher.daemon.bootstrap.GradleDaemon 6.5

Host: Intel(R) Xeon(R) Platinum 8171M CPU @ 2.60GHz, 2 cores, 7G,  Windows 10 , 64 bit Build 22000 (10.0.22000.675)
Time: Sat Jun 11 13:30:59 2022 Coordinated Universal Time elapsed time: 5314.981107 seconds (0d 1h 28m 34s)

---------------  T H R E A D  ---------------

Current thread (0x000002457f1d1800):  VMThread "VM Thread" [stack: 0x000000b4e2c00000,0x000000b4e2d00000] [id=7428]

Stack: [0x000000b4e2c00000,0x000000b4e2d00000]
[error occurred during error reporting (printing stack bounds), id 0xc0000005, EXCEPTION_ACCESS_VIOLATION (0xc0000005) at pc=0x000002450000112d]

Native frames: (J=compiled Java code, j=interpreted, Vv=VM code, C=native code)
V  [jvm.dll+0x5fbcea]
V  [jvm.dll+0x731905]
V  [jvm.dll+0x732f1d]
V  [jvm.dll+0x733535]
V  [jvm.dll+0x7334eb]
V  [jvm.dll+0x5fb080]
V  [jvm.dll+0x5fb818]
C  [ntdll.dll+0xa8e4f]
C  [ntdll.dll+0x35e9a]
C  [ntdll.dll+0xa7e5e]
C  0x000002450000112d

VM_Operation (0x000000b4e48f9a40): G1CollectForAllocation, mode: safepoint, requested by thread 0x00000245199ee000


---------------  P R O C E S S  ---------------

Threads class SMR info:
_java_thread_list=0x000002452d7e09a0, length=51, elements={
0x000002457aaaa800, 0x000002457f1d4800, 0x000002457f1d8000, 0x000002457fb72800,
0x000002457f1f3000, 0x000002457f1f6000, 0x000002457f1f8800, 0x000002457f205800,
0x000002457f207000, 0x000002457fc97800, 0x0000024515fc7800, 0x00000245160ac800,
0x0000024515c95800, 0x000002451676d800, 0x000002451676f800, 0x0000024516773000,
0x0000024518d43000, 0x0000024518d45000, 0x0000024519497800, 0x00000245199e5000,
0x00000245199e2800, 0x00000245199e6000, 0x00000245199e0800, 0x00000245199e2000,
0x00000245199e3800, 0x00000245199e7800, 0x00000245199eb000, 0x00000245199e7000,
0x00000245199eb800, 0x00000245199ea000, 0x00000245199ee000, 0x000002452e819800,
0x000002452e818800, 0x000002452e81a000, 0x000002452e81b000, 0x000002452e817800,
0x000002452e81e000, 0x000002452dfce000, 0x000002452dfd1000, 0x000002452dfd0800,
0x000002452dfd2000, 0x000002452dfcf800, 0x000002452dfcc800, 0x000002452dfd3000,
0x000002452dfcd000, 0x000002452dfd4800, 0x000002452dfce800, 0x000002452dfd5000,
0x000002452dfd6000, 0x000002452dfd8800, 0x000002452dfd7000
}

Java Threads: ( => current thread )
  0x000002457aaaa800 JavaThread "main" [_thread_blocked, id=5148, stack(0x000000b4e2600000,0x000000b4e2700000)]
  0x000002457f1d4800 JavaThread "Reference Handler" daemon [_thread_blocked, id=7304, stack(0x000000b4e2d00000,0x000000b4e2e00000)]
  0x000002457f1d8000 JavaThread "Finalizer" daemon [_thread_blocked, id=8172, stack(0x000000b4e2e00000,0x000000b4e2f00000)]
  0x000002457fb72800 JavaThread "Signal Dispatcher" daemon [_thread_blocked, id=5176, stack(0x000000b4e2f00000,0x000000b4e3000000)]
  0x000002457f1f3000 JavaThread "Attach Listener" daemon [_thread_blocked, id=7268, stack(0x000000b4e3000000,0x000000b4e3100000)]
  0x000002457f1f6000 JavaThread "Service Thread" daemon [_thread_blocked, id=4120, stack(0x000000b4e3100000,0x000000b4e3200000)]
  0x000002457f1f8800 JavaThread "C2 CompilerThread0" daemon [_thread_blocked, id=2496, stack(0x000000b4e3200000,0x000000b4e3300000)]
  0x000002457f205800 JavaThread "C1 CompilerThread0" daemon [_thread_blocked, id=6312, stack(0x000000b4e3300000,0x000000b4e3400000)]
  0x000002457f207000 JavaThread "Sweeper thread" daemon [_thread_blocked, id=8132, stack(0x000000b4e3400000,0x000000b4e3500000)]
  0x000002457fc97800 JavaThread "Common-Cleaner" daemon [_thread_blocked, id=5544, stack(0x000000b4e3500000,0x000000b4e3600000)]
  0x0000024515fc7800 JavaThread "Daemon health stats" [_thread_blocked, id=7460, stack(0x000000b4e3800000,0x000000b4e3900000)]
  0x00000245160ac800 JavaThread "Incoming local TCP Connector on port 51525" [_thread_in_native, id=4552, stack(0x000000b4e3b00000,0x000000b4e3c00000)]
  0x0000024515c95800 JavaThread "Daemon periodic checks" [_thread_blocked, id=3292, stack(0x000000b4e3c00000,0x000000b4e3d00000)]
  0x000002451676d800 JavaThread "Cache worker for journal cache (C:\Users\Solifir\.gradle\caches\journal-1)" [_thread_blocked, id=6544, stack(0x000000b4e4400000,0x000000b4e4500000)]
  0x000002451676f800 JavaThread "File lock request listener" [_thread_in_native, id=4912, stack(0x000000b4e4500000,0x000000b4e4600000)]
  0x0000024516773000 JavaThread "Cache worker for file hash cache (C:\Users\Solifir\.gradle\caches\6.5\fileHashes)" [_thread_blocked, id=10064, stack(0x000000b4e4600000,0x000000b4e4700000)]
  0x0000024518d43000 JavaThread "Cache worker for execution history cache (C:\Users\Solifir\.gradle\caches\6.5\executionHistory)" [_thread_blocked, id=5528, stack(0x000000b4e6200000,0x000000b4e6300000)]
  0x0000024518d45000 JavaThread "Cache worker for file content cache (C:\Users\Solifir\.gradle\caches\6.5\fileContent)" [_thread_blocked, id=10416, stack(0x000000b4e6300000,0x000000b4e6400000)]
  0x0000024519497800 JavaThread "Memory manager" [_thread_blocked, id=3340, stack(0x000000b4ec300000,0x000000b4ec400000)]
  0x00000245199e5000 JavaThread "Daemon Thread 4" [_thread_blocked, id=10324, stack(0x000000b4e2400000,0x000000b4e2500000)]
  0x00000245199e2800 JavaThread "Handler for socket connection from /127.0.0.1:51525 to /127.0.0.1:52458" [_thread_in_native, id=64, stack(0x000000b4e2500000,0x000000b4e2600000)]
  0x00000245199e6000 JavaThread "Cancel handler" [_thread_blocked, id=6800, stack(0x000000b4e3900000,0x000000b4e3a00000)]
  0x00000245199e0800 JavaThread "Daemon worker Thread 4" [_thread_blocked, id=3048, stack(0x000000b4e3a00000,0x000000b4e3b00000)]
  0x00000245199e2000 JavaThread "Asynchronous log dispatcher for DefaultDaemonConnection: socket connection from /127.0.0.1:51525 to /127.0.0.1:52458" [_thread_blocked, id=2764, stack(0x000000b4e3d00000,0x000000b4e3e00000)]
  0x00000245199e3800 JavaThread "Thread-407" [_thread_blocked, id=10640, stack(0x000000b4e3f00000,0x000000b4e4000000)]
  0x00000245199e7800 JavaThread "Cache worker for file hash cache (C:\Users\Solifir\Desktop\Fil rouge\codingark-mobile-banking-ui-master\.gradle\6.5\fileHashes)" [_thread_blocked, id=12032, stack(0x000000b4e4000000,0x000000b4e4100000)]
  0x00000245199eb000 JavaThread "Cache worker for checksums cache (C:\Users\Solifir\Desktop\Fil rouge\codingark-mobile-banking-ui-master\.gradle\checksums)" [_thread_blocked, id=2652, stack(0x000000b4e4100000,0x000000b4e4200000)]
  0x00000245199e7000 JavaThread "Cache worker for cache directory md-supplier (C:\Users\Solifir\.gradle\caches\6.5\md-supplier)" [_thread_blocked, id=12156, stack(0x000000b4e4200000,0x000000b4e4300000)]
  0x00000245199eb800 JavaThread "Cache worker for cache directory md-rule (C:\Users\Solifir\.gradle\caches\6.5\md-rule)" [_thread_blocked, id=10624, stack(0x000000b4e4300000,0x000000b4e4400000)]
  0x00000245199ea000 JavaThread "Build operations" [_thread_blocked, id=7952, stack(0x000000b4e4700000,0x000000b4e4800000)]
  0x00000245199ee000 JavaThread "Build operations Thread 2" [_thread_blocked, id=6136, stack(0x000000b4e4800000,0x000000b4e4900000)]
  0x000002452e819800 JavaThread "Cache worker for Build Output Cleanup Cache (C:\Users\Solifir\Desktop\Fil rouge\codingark-mobile-banking-ui-master\.gradle\buildOutputCleanup)" [_thread_blocked, id=10212, stack(0x000000b4ebf00000,0x000000b4ec000000)]
  0x000002452e818800 JavaThread "pool-7-thread-1" [_thread_blocked, id=8104, stack(0x000000b4ec000000,0x000000b4ec100000)]
  0x000002452e81a000 JavaThread "build event listener" [_thread_blocked, id=12080, stack(0x000000b4ec100000,0x000000b4ec200000)]
  0x000002452e81b000 JavaThread "Cache worker for file content cache (C:\Users\Solifir\Desktop\Fil rouge\codingark-mobile-banking-ui-master\.gradle\6.5\fileContent)" [_thread_blocked, id=12000, stack(0x000000b4ec200000,0x000000b4ec300000)]
  0x000002452e817800 JavaThread "Execution worker for ':'" [_thread_blocked, id=9924, stack(0x000000b4ec400000,0x000000b4ec500000)]
  0x000002452e81e000 JavaThread "Cache worker for execution history cache (C:\Users\Solifir\Desktop\Fil rouge\codingark-mobile-banking-ui-master\.gradle\6.5\executionHistory)" [_thread_blocked, id=11648, stack(0x000000b4ec500000,0x000000b4ec600000)]
  0x000002452dfce000 JavaThread "WorkerExecutor Queue" [_thread_blocked, id=11692, stack(0x000000b4ec600000,0x000000b4ec700000)]
  0x000002452dfd1000 JavaThread "WorkerExecutor Queue Thread 2" [_thread_blocked, id=7800, stack(0x000000b4ec700000,0x000000b4ec800000)]
  0x000002452dfd0800 JavaThread "pool-8-thread-1" [_thread_blocked, id=8764, stack(0x000000b4ec800000,0x000000b4ec900000)]
  0x000002452dfd2000 JavaThread "stderr" [_thread_in_native, id=6696, stack(0x000000b4ec900000,0x000000b4eca00000)]
  0x000002452dfcf800 JavaThread "stdout" [_thread_in_native, id=3656, stack(0x000000b4eca00000,0x000000b4ecb00000)]
  0x000002452dfcc800 JavaThread "stderr" [_thread_in_native, id=8956, stack(0x000000b4ecb00000,0x000000b4ecc00000)]
  0x000002452dfd3000 JavaThread "stdout" [_thread_in_native, id=9304, stack(0x000000b4ecc00000,0x000000b4ecd00000)]
  0x000002452dfcd000 JavaThread "RMI Scheduler(0)" daemon [_thread_blocked, id=1196, stack(0x000000b4ece00000,0x000000b4ecf00000)]
  0x000002452dfd4800 JavaThread "RMI GC Daemon" daemon [_thread_blocked, id=4292, stack(0x000000b4ed000000,0x000000b4ed100000)]
  0x000002452dfce800 JavaThread "RMI TCP Accept-0" daemon [_thread_in_native, id=5248, stack(0x000000b4ed100000,0x000000b4ed200000)]
  0x000002452dfd5000 JavaThread "RMI Reaper" [_thread_blocked, id=7000, stack(0x000000b4ed200000,0x000000b4ed300000)]
  0x000002452dfd6000 JavaThread "RMI TCP Connection(idle)" daemon [_thread_blocked, id=4536, stack(0x000000b4ed300000,0x000000b4ed400000)]
  0x000002452dfd8800 JavaThread "Cache worker for Java compile cache (C:\Users\Solifir\.gradle\caches\6.5\javaCompile)" [_thread_blocked, id=4256, stack(0x000000b4ed400000,0x000000b4ed500000)]
  0x000002452dfd7000 JavaThread "Cache worker for Java compile cache (C:\Users\Solifir\Desktop\Fil rouge\codingark-mobile-banking-ui-master\.gradle\6.5\javaCompile)" [_thread_blocked, id=9344, stack(0x000000b4ecf00000,0x000000b4ed000000)]

Other Threads:
=>0x000002457f1d1800 VMThread "VM Thread" [stack: 0x000000b4e2c00000,0x000000b4e2d00000] [id=7428]
  0x000002457fcba800 WatcherThread [stack: 0x000000b4e3600000,0x000000b4e3700000] [id=10120]
  0x000002457aac2000 GCTaskThread "GC Thread#0" [stack: 0x000000b4e2700000,0x000000b4e2800000] [id=5492]
  0x000002457fde4800 GCTaskThread "GC Thread#1" [stack: 0x000000b4e3700000,0x000000b4e3800000] [id=1452]
  0x000002457aaf2800 ConcurrentGCThread "G1 Main Marker" [stack: 0x000000b4e2800000,0x000000b4e2900000] [id=8164]
  0x000002457aaf6000 ConcurrentGCThread "G1 Conc#0" [stack: 0x000000b4e2900000,0x000000b4e2a00000] [id=9412]
  0x000002457ab7f800 ConcurrentGCThread "G1 Refine#0" [stack: 0x000000b4e2a00000,0x000000b4e2b00000] [id=8512]
  0x000002457ab80800 ConcurrentGCThread "G1 Young RemSet Sampling" [stack: 0x000000b4e2b00000,0x000000b4e2c00000] [id=2352]

Threads with active compile tasks:
C2 CompilerThread05315038 26272       4       com.android.tools.r8.ir.optimize.l::a (704 bytes)

VM state:at safepoint (normal execution)

VM Mutex/Monitor currently owned by a thread:  ([mutex/lock_event])
[0x000002457aaa6c80] Threads_lock - owner thread: 0x000002457f1d1800
[0x000002457aaa8030] Heap_lock - owner thread: 0x00000245199ee000

Heap address: 0x0000000080000000, size: 2048 MB, Compressed Oops mode: 32-bit
Narrow klass base: 0x0000000000000000, Narrow klass shift: 3
Compressed class space size: 1073741824 Address: 0x0000000100000000

Heap:
 garbage-first heap   total 483328K, used 215990K [0x0000000080000000, 0x0000000100000000)
  region size 1024K, 10 young (10240K), 10 survivors (10240K)
 Metaspace       used 166771K, capacity 171519K, committed 171732K, reserved 1198080K
  class space    used 20552K, capacity 22226K, committed 22348K, reserved 1048576K
Heap Regions: E=young(eden), S=young(survivor), O=old, HS=humongous(starts), HC=humongous(continues), CS=collection set, F=free, A=archive, TAMS=top-at-mark-start (previous, next)
|   0|0x0000000080000000, 0x0000000080100000, 0x0000000080100000|100%|HS|  |TAMS 0x0000000080100000, 0x0000000080000000| Complete 
|   1|0x0000000080100000, 0x0000000080200000, 0x0000000080200000|100%|HC|  |TAMS 0x0000000080200000, 0x0000000080100000| Complete 
|   2|0x0000000080200000, 0x0000000080300000, 0x0000000080300000|100%|HC|  |TAMS 0x0000000080300000, 0x0000000080200000| Complete 
|   3|0x0000000080300000, 0x0000000080400000, 0x0000000080400000|100%| O|  |TAMS 0x0000000080400000, 0x0000000080300000| Untracked 
|   4|0x0000000080400000, 0x0000000080500000, 0x0000000080500000|100%| O|  |TAMS 0x0000000080500000, 0x0000000080400000| Untracked 
|   5|0x0000000080500000, 0x0000000080600000, 0x0000000080600000|100%| O|  |TAMS 0x0000000080600000, 0x0000000080500000| Untracked 
|   6|0x0000000080600000, 0x0000000080700000, 0x0000000080700000|100%| O|  |TAMS 0x0000000080700000, 0x0000000080600000| Untracked 
|   7|0x0000000080700000, 0x0000000080800000, 0x0000000080800000|100%| O|  |TAMS 0x0000000080800000, 0x0000000080700000| Untracked 
|   8|0x0000000080800000, 0x0000000080900000, 0x0000000080900000|100%| O|  |TAMS 0x0000000080900000, 0x0000000080800000| Untracked 
|   9|0x0000000080900000, 0x0000000080a00000, 0x0000000080a00000|100%| O|  |TAMS 0x0000000080a00000, 0x0000000080900000| Untracked 
|  10|0x0000000080a00000, 0x0000000080b00000, 0x0000000080b00000|100%| O|  |TAMS 0x0000000080b00000, 0x0000000080a00000| Untracked 
|  11|0x0000000080b00000, 0x0000000080c00000, 0x0000000080c00000|100%| O|  |TAMS 0x0000000080c00000, 0x0000000080b00000| Untracked 
|  12|0x0000000080c00000, 0x0000000080d00000, 0x0000000080d00000|100%| O|  |TAMS 0x0000000080d00000, 0x0000000080c00000| Untracked 
|  13|0x0000000080d00000, 0x0000000080e00000, 0x0000000080e00000|100%| O|  |TAMS 0x0000000080e00000, 0x0000000080d00000| Untracked 
|  14|0x0000000080e00000, 0x0000000080f00000, 0x0000000080f00000|100%| O|  |TAMS 0x0000000080f00000, 0x0000000080e00000| Untracked 
|  15|0x0000000080f00000, 0x0000000081000000, 0x0000000081000000|100%|HS|  |TAMS 0x0000000081000000, 0x0000000080f00000| Complete 
|  16|0x0000000081000000, 0x0000000081100000, 0x0000000081100000|100%|HC|  |TAMS 0x0000000081100000, 0x0000000081000000| Complete 
|  17|0x0000000081100000, 0x0000000081200000, 0x0000000081200000|100%|HS|  |TAMS 0x0000000081200000, 0x0000000081100000| Complete 
|  18|0x0000000081200000, 0x0000000081300000, 0x0000000081300000|100%|HC|  |TAMS 0x0000000081300000, 0x0000000081200000| Complete 
|  19|0x0000000081300000, 0x0000000081400000, 0x0000000081400000|100%|HC|  |TAMS 0x0000000081400000, 0x0000000081300000| Complete 
|  20|0x0000000081400000, 0x0000000081500000, 0x0000000081500000|100%|HS|  |TAMS 0x0000000081500000, 0x0000000081400000| Complete 
|  21|0x0000000081500000, 0x0000000081600000, 0x0000000081600000|100%|HS|  |TAMS 0x0000000081600000, 0x0000000081500000| Complete 
|  22|0x0000000081600000, 0x0000000081700000, 0x0000000081700000|100%|HC|  |TAMS 0x0000000081700000, 0x0000000081600000| Complete 
|  23|0x0000000081700000, 0x0000000081800000, 0x0000000081800000|100%|HC|  |TAMS 0x0000000081800000, 0x0000000081700000| Complete 
|  24|0x0000000081800000, 0x0000000081900000, 0x0000000081900000|100%|HC|  |TAMS 0x0000000081900000, 0x0000000081800000| Complete 
|  25|0x0000000081900000, 0x0000000081a00000, 0x0000000081a00000|100%|HS|  |TAMS 0x0000000081a00000, 0x0000000081900000| Complete 
|  26|0x0000000081a00000, 0x0000000081b00000, 0x0000000081b00000|100%|HS|  |TAMS 0x0000000081b00000, 0x0000000081a00000| Complete 
|  27|0x0000000081b00000, 0x0000000081c00000, 0x0000000081c00000|100%|HC|  |TAMS 0x0000000081c00000, 0x0000000081b00000| Complete 
|  28|0x0000000081c00000, 0x0000000081d00000, 0x0000000081d00000|100%| O|  |TAMS 0x0000000081d00000, 0x0000000081c00000| Untracked 
|  29|0x0000000081d00000, 0x0000000081e00000, 0x0000000081e00000|100%| O|  |TAMS 0x0000000081e00000, 0x0000000081d00000| Untracked 
|  30|0x0000000081e00000, 0x0000000081f00000, 0x0000000081f00000|100%| O|  |TAMS 0x0000000081f00000, 0x0000000081e00000| Untracked 
|  31|0x0000000081f00000, 0x0000000082000000, 0x0000000082000000|100%| O|  |TAMS 0x0000000082000000, 0x0000000081f00000| Untracked 
|  32|0x0000000082000000, 0x0000000082100000, 0x0000000082100000|100%| O|  |TAMS 0x0000000082100000, 0x0000000082000000| Untracked 
|  33|0x0000000082100000, 0x0000000082200000, 0x0000000082200000|100%| O|  |TAMS 0x0000000082200000, 0x0000000082100000| Untracked 
|  34|0x0000000082200000, 0x0000000082300000, 0x0000000082300000|100%| O|  |TAMS 0x0000000082300000, 0x0000000082200000| Untracked 
|  35|0x0000000082300000, 0x0000000082400000, 0x0000000082400000|100%| O|  |TAMS 0x0000000082400000, 0x0000000082300000| Untracked 
|  36|0x0000000082400000, 0x0000000082500000, 0x0000000082500000|100%| O|  |TAMS 0x0000000082500000, 0x0000000082400000| Untracked 
|  37|0x0000000082500000, 0x0000000082600000, 0x0000000082600000|100%|HS|  |TAMS 0x0000000082600000, 0x0000000082500000| Complete 
|  38|0x0000000082600000, 0x0000000082700000, 0x0000000082700000|100%|HC|  |TAMS 0x0000000082700000, 0x0000000082600000| Complete 
|  39|0x0000000082700000, 0x0000000082800000, 0x0000000082800000|100%|HC|  |TAMS 0x0000000082800000, 0x0000000082700000| Complete 
|  40|0x0000000082800000, 0x0000000082900000, 0x0000000082900000|100%| O|  |TAMS 0x0000000082900000, 0x0000000082800000| Untracked 
|  41|0x0000000082900000, 0x0000000082a00000, 0x0000000082a00000|100%| O|  |TAMS 0x0000000082a00000, 0x0000000082900000| Untracked 
|  42|0x0000000082a00000, 0x0000000082b00000, 0x0000000082b00000|100%| O|  |TAMS 0x0000000082b00000, 0x0000000082a00000| Untracked 
|  43|0x0000000082b00000, 0x0000000082c00000, 0x0000000082c00000|100%| O|  |TAMS 0x0000000082c00000, 0x0000000082b00000| Untracked 
|  44|0x0000000082c00000, 0x0000000082d00000, 0x0000000082d00000|100%| O|  |TAMS 0x0000000082d00000, 0x0000000082c00000| Untracked 
|  45|0x0000000082d00000, 0x0000000082e00000, 0x0000000082e00000|100%| O|  |TAMS 0x0000000082e00000, 0x0000000082d00000| Untracked 
|  46|0x0000000082e00000, 0x0000000082f00000, 0x0000000082f00000|100%|HS|  |TAMS 0x0000000082f00000, 0x0000000082e00000| Complete 
|  47|0x0000000082f00000, 0x0000000083000000, 0x0000000083000000|100%| O|  |TAMS 0x0000000083000000, 0x0000000082f00000| Untracked 
|  48|0x0000000083000000, 0x0000000083100000, 0x0000000083100000|100%| O|  |TAMS 0x0000000083100000, 0x0000000083000000| Untracked 
|  49|0x0000000083100000, 0x0000000083200000, 0x0000000083200000|100%| O|  |TAMS 0x0000000083200000, 0x0000000083100000| Untracked 
|  50|0x0000000083200000, 0x0000000083300000, 0x0000000083300000|100%| O|  |TAMS 0x0000000083300000, 0x0000000083200000| Untracked 
|  51|0x0000000083300000, 0x0000000083400000, 0x0000000083400000|100%| O|  |TAMS 0x0000000083400000, 0x0000000083300000| Untracked 
|  52|0x0000000083400000, 0x0000000083500000, 0x0000000083500000|100%|HS|  |TAMS 0x0000000083400000, 0x0000000083400000| Complete 
|  53|0x0000000083500000, 0x0000000083600000, 0x0000000083600000|100%| O|  |TAMS 0x0000000083600000, 0x0000000083500000| Untracked 
|  54|0x0000000083600000, 0x0000000083700000, 0x0000000083700000|100%| O|  |TAMS 0x0000000083700000, 0x0000000083600000| Untracked 
|  55|0x0000000083700000, 0x0000000083800000, 0x0000000083800000|100%| O|  |TAMS 0x0000000083800000, 0x0000000083700000| Untracked 
|  56|0x0000000083800000, 0x0000000083900000, 0x0000000083900000|100%| O|  |TAMS 0x0000000083900000, 0x0000000083800000| Untracked 
|  57|0x0000000083900000, 0x0000000083a00000, 0x0000000083a00000|100%| O|  |TAMS 0x0000000083a00000, 0x0000000083900000| Untracked 
|  58|0x0000000083a00000, 0x0000000083b00000, 0x0000000083b00000|100%| O|  |TAMS 0x0000000083b00000, 0x0000000083a00000| Untracked 
|  59|0x0000000083b00000, 0x0000000083c00000, 0x0000000083c00000|100%|HS|  |TAMS 0x0000000083c00000, 0x0000000083b00000| Complete 
|  60|0x0000000083c00000, 0x0000000083d00000, 0x0000000083d00000|100%|HC|  |TAMS 0x0000000083d00000, 0x0000000083c00000| Complete 
|  61|0x0000000083d00000, 0x0000000083e00000, 0x0000000083e00000|100%|HS|  |TAMS 0x0000000083e00000, 0x0000000083d00000| Complete 
|  62|0x0000000083e00000, 0x0000000083f00000, 0x0000000083f00000|100%|HC|  |TAMS 0x0000000083f00000, 0x0000000083e00000| Complete 
|  63|0x0000000083f00000, 0x0000000084000000, 0x0000000084000000|100%|HC|  |TAMS 0x0000000084000000, 0x0000000083f00000| Complete 
|  64|0x0000000084000000, 0x0000000084100000, 0x0000000084100000|100%|HS|  |TAMS 0x0000000084100000, 0x0000000084000000| Complete 
|  65|0x0000000084100000, 0x0000000084200000, 0x0000000084200000|100%|HC|  |TAMS 0x0000000084200000, 0x0000000084100000| Complete 
|  66|0x0000000084200000, 0x0000000084300000, 0x0000000084300000|100%|HC|  |TAMS 0x0000000084300000, 0x0000000084200000| Complete 
|  67|0x0000000084300000, 0x0000000084400000, 0x0000000084400000|100%|HC|  |TAMS 0x0000000084400000, 0x0000000084300000| Complete 
|  68|0x0000000084400000, 0x0000000084500000, 0x0000000084500000|100%| O|  |TAMS 0x0000000084500000, 0x0000000084400000| Untracked 
|  69|0x0000000084500000, 0x0000000084600000, 0x0000000084600000|100%| O|  |TAMS 0x0000000084500000, 0x0000000084500000| Untracked 
|  70|0x0000000084600000, 0x0000000084700000, 0x0000000084700000|100%| O|  |TAMS 0x0000000084700000, 0x0000000084600000| Untracked 
|  71|0x0000000084700000, 0x0000000084800000, 0x0000000084800000|100%| O|  |TAMS 0x0000000084800000, 0x0000000084700000| Untracked 
|  72|0x0000000084800000, 0x0000000084900000, 0x0000000084900000|100%| O|  |TAMS 0x0000000084900000, 0x0000000084800000| Untracked 
|  73|0x0000000084900000, 0x0000000084a00000, 0x0000000084a00000|100%| O|  |TAMS 0x0000000084900000, 0x0000000084900000| Untracked 
|  74|0x0000000084a00000, 0x0000000084b00000, 0x0000000084b00000|100%| O|  |TAMS 0x0000000084a00000, 0x0000000084a00000| Untracked 
|  75|0x0000000084b00000, 0x0000000084c00000, 0x0000000084c00000|100%| O|  |TAMS 0x0000000084c00000, 0x0000000084b00000| Untracked 
|  76|0x0000000084c00000, 0x0000000084d00000, 0x0000000084d00000|100%| O|  |TAMS 0x0000000084c00000, 0x0000000084c00000| Untracked 
|  77|0x0000000084d00000, 0x0000000084e00000, 0x0000000084e00000|100%| O|  |TAMS 0x0000000084d00000, 0x0000000084d00000| Untracked 
|  78|0x0000000084e00000, 0x0000000084f00000, 0x0000000084f00000|100%| O|  |TAMS 0x0000000084f00000, 0x0000000084e00000| Untracked 
|  79|0x0000000084f00000, 0x0000000085000000, 0x0000000085000000|100%| O|  |TAMS 0x0000000085000000, 0x0000000084f00000| Untracked 
|  80|0x0000000085000000, 0x0000000085100000, 0x0000000085100000|100%| O|  |TAMS 0x0000000085100000, 0x0000000085000000| Untracked 
|  81|0x0000000085100000, 0x0000000085200000, 0x0000000085200000|100%| O|  |TAMS 0x0000000085200000, 0x0000000085100000| Untracked 
|  82|0x0000000085200000, 0x0000000085300000, 0x0000000085300000|100%| O|  |TAMS 0x0000000085200000, 0x0000000085200000| Untracked 
|  83|0x0000000085300000, 0x0000000085400000, 0x0000000085400000|100%| O|  |TAMS 0x0000000085300000, 0x0000000085300000| Untracked 
|  84|0x0000000085400000, 0x0000000085500000, 0x0000000085500000|100%| O|  |TAMS 0x0000000085500000, 0x0000000085400000| Untracked 
|  85|0x0000000085500000, 0x0000000085600000, 0x0000000085600000|100%| O|  |TAMS 0x0000000085500000, 0x0000000085500000| Untracked 
|  86|0x0000000085600000, 0x0000000085700000, 0x0000000085700000|100%| O|  |TAMS 0x0000000085700000, 0x0000000085600000| Untracked 
|  87|0x0000000085700000, 0x0000000085800000, 0x0000000085800000|100%| O|  |TAMS 0x0000000085800000, 0x0000000085700000| Untracked 
|  88|0x0000000085800000, 0x0000000085900000, 0x0000000085900000|100%| O|  |TAMS 0x0000000085800000, 0x0000000085800000| Untracked 
|  89|0x0000000085900000, 0x0000000085a00000, 0x0000000085a00000|100%| O|  |TAMS 0x0000000085900000, 0x0000000085900000| Untracked 
|  90|0x0000000085a00000, 0x0000000085b00000, 0x0000000085b00000|100%| O|  |TAMS 0x0000000085a00000, 0x0000000085a00000| Untracked 
|  91|0x0000000085b00000, 0x0000000085c00000, 0x0000000085c00000|100%| O|  |TAMS 0x0000000085c00000, 0x0000000085b00000| Untracked 
|  92|0x0000000085c00000, 0x0000000085d00000, 0x0000000085d00000|100%| O|  |TAMS 0x0000000085c00000, 0x0000000085c00000| Untracked 
|  93|0x0000000085d00000, 0x0000000085e00000, 0x0000000085e00000|100%| O|  |TAMS 0x0000000085e00000, 0x0000000085d00000| Untracked 
|  94|0x0000000085e00000, 0x0000000085f00000, 0x0000000085f00000|100%| O|  |TAMS 0x0000000085e00000, 0x0000000085e00000| Untracked 
|  95|0x0000000085f00000, 0x0000000086000000, 0x0000000086000000|100%| O|  |TAMS 0x0000000086000000, 0x0000000085f00000| Untracked 
|  96|0x0000000086000000, 0x0000000086100000, 0x0000000086100000|100%| O|  |TAMS 0x0000000086100000, 0x0000000086000000| Untracked 
|  97|0x0000000086100000, 0x0000000086200000, 0x0000000086200000|100%| O|  |TAMS 0x0000000086100000, 0x0000000086100000| Untracked 
|  98|0x0000000086200000, 0x0000000086300000, 0x0000000086300000|100%| O|  |TAMS 0x0000000086200000, 0x0000000086200000| Untracked 
|  99|0x0000000086300000, 0x0000000086400000, 0x0000000086400000|100%| O|  |TAMS 0x0000000086300000, 0x0000000086300000| Untracked 
| 100|0x0000000086400000, 0x0000000086500000, 0x0000000086500000|100%| O|  |TAMS 0x0000000086500000, 0x0000000086400000| Untracked 
| 101|0x0000000086500000, 0x0000000086600000, 0x0000000086600000|100%| O|  |TAMS 0x0000000086600000, 0x0000000086500000| Untracked 
| 102|0x0000000086600000, 0x0000000086700000, 0x0000000086700000|100%| O|  |TAMS 0x0000000086700000, 0x0000000086600000| Untracked 
| 103|0x0000000086700000, 0x0000000086800000, 0x0000000086800000|100%| O|  |TAMS 0x0000000086800000, 0x0000000086700000| Untracked 
| 104|0x0000000086800000, 0x0000000086900000, 0x0000000086900000|100%| O|  |TAMS 0x0000000086800000, 0x0000000086800000| Untracked 
| 105|0x0000000086900000, 0x0000000086a00000, 0x0000000086a00000|100%| O|  |TAMS 0x0000000086a00000, 0x0000000086900000| Untracked 
| 106|0x0000000086a00000, 0x0000000086b00000, 0x0000000086b00000|100%| O|  |TAMS 0x0000000086a00000, 0x0000000086a00000| Untracked 
| 107|0x0000000086b00000, 0x0000000086c00000, 0x0000000086c00000|100%| O|  |TAMS 0x0000000086b00000, 0x0000000086b00000| Untracked 
| 108|0x0000000086c00000, 0x0000000086d00000, 0x0000000086d00000|100%| O|  |TAMS 0x0000000086c00000, 0x0000000086c00000| Untracked 
| 109|0x0000000086d00000, 0x0000000086e00000, 0x0000000086e00000|100%| O|  |TAMS 0x0000000086d00000, 0x0000000086d00000| Untracked 
| 110|0x0000000086e00000, 0x0000000086f00000, 0x0000000086f00000|100%| O|  |TAMS 0x0000000086e00000, 0x0000000086e00000| Untracked 
| 111|0x0000000086f00000, 0x0000000087000000, 0x0000000087000000|100%| O|  |TAMS 0x0000000086f00000, 0x0000000086f00000| Untracked 
| 112|0x0000000087000000, 0x0000000087100000, 0x0000000087100000|100%| O|  |TAMS 0x0000000087000000, 0x0000000087000000| Untracked 
| 113|0x0000000087100000, 0x0000000087200000, 0x0000000087200000|100%| O|  |TAMS 0x0000000087100000, 0x0000000087100000| Untracked 
| 114|0x0000000087200000, 0x0000000087300000, 0x0000000087300000|100%| O|  |TAMS 0x0000000087200000, 0x0000000087200000| Untracked 
| 115|0x0000000087300000, 0x0000000087400000, 0x0000000087400000|100%| O|  |TAMS 0x0000000087300000, 0x0000000087300000| Untracked 
| 116|0x0000000087400000, 0x0000000087500000, 0x0000000087500000|100%| O|  |TAMS 0x0000000087400000, 0x0000000087400000| Untracked 
| 117|0x0000000087500000, 0x0000000087600000, 0x0000000087600000|100%| O|  |TAMS 0x0000000087500000, 0x0000000087500000| Untracked 
| 118|0x0000000087600000, 0x0000000087700000, 0x0000000087700000|100%| O|  |TAMS 0x0000000087600000, 0x0000000087600000| Untracked 
| 119|0x0000000087700000, 0x0000000087800000, 0x0000000087800000|100%| O|  |TAMS 0x0000000087700000, 0x0000000087700000| Untracked 
| 120|0x0000000087800000, 0x0000000087900000, 0x0000000087900000|100%| O|  |TAMS 0x0000000087800000, 0x0000000087800000| Untracked 
| 121|0x0000000087900000, 0x0000000087a00000, 0x0000000087a00000|100%| O|  |TAMS 0x0000000087900000, 0x0000000087900000| Untracked 
| 122|0x0000000087a00000, 0x0000000087b00000, 0x0000000087b00000|100%| O|  |TAMS 0x0000000087a00000, 0x0000000087a00000| Untracked 
| 123|0x0000000087b00000, 0x0000000087c00000, 0x0000000087c00000|100%| O|  |TAMS 0x0000000087b00000, 0x0000000087b00000| Untracked 
| 124|0x0000000087c00000, 0x0000000087d00000, 0x0000000087d00000|100%| O|  |TAMS 0x0000000087d00000, 0x0000000087c00000| Untracked 
| 125|0x0000000087d00000, 0x0000000087e00000, 0x0000000087e00000|100%| O|  |TAMS 0x0000000087e00000, 0x0000000087d00000| Untracked 
| 126|0x0000000087e00000, 0x0000000087f00000, 0x0000000087f00000|100%| O|  |TAMS 0x0000000087e00000, 0x0000000087e00000| Untracked 
| 127|0x0000000087f00000, 0x0000000088000000, 0x0000000088000000|100%| O|  |TAMS 0x0000000087f00000, 0x0000000087f00000| Untracked 
| 128|0x0000000088000000, 0x0000000088100000, 0x0000000088100000|100%| O|  |TAMS 0x0000000088000000, 0x0000000088000000| Untracked 
| 129|0x0000000088100000, 0x0000000088200000, 0x0000000088200000|100%| O|  |TAMS 0x0000000088100000, 0x0000000088100000| Untracked 
| 130|0x0000000088200000, 0x0000000088300000, 0x0000000088300000|100%| O|  |TAMS 0x0000000088200000, 0x0000000088200000| Untracked 
| 131|0x0000000088300000, 0x0000000088400000, 0x0000000088400000|100%|HS|  |TAMS 0x0000000088300000, 0x0000000088300000| Complete 
| 132|0x0000000088400000, 0x0000000088500000, 0x0000000088500000|100%|HC|  |TAMS 0x0000000088400000, 0x0000000088400000| Complete 
| 133|0x0000000088500000, 0x0000000088600000, 0x0000000088600000|100%|HC|  |TAMS 0x0000000088500000, 0x0000000088500000| Complete 
| 134|0x0000000088600000, 0x0000000088700000, 0x0000000088700000|100%| O|  |TAMS 0x0000000088600000, 0x0000000088600000| Untracked 
| 135|0x0000000088700000, 0x0000000088800000, 0x0000000088800000|100%| O|  |TAMS 0x0000000088700000, 0x0000000088700000| Untracked 
| 136|0x0000000088800000, 0x0000000088900000, 0x0000000088900000|100%| O|  |TAMS 0x0000000088800000, 0x0000000088800000| Untracked 
| 137|0x0000000088900000, 0x0000000088a00000, 0x0000000088a00000|100%| O|  |TAMS 0x0000000088900000, 0x0000000088900000| Untracked 
| 138|0x0000000088a00000, 0x0000000088b00000, 0x0000000088b00000|100%| O|  |TAMS 0x0000000088a00000, 0x0000000088a00000| Untracked 
| 139|0x0000000088b00000, 0x0000000088c00000, 0x0000000088c00000|100%| O|  |TAMS 0x0000000088b00000, 0x0000000088b00000| Untracked 
| 140|0x0000000088c00000, 0x0000000088d00000, 0x0000000088d00000|100%| O|  |TAMS 0x0000000088c00000, 0x0000000088c00000| Untracked 
| 141|0x0000000088d00000, 0x0000000088e00000, 0x0000000088e00000|100%| O|  |TAMS 0x0000000088d00000, 0x0000000088d00000| Untracked 
| 142|0x0000000088e00000, 0x0000000088f00000, 0x0000000088f00000|100%| O|  |TAMS 0x0000000088e00000, 0x0000000088e00000| Untracked 
| 143|0x0000000088f00000, 0x0000000089000000, 0x0000000089000000|100%| O|  |TAMS 0x0000000088f00000, 0x0000000088f00000| Untracked 
| 144|0x0000000089000000, 0x0000000089100000, 0x0000000089100000|100%| O|  |TAMS 0x0000000089000000, 0x0000000089000000| Untracked 
| 145|0x0000000089100000, 0x0000000089200000, 0x0000000089200000|100%| O|  |TAMS 0x0000000089100000, 0x0000000089100000| Untracked 
| 146|0x0000000089200000, 0x0000000089300000, 0x0000000089300000|100%| O|  |TAMS 0x0000000089200000, 0x0000000089200000| Untracked 
| 147|0x0000000089300000, 0x0000000089400000, 0x0000000089400000|100%| O|  |TAMS 0x0000000089300000, 0x0000000089300000| Untracked 
| 148|0x0000000089400000, 0x0000000089500000, 0x0000000089500000|100%| O|  |TAMS 0x0000000089400000, 0x0000000089400000| Untracked 
| 149|0x0000000089500000, 0x0000000089600000, 0x0000000089600000|100%| O|  |TAMS 0x0000000089500000, 0x0000000089500000| Untracked 
| 150|0x0000000089600000, 0x0000000089700000, 0x0000000089700000|100%| O|  |TAMS 0x0000000089600000, 0x0000000089600000| Untracked 
| 151|0x0000000089700000, 0x0000000089800000, 0x0000000089800000|100%| O|  |TAMS 0x0000000089700000, 0x0000000089700000| Untracked 
| 152|0x0000000089800000, 0x0000000089900000, 0x0000000089900000|100%| O|  |TAMS 0x0000000089800000, 0x0000000089800000| Untracked 
| 153|0x0000000089900000, 0x0000000089a00000, 0x0000000089a00000|100%| O|  |TAMS 0x0000000089900000, 0x0000000089900000| Untracked 
| 154|0x0000000089a00000, 0x0000000089b00000, 0x0000000089b00000|100%| O|  |TAMS 0x0000000089a00000, 0x0000000089a00000| Untracked 
| 155|0x0000000089b00000, 0x0000000089c00000, 0x0000000089c00000|100%| O|  |TAMS 0x0000000089b00000, 0x0000000089b00000| Untracked 
| 156|0x0000000089c00000, 0x0000000089d00000, 0x0000000089d00000|100%| O|  |TAMS 0x0000000089c00000, 0x0000000089c00000| Untracked 
| 157|0x0000000089d00000, 0x0000000089e00000, 0x0000000089e00000|100%| O|  |TAMS 0x0000000089d00000, 0x0000000089d00000| Untracked 
| 158|0x0000000089e00000, 0x0000000089f00000, 0x0000000089f00000|100%| O|  |TAMS 0x0000000089e00000, 0x0000000089e00000| Untracked 
| 159|0x0000000089f00000, 0x000000008a000000, 0x000000008a000000|100%| O|  |TAMS 0x0000000089f00000, 0x0000000089f00000| Untracked 
| 160|0x000000008a000000, 0x000000008a100000, 0x000000008a100000|100%| O|  |TAMS 0x000000008a000000, 0x000000008a000000| Untracked 
| 161|0x000000008a100000, 0x000000008a200000, 0x000000008a200000|100%| O|  |TAMS 0x000000008a100000, 0x000000008a100000| Untracked 
| 162|0x000000008a200000, 0x000000008a300000, 0x000000008a300000|100%| O|  |TAMS 0x000000008a200000, 0x000000008a200000| Untracked 
| 163|0x000000008a300000, 0x000000008a400000, 0x000000008a400000|100%| O|  |TAMS 0x000000008a300000, 0x000000008a300000| Untracked 
| 164|0x000000008a400000, 0x000000008a500000, 0x000000008a500000|100%| O|  |TAMS 0x000000008a400000, 0x000000008a400000| Untracked 
| 165|0x000000008a500000, 0x000000008a600000, 0x000000008a600000|100%| O|  |TAMS 0x000000008a500000, 0x000000008a500000| Untracked 
| 166|0x000000008a600000, 0x000000008a700000, 0x000000008a700000|100%| O|  |TAMS 0x000000008a600000, 0x000000008a600000| Untracked 
| 167|0x000000008a700000, 0x000000008a800000, 0x000000008a800000|100%| O|  |TAMS 0x000000008a700000, 0x000000008a700000| Untracked 
| 168|0x000000008a800000, 0x000000008a900000, 0x000000008a900000|100%| O|  |TAMS 0x000000008a800000, 0x000000008a800000| Untracked 
| 169|0x000000008a900000, 0x000000008aa00000, 0x000000008aa00000|100%| O|  |TAMS 0x000000008a900000, 0x000000008a900000| Untracked 
| 170|0x000000008aa00000, 0x000000008ab00000, 0x000000008ab00000|100%| O|  |TAMS 0x000000008aa00000, 0x000000008aa00000| Untracked 
| 171|0x000000008ab00000, 0x000000008ac00000, 0x000000008ac00000|100%| O|  |TAMS 0x000000008ab00000, 0x000000008ab00000| Untracked 
| 172|0x000000008ac00000, 0x000000008ad00000, 0x000000008ad00000|100%| O|  |TAMS 0x000000008ad00000, 0x000000008ac00000| Untracked 
| 173|0x000000008ad00000, 0x000000008ae00000, 0x000000008ae00000|100%| O|  |TAMS 0x000000008ae00000, 0x000000008ad00000| Untracked 
| 174|0x000000008ae00000, 0x000000008af00000, 0x000000008af00000|100%| O|  |TAMS 0x000000008ae00000, 0x000000008ae00000| Untracked 
| 175|0x000000008af00000, 0x000000008b000000, 0x000000008b000000|100%| O|  |TAMS 0x000000008af00000, 0x000000008af00000| Untracked 
| 176|0x000000008b000000, 0x000000008b100000, 0x000000008b100000|100%| O|  |TAMS 0x000000008b000000, 0x000000008b000000| Untracked 
| 177|0x000000008b100000, 0x000000008b200000, 0x000000008b200000|100%| O|  |TAMS 0x000000008b100000, 0x000000008b100000| Untracked 
| 178|0x000000008b200000, 0x000000008b300000, 0x000000008b300000|100%| O|  |TAMS 0x000000008b200000, 0x000000008b200000| Untracked 
| 179|0x000000008b300000, 0x000000008b400000, 0x000000008b400000|100%| O|  |TAMS 0x000000008b300000, 0x000000008b300000| Untracked 
| 180|0x000000008b400000, 0x000000008b500000, 0x000000008b500000|100%|HS|  |TAMS 0x000000008b400000, 0x000000008b400000| Complete 
| 181|0x000000008b500000, 0x000000008b600000, 0x000000008b600000|100%| O|  |TAMS 0x000000008b500000, 0x000000008b500000| Untracked 
| 182|0x000000008b600000, 0x000000008b700000, 0x000000008b700000|100%| O|  |TAMS 0x000000008b600000, 0x000000008b600000| Untracked 
| 183|0x000000008b700000, 0x000000008b800000, 0x000000008b800000|100%| O|  |TAMS 0x000000008b700000, 0x000000008b700000| Untracked 
| 184|0x000000008b800000, 0x000000008b900000, 0x000000008b900000|100%| O|  |TAMS 0x000000008b800000, 0x000000008b800000| Untracked 
| 185|0x000000008b900000, 0x000000008ba00000, 0x000000008ba00000|100%| O|  |TAMS 0x000000008b900000, 0x000000008b900000| Untracked 
| 186|0x000000008ba00000, 0x000000008bb00000, 0x000000008bb00000|100%| O|  |TAMS 0x000000008ba00000, 0x000000008ba00000| Untracked 
| 187|0x000000008bb00000, 0x000000008bc00000, 0x000000008bc00000|100%| O|  |TAMS 0x000000008bb00000, 0x000000008bb00000| Untracked 
| 188|0x000000008bc00000, 0x000000008bd00000, 0x000000008bd00000|100%| O|  |TAMS 0x000000008bc00000, 0x000000008bc00000| Untracked 
| 189|0x000000008bd00000, 0x000000008be00000, 0x000000008be00000|100%| O|  |TAMS 0x000000008bd00000, 0x000000008bd00000| Untracked 
| 190|0x000000008be00000, 0x000000008bf00000, 0x000000008bf00000|100%| O|  |TAMS 0x000000008be00000, 0x000000008be00000| Untracked 
| 191|0x000000008bf00000, 0x000000008c000000, 0x000000008c000000|100%| O|  |TAMS 0x000000008bf00000, 0x000000008bf00000| Untracked 
| 192|0x000000008c000000, 0x000000008c100000, 0x000000008c100000|100%| O|  |TAMS 0x000000008c000000, 0x000000008c000000| Untracked 
| 193|0x000000008c100000, 0x000000008c200000, 0x000000008c200000|100%| O|  |TAMS 0x000000008c100000, 0x000000008c100000| Untracked 
| 194|0x000000008c200000, 0x000000008c300000, 0x000000008c300000|100%| O|  |TAMS 0x000000008c200000, 0x000000008c200000| Untracked 
| 195|0x000000008c300000, 0x000000008c400000, 0x000000008c400000|100%| O|  |TAMS 0x000000008c300000, 0x000000008c300000| Untracked 
| 196|0x000000008c400000, 0x000000008c500000, 0x000000008c500000|100%| O|  |TAMS 0x000000008c400000, 0x000000008c400000| Untracked 
| 197|0x000000008c500000, 0x000000008c600000, 0x000000008c600000|100%| O|  |TAMS 0x000000008c500000, 0x000000008c500000| Untracked 
| 198|0x000000008c600000, 0x000000008c700000, 0x000000008c700000|100%| O|  |TAMS 0x000000008c600000, 0x000000008c600000| Untracked 
| 199|0x000000008c700000, 0x000000008c800000, 0x000000008c800000|100%| O|  |TAMS 0x000000008c700000, 0x000000008c700000| Untracked 
| 200|0x000000008c800000, 0x000000008c900000, 0x000000008c900000|100%| O|  |TAMS 0x000000008c800000, 0x000000008c800000| Untracked 
| 201|0x000000008c900000, 0x000000008c96d800, 0x000000008ca00000| 42%| O|  |TAMS 0x000000008c900000, 0x000000008c900000| Untracked 
| 202|0x000000008ca00000, 0x000000008ca00000, 0x000000008cb00000|  0%| F|  |TAMS 0x000000008ca00000, 0x000000008ca00000| Untracked 
| 203|0x000000008cb00000, 0x000000008cb00000, 0x000000008cc00000|  0%| F|  |TAMS 0x000000008cb00000, 0x000000008cb00000| Untracked 
| 204|0x000000008cc00000, 0x000000008cc00000, 0x000000008cd00000|  0%| F|  |TAMS 0x000000008cc00000, 0x000000008cc00000| Untracked 
| 205|0x000000008cd00000, 0x000000008cd00000, 0x000000008ce00000|  0%| F|  |TAMS 0x000000008cd00000, 0x000000008cd00000| Untracked 
| 206|0x000000008ce00000, 0x000000008ce00000, 0x000000008cf00000|  0%| F|  |TAMS 0x000000008ce00000, 0x000000008ce00000| Untracked 
| 207|0x000000008cf00000, 0x000000008cf00000, 0x000000008d000000|  0%| F|  |TAMS 0x000000008cf00000, 0x000000008cf00000| Untracked 
| 208|0x000000008d000000, 0x000000008d000000, 0x000000008d100000|  0%| F|  |TAMS 0x000000008d000000, 0x000000008d000000| Untracked 
| 209|0x000000008d100000, 0x000000008d100000, 0x000000008d200000|  0%| F|  |TAMS 0x000000008d100000, 0x000000008d100000| Untracked 
| 210|0x000000008d200000, 0x000000008d200000, 0x000000008d300000|  0%| F|  |TAMS 0x000000008d200000, 0x000000008d200000| Untracked 
| 211|0x000000008d300000, 0x000000008d300000, 0x000000008d400000|  0%| F|  |TAMS 0x000000008d300000, 0x000000008d300000| Untracked 
| 212|0x000000008d400000, 0x000000008d400000, 0x000000008d500000|  0%| F|  |TAMS 0x000000008d400000, 0x000000008d400000| Untracked 
| 213|0x000000008d500000, 0x000000008d500000, 0x000000008d600000|  0%| F|  |TAMS 0x000000008d500000, 0x000000008d500000| Untracked 
| 214|0x000000008d600000, 0x000000008d600000, 0x000000008d700000|  0%| F|  |TAMS 0x000000008d600000, 0x000000008d600000| Untracked 
| 215|0x000000008d700000, 0x000000008d700000, 0x000000008d800000|  0%| F|  |TAMS 0x000000008d700000, 0x000000008d700000| Untracked 
| 216|0x000000008d800000, 0x000000008d800000, 0x000000008d900000|  0%| F|  |TAMS 0x000000008d800000, 0x000000008d800000| Untracked 
| 217|0x000000008d900000, 0x000000008d900000, 0x000000008da00000|  0%| F|  |TAMS 0x000000008d900000, 0x000000008d900000| Untracked 
| 218|0x000000008da00000, 0x000000008da00000, 0x000000008db00000|  0%| F|  |TAMS 0x000000008da00000, 0x000000008da00000| Untracked 
| 219|0x000000008db00000, 0x000000008db00000, 0x000000008dc00000|  0%| F|  |TAMS 0x000000008db00000, 0x000000008db00000| Untracked 
| 220|0x000000008dc00000, 0x000000008dc00000, 0x000000008dd00000|  0%| F|  |TAMS 0x000000008dc00000, 0x000000008dc00000| Untracked 
| 221|0x000000008dd00000, 0x000000008dd00000, 0x000000008de00000|  0%| F|  |TAMS 0x000000008dd00000, 0x000000008dd00000| Untracked 
| 222|0x000000008de00000, 0x000000008de00000, 0x000000008df00000|  0%| F|  |TAMS 0x000000008de00000, 0x000000008de00000| Untracked 
| 223|0x000000008df00000, 0x000000008df00000, 0x000000008e000000|  0%| F|  |TAMS 0x000000008df00000, 0x000000008df00000| Untracked 
| 224|0x000000008e000000, 0x000000008e000000, 0x000000008e100000|  0%| F|  |TAMS 0x000000008e000000, 0x000000008e000000| Untracked 
| 225|0x000000008e100000, 0x000000008e100000, 0x000000008e200000|  0%| F|  |TAMS 0x000000008e100000, 0x000000008e100000| Untracked 
| 226|0x000000008e200000, 0x000000008e200000, 0x000000008e300000|  0%| F|  |TAMS 0x000000008e200000, 0x000000008e200000| Untracked 
| 227|0x000000008e300000, 0x000000008e300000, 0x000000008e400000|  0%| F|  |TAMS 0x000000008e300000, 0x000000008e300000| Untracked 
| 228|0x000000008e400000, 0x000000008e400000, 0x000000008e500000|  0%| F|  |TAMS 0x000000008e400000, 0x000000008e400000| Untracked 
| 229|0x000000008e500000, 0x000000008e500000, 0x000000008e600000|  0%| F|  |TAMS 0x000000008e500000, 0x000000008e500000| Untracked 
| 230|0x000000008e600000, 0x000000008e600000, 0x000000008e700000|  0%| F|  |TAMS 0x000000008e600000, 0x000000008e600000| Untracked 
| 231|0x000000008e700000, 0x000000008e700000, 0x000000008e800000|  0%| F|  |TAMS 0x000000008e700000, 0x000000008e700000| Untracked 
| 232|0x000000008e800000, 0x000000008e800000, 0x000000008e900000|  0%| F|  |TAMS 0x000000008e800000, 0x000000008e800000| Untracked 
| 233|0x000000008e900000, 0x000000008e900000, 0x000000008ea00000|  0%| F|  |TAMS 0x000000008e900000, 0x000000008e900000| Untracked 
| 234|0x000000008ea00000, 0x000000008ea00000, 0x000000008eb00000|  0%| F|  |TAMS 0x000000008ea00000, 0x000000008ea00000| Untracked 
| 235|0x000000008eb00000, 0x000000008eb00000, 0x000000008ec00000|  0%| F|  |TAMS 0x000000008eb00000, 0x000000008eb00000| Untracked 
| 236|0x000000008ec00000, 0x000000008ec00000, 0x000000008ed00000|  0%| F|  |TAMS 0x000000008ec00000, 0x000000008ec00000| Untracked 
| 237|0x000000008ed00000, 0x000000008ed00000, 0x000000008ee00000|  0%| F|  |TAMS 0x000000008ed00000, 0x000000008ed00000| Untracked 
| 238|0x000000008ee00000, 0x000000008ee00000, 0x000000008ef00000|  0%| F|  |TAMS 0x000000008ee00000, 0x000000008ee00000| Untracked 
| 239|0x000000008ef00000, 0x000000008ef00000, 0x000000008f000000|  0%| F|  |TAMS 0x000000008ef00000, 0x000000008ef00000| Untracked 
| 240|0x000000008f000000, 0x000000008f000000, 0x000000008f100000|  0%| F|  |TAMS 0x000000008f000000, 0x000000008f000000| Untracked 
| 241|0x000000008f100000, 0x000000008f100000, 0x000000008f200000|  0%| F|  |TAMS 0x000000008f100000, 0x000000008f100000| Untracked 
| 242|0x000000008f200000, 0x000000008f200000, 0x000000008f300000|  0%| F|  |TAMS 0x000000008f200000, 0x000000008f200000| Untracked 
| 243|0x000000008f300000, 0x000000008f300000, 0x000000008f400000|  0%| F|  |TAMS 0x000000008f300000, 0x000000008f300000| Untracked 
| 244|0x000000008f400000, 0x000000008f400000, 0x000000008f500000|  0%| F|  |TAMS 0x000000008f400000, 0x000000008f400000| Untracked 
| 245|0x000000008f500000, 0x000000008f500000, 0x000000008f600000|  0%| F|  |TAMS 0x000000008f500000, 0x000000008f500000| Untracked 
| 246|0x000000008f600000, 0x000000008f600000, 0x000000008f700000|  0%| F|  |TAMS 0x000000008f600000, 0x000000008f600000| Untracked 
| 247|0x000000008f700000, 0x000000008f700000, 0x000000008f800000|  0%| F|  |TAMS 0x000000008f700000, 0x000000008f700000| Untracked 
| 248|0x000000008f800000, 0x000000008f800000, 0x000000008f900000|  0%| F|  |TAMS 0x000000008f800000, 0x000000008f800000| Untracked 
| 249|0x000000008f900000, 0x000000008f900000, 0x000000008fa00000|  0%| F|  |TAMS 0x000000008f900000, 0x000000008f900000| Untracked 
| 250|0x000000008fa00000, 0x000000008fa00000, 0x000000008fb00000|  0%| F|  |TAMS 0x000000008fa00000, 0x000000008fa00000| Untracked 
| 251|0x000000008fb00000, 0x000000008fb00000, 0x000000008fc00000|  0%| F|  |TAMS 0x000000008fb00000, 0x000000008fb00000| Untracked 
| 252|0x000000008fc00000, 0x000000008fc00000, 0x000000008fd00000|  0%| F|  |TAMS 0x000000008fc00000, 0x000000008fc00000| Untracked 
| 253|0x000000008fd00000, 0x000000008fd00000, 0x000000008fe00000|  0%| F|  |TAMS 0x000000008fd00000, 0x000000008fd00000| Untracked 
| 254|0x000000008fe00000, 0x000000008fe00000, 0x000000008ff00000|  0%| F|  |TAMS 0x000000008fe00000, 0x000000008fe00000| Untracked 
| 255|0x000000008ff00000, 0x000000008ff00000, 0x0000000090000000|  0%| F|  |TAMS 0x000000008ff00000, 0x000000008ff00000| Untracked 
| 256|0x0000000090000000, 0x0000000090000000, 0x0000000090100000|  0%| F|  |TAMS 0x0000000090000000, 0x0000000090000000| Untracked 
| 257|0x0000000090100000, 0x0000000090180000, 0x0000000090200000| 50%| S|CS|TAMS 0x0000000090100000, 0x0000000090100000| Complete 
| 258|0x0000000090200000, 0x0000000090300000, 0x0000000090300000|100%| S|CS|TAMS 0x0000000090200000, 0x0000000090200000| Complete 
| 259|0x0000000090300000, 0x0000000090400000, 0x0000000090400000|100%| S|CS|TAMS 0x0000000090300000, 0x0000000090300000| Complete 
| 260|0x0000000090400000, 0x0000000090500000, 0x0000000090500000|100%| S|CS|TAMS 0x0000000090400000, 0x0000000090400000| Complete 
| 261|0x0000000090500000, 0x0000000090600000, 0x0000000090600000|100%| S|CS|TAMS 0x0000000090500000, 0x0000000090500000| Complete 
| 262|0x0000000090600000, 0x0000000090700000, 0x0000000090700000|100%| S|CS|TAMS 0x0000000090600000, 0x0000000090600000| Complete 
| 263|0x0000000090700000, 0x0000000090800000, 0x0000000090800000|100%| S|CS|TAMS 0x0000000090700000, 0x0000000090700000| Complete 
| 264|0x0000000090800000, 0x0000000090900000, 0x0000000090900000|100%| S|CS|TAMS 0x0000000090800000, 0x0000000090800000| Complete 
| 265|0x0000000090900000, 0x0000000090a00000, 0x0000000090a00000|100%| S|CS|TAMS 0x0000000090900000, 0x0000000090900000| Complete 
| 266|0x0000000090a00000, 0x0000000090b00000, 0x0000000090b00000|100%| S|CS|TAMS 0x0000000090a00000, 0x0000000090a00000| Complete 
| 267|0x0000000090b00000, 0x0000000090b00000, 0x0000000090c00000|  0%| F|  |TAMS 0x0000000090b00000, 0x0000000090b00000| Untracked 
| 268|0x0000000090c00000, 0x0000000090c00000, 0x0000000090d00000|  0%| F|  |TAMS 0x0000000090c00000, 0x0000000090c00000| Untracked 
| 269|0x0000000090d00000, 0x0000000090d00000, 0x0000000090e00000|  0%| F|  |TAMS 0x0000000090d00000, 0x0000000090d00000| Untracked 
| 270|0x0000000090e00000, 0x0000000090e00000, 0x0000000090f00000|  0%| F|  |TAMS 0x0000000090e00000, 0x0000000090e00000| Untracked 
| 271|0x0000000090f00000, 0x0000000090f00000, 0x0000000091000000|  0%| F|  |TAMS 0x0000000090f00000, 0x0000000090f00000| Untracked 
| 272|0x0000000091000000, 0x0000000091000000, 0x0000000091100000|  0%| F|  |TAMS 0x0000000091000000, 0x0000000091000000| Untracked 
| 273|0x0000000091100000, 0x0000000091100000, 0x0000000091200000|  0%| F|  |TAMS 0x0000000091100000, 0x0000000091100000| Untracked 
| 274|0x0000000091200000, 0x0000000091200000, 0x0000000091300000|  0%| F|  |TAMS 0x0000000091200000, 0x0000000091200000| Untracked 
| 275|0x0000000091300000, 0x0000000091300000, 0x0000000091400000|  0%| F|  |TAMS 0x0000000091300000, 0x0000000091300000| Untracked 
| 276|0x0000000091400000, 0x0000000091400000, 0x0000000091500000|  0%| F|  |TAMS 0x0000000091400000, 0x0000000091400000| Untracked 
| 277|0x0000000091500000, 0x0000000091500000, 0x0000000091600000|  0%| F|  |TAMS 0x0000000091500000, 0x0000000091500000| Untracked 
| 278|0x0000000091600000, 0x0000000091600000, 0x0000000091700000|  0%| F|  |TAMS 0x0000000091600000, 0x0000000091600000| Untracked 
| 279|0x0000000091700000, 0x0000000091700000, 0x0000000091800000|  0%| F|  |TAMS 0x0000000091700000, 0x0000000091700000| Untracked 
| 280|0x0000000091800000, 0x0000000091800000, 0x0000000091900000|  0%| F|  |TAMS 0x0000000091800000, 0x0000000091800000| Untracked 
| 281|0x0000000091900000, 0x0000000091900000, 0x0000000091a00000|  0%| F|  |TAMS 0x0000000091900000, 0x0000000091900000| Untracked 
| 282|0x0000000091a00000, 0x0000000091a00000, 0x0000000091b00000|  0%| F|  |TAMS 0x0000000091a00000, 0x0000000091a00000| Untracked 
| 283|0x0000000091b00000, 0x0000000091b00000, 0x0000000091c00000|  0%| F|  |TAMS 0x0000000091b00000, 0x0000000091b00000| Untracked 
| 284|0x0000000091c00000, 0x0000000091c00000, 0x0000000091d00000|  0%| F|  |TAMS 0x0000000091c00000, 0x0000000091c00000| Untracked 
| 285|0x0000000091d00000, 0x0000000091d00000, 0x0000000091e00000|  0%| F|  |TAMS 0x0000000091d00000, 0x0000000091d00000| Untracked 
| 286|0x0000000091e00000, 0x0000000091e00000, 0x0000000091f00000|  0%| F|  |TAMS 0x0000000091e00000, 0x0000000091e00000| Untracked 
| 287|0x0000000091f00000, 0x0000000091f00000, 0x0000000092000000|  0%| F|  |TAMS 0x0000000091f00000, 0x0000000091f00000| Untracked 
| 288|0x0000000092000000, 0x0000000092000000, 0x0000000092100000|  0%| F|  |TAMS 0x0000000092000000, 0x0000000092000000| Untracked 
| 289|0x0000000092100000, 0x0000000092100000, 0x0000000092200000|  0%| F|  |TAMS 0x0000000092100000, 0x0000000092100000| Untracked 
| 290|0x0000000092200000, 0x0000000092200000, 0x0000000092300000|  0%| F|  |TAMS 0x0000000092200000, 0x0000000092200000| Untracked 
| 291|0x0000000092300000, 0x0000000092300000, 0x0000000092400000|  0%| F|  |TAMS 0x0000000092300000, 0x0000000092300000| Untracked 
| 292|0x0000000092400000, 0x0000000092400000, 0x0000000092500000|  0%| F|  |TAMS 0x0000000092400000, 0x0000000092400000| Untracked 
| 293|0x0000000092500000, 0x0000000092500000, 0x0000000092600000|  0%| F|  |TAMS 0x0000000092500000, 0x0000000092500000| Untracked 
| 294|0x0000000092600000, 0x0000000092600000, 0x0000000092700000|  0%| F|  |TAMS 0x0000000092600000, 0x0000000092600000| Untracked 
| 295|0x0000000092700000, 0x0000000092700000, 0x0000000092800000|  0%| F|  |TAMS 0x0000000092700000, 0x0000000092700000| Untracked 
| 296|0x0000000092800000, 0x0000000092800000, 0x0000000092900000|  0%| F|  |TAMS 0x0000000092800000, 0x0000000092800000| Untracked 
| 297|0x0000000092900000, 0x0000000092900000, 0x0000000092a00000|  0%| F|  |TAMS 0x0000000092900000, 0x0000000092900000| Untracked 
| 298|0x0000000092a00000, 0x0000000092a00000, 0x0000000092b00000|  0%| F|  |TAMS 0x0000000092a00000, 0x0000000092a00000| Untracked 
| 299|0x0000000092b00000, 0x0000000092b00000, 0x0000000092c00000|  0%| F|  |TAMS 0x0000000092b00000, 0x0000000092b00000| Untracked 
| 300|0x0000000092c00000, 0x0000000092c00000, 0x0000000092d00000|  0%| F|  |TAMS 0x0000000092c00000, 0x0000000092c00000| Untracked 
| 301|0x0000000092d00000, 0x0000000092d00000, 0x0000000092e00000|  0%| F|  |TAMS 0x0000000092d00000, 0x0000000092d00000| Untracked 
| 302|0x0000000092e00000, 0x0000000092e00000, 0x0000000092f00000|  0%| F|  |TAMS 0x0000000092e00000, 0x0000000092e00000| Untracked 
| 303|0x0000000092f00000, 0x0000000092f00000, 0x0000000093000000|  0%| F|  |TAMS 0x0000000092f00000, 0x0000000092f00000| Untracked 
| 304|0x0000000093000000, 0x0000000093000000, 0x0000000093100000|  0%| F|  |TAMS 0x0000000093000000, 0x0000000093000000| Untracked 
| 305|0x0000000093100000, 0x0000000093100000, 0x0000000093200000|  0%| F|  |TAMS 0x0000000093100000, 0x0000000093100000| Untracked 
| 306|0x0000000093200000, 0x0000000093200000, 0x0000000093300000|  0%| F|  |TAMS 0x0000000093200000, 0x0000000093200000| Untracked 
| 307|0x0000000093300000, 0x0000000093300000, 0x0000000093400000|  0%| F|  |TAMS 0x0000000093300000, 0x0000000093300000| Untracked 
| 308|0x0000000093400000, 0x0000000093400000, 0x0000000093500000|  0%| F|  |TAMS 0x0000000093400000, 0x0000000093400000| Untracked 
| 309|0x0000000093500000, 0x0000000093500000, 0x0000000093600000|  0%| F|  |TAMS 0x0000000093500000, 0x0000000093500000| Untracked 
| 310|0x0000000093600000, 0x0000000093600000, 0x0000000093700000|  0%| F|  |TAMS 0x0000000093600000, 0x0000000093600000| Untracked 
| 311|0x0000000093700000, 0x0000000093700000, 0x0000000093800000|  0%| F|  |TAMS 0x0000000093700000, 0x0000000093700000| Untracked 
| 312|0x0000000093800000, 0x0000000093800000, 0x0000000093900000|  0%| F|  |TAMS 0x0000000093800000, 0x0000000093800000| Untracked 
| 313|0x0000000093900000, 0x0000000093900000, 0x0000000093a00000|  0%| F|  |TAMS 0x0000000093900000, 0x0000000093900000| Untracked 
| 314|0x0000000093a00000, 0x0000000093a00000, 0x0000000093b00000|  0%| F|  |TAMS 0x0000000093a00000, 0x0000000093a00000| Untracked 
| 315|0x0000000093b00000, 0x0000000093b00000, 0x0000000093c00000|  0%| F|  |TAMS 0x0000000093b00000, 0x0000000093b00000| Untracked 
| 316|0x0000000093c00000, 0x0000000093c00000, 0x0000000093d00000|  0%| F|  |TAMS 0x0000000093c00000, 0x0000000093c00000| Untracked 
| 317|0x0000000093d00000, 0x0000000093d00000, 0x0000000093e00000|  0%| F|  |TAMS 0x0000000093d00000, 0x0000000093d00000| Untracked 
| 318|0x0000000093e00000, 0x0000000093e00000, 0x0000000093f00000|  0%| F|  |TAMS 0x0000000093e00000, 0x0000000093e00000| Untracked 
| 319|0x0000000093f00000, 0x0000000093f00000, 0x0000000094000000|  0%| F|  |TAMS 0x0000000093f00000, 0x0000000093f00000| Untracked 
| 320|0x0000000094000000, 0x0000000094000000, 0x0000000094100000|  0%| F|  |TAMS 0x0000000094000000, 0x0000000094000000| Untracked 
| 321|0x0000000094100000, 0x0000000094100000, 0x0000000094200000|  0%| F|  |TAMS 0x0000000094100000, 0x0000000094100000| Untracked 
| 322|0x0000000094200000, 0x0000000094200000, 0x0000000094300000|  0%| F|  |TAMS 0x0000000094200000, 0x0000000094200000| Untracked 
| 323|0x0000000094300000, 0x0000000094300000, 0x0000000094400000|  0%| F|  |TAMS 0x0000000094300000, 0x0000000094300000| Untracked 
| 324|0x0000000094400000, 0x0000000094400000, 0x0000000094500000|  0%| F|  |TAMS 0x0000000094400000, 0x0000000094400000| Untracked 
| 325|0x0000000094500000, 0x0000000094500000, 0x0000000094600000|  0%| F|  |TAMS 0x0000000094500000, 0x0000000094500000| Untracked 
| 326|0x0000000094600000, 0x0000000094600000, 0x0000000094700000|  0%| F|  |TAMS 0x0000000094600000, 0x0000000094600000| Untracked 
| 327|0x0000000094700000, 0x0000000094700000, 0x0000000094800000|  0%| F|  |TAMS 0x0000000094700000, 0x0000000094700000| Untracked 
| 328|0x0000000094800000, 0x0000000094800000, 0x0000000094900000|  0%| F|  |TAMS 0x0000000094800000, 0x0000000094800000| Untracked 
| 329|0x0000000094900000, 0x0000000094900000, 0x0000000094a00000|  0%| F|  |TAMS 0x0000000094900000, 0x0000000094900000| Untracked 
| 330|0x0000000094a00000, 0x0000000094a00000, 0x0000000094b00000|  0%| F|  |TAMS 0x0000000094a00000, 0x0000000094a00000| Untracked 
| 331|0x0000000094b00000, 0x0000000094b00000, 0x0000000094c00000|  0%| F|  |TAMS 0x0000000094b00000, 0x0000000094b00000| Untracked 
| 332|0x0000000094c00000, 0x0000000094c00000, 0x0000000094d00000|  0%| F|  |TAMS 0x0000000094c00000, 0x0000000094c00000| Untracked 
| 333|0x0000000094d00000, 0x0000000094d00000, 0x0000000094e00000|  0%| F|  |TAMS 0x0000000094d00000, 0x0000000094d00000| Untracked 
| 334|0x0000000094e00000, 0x0000000094e00000, 0x0000000094f00000|  0%| F|  |TAMS 0x0000000094e00000, 0x0000000094e00000| Untracked 
| 335|0x0000000094f00000, 0x0000000094f00000, 0x0000000095000000|  0%| F|  |TAMS 0x0000000094f00000, 0x0000000094f00000| Untracked 
| 336|0x0000000095000000, 0x0000000095000000, 0x0000000095100000|  0%| F|  |TAMS 0x0000000095000000, 0x0000000095000000| Untracked 
| 337|0x0000000095100000, 0x0000000095100000, 0x0000000095200000|  0%| F|  |TAMS 0x0000000095100000, 0x0000000095100000| Untracked 
| 338|0x0000000095200000, 0x0000000095200000, 0x0000000095300000|  0%| F|  |TAMS 0x0000000095200000, 0x0000000095200000| Untracked 
| 339|0x0000000095300000, 0x0000000095300000, 0x0000000095400000|  0%| F|  |TAMS 0x0000000095300000, 0x0000000095300000| Untracked 
| 340|0x0000000095400000, 0x0000000095400000, 0x0000000095500000|  0%| F|  |TAMS 0x0000000095400000, 0x0000000095400000| Untracked 
| 341|0x0000000095500000, 0x0000000095500000, 0x0000000095600000|  0%| F|  |TAMS 0x0000000095500000, 0x0000000095500000| Untracked 
| 342|0x0000000095600000, 0x0000000095600000, 0x0000000095700000|  0%| F|  |TAMS 0x0000000095600000, 0x0000000095600000| Untracked 
| 343|0x0000000095700000, 0x0000000095700000, 0x0000000095800000|  0%| F|  |TAMS 0x0000000095700000, 0x0000000095700000| Untracked 
| 344|0x0000000095800000, 0x0000000095800000, 0x0000000095900000|  0%| F|  |TAMS 0x0000000095800000, 0x0000000095800000| Untracked 
| 345|0x0000000095900000, 0x0000000095900000, 0x0000000095a00000|  0%| F|  |TAMS 0x0000000095900000, 0x0000000095900000| Untracked 
| 346|0x0000000095a00000, 0x0000000095a00000, 0x0000000095b00000|  0%| F|  |TAMS 0x0000000095a00000, 0x0000000095a00000| Untracked 
| 347|0x0000000095b00000, 0x0000000095b00000, 0x0000000095c00000|  0%| F|  |TAMS 0x0000000095b00000, 0x0000000095b00000| Untracked 
| 348|0x0000000095c00000, 0x0000000095c00000, 0x0000000095d00000|  0%| F|  |TAMS 0x0000000095c00000, 0x0000000095c00000| Untracked 
| 349|0x0000000095d00000, 0x0000000095d00000, 0x0000000095e00000|  0%| F|  |TAMS 0x0000000095d00000, 0x0000000095d00000| Untracked 
| 350|0x0000000095e00000, 0x0000000095e00000, 0x0000000095f00000|  0%| F|  |TAMS 0x0000000095e00000, 0x0000000095e00000| Untracked 
| 351|0x0000000095f00000, 0x0000000095f00000, 0x0000000096000000|  0%| F|  |TAMS 0x0000000095f00000, 0x0000000095f00000| Untracked 
| 352|0x0000000096000000, 0x0000000096000000, 0x0000000096100000|  0%| F|  |TAMS 0x0000000096000000, 0x0000000096000000| Untracked 
| 353|0x0000000096100000, 0x0000000096100000, 0x0000000096200000|  0%| F|  |TAMS 0x0000000096100000, 0x0000000096100000| Untracked 
| 354|0x0000000096200000, 0x0000000096200000, 0x0000000096300000|  0%| F|  |TAMS 0x0000000096200000, 0x0000000096200000| Untracked 
| 355|0x0000000096300000, 0x0000000096300000, 0x0000000096400000|  0%| F|  |TAMS 0x0000000096300000, 0x0000000096300000| Untracked 
| 356|0x0000000096400000, 0x0000000096400000, 0x0000000096500000|  0%| F|  |TAMS 0x0000000096400000, 0x0000000096400000| Untracked 
| 357|0x0000000096500000, 0x0000000096500000, 0x0000000096600000|  0%| F|  |TAMS 0x0000000096500000, 0x0000000096500000| Untracked 
| 358|0x0000000096600000, 0x0000000096600000, 0x0000000096700000|  0%| F|  |TAMS 0x0000000096600000, 0x0000000096600000| Untracked 
| 359|0x0000000096700000, 0x0000000096700000, 0x0000000096800000|  0%| F|  |TAMS 0x0000000096700000, 0x0000000096700000| Untracked 
| 360|0x0000000096800000, 0x0000000096800000, 0x0000000096900000|  0%| F|  |TAMS 0x0000000096800000, 0x0000000096800000| Untracked 
| 361|0x0000000096900000, 0x0000000096900000, 0x0000000096a00000|  0%| F|  |TAMS 0x0000000096900000, 0x0000000096900000| Untracked 
| 362|0x0000000096a00000, 0x0000000096a00000, 0x0000000096b00000|  0%| F|  |TAMS 0x0000000096a00000, 0x0000000096a00000| Untracked 
| 363|0x0000000096b00000, 0x0000000096b00000, 0x0000000096c00000|  0%| F|  |TAMS 0x0000000096b00000, 0x0000000096b00000| Untracked 
| 364|0x0000000096c00000, 0x0000000096c00000, 0x0000000096d00000|  0%| F|  |TAMS 0x0000000096c00000, 0x0000000096c00000| Untracked 
| 365|0x0000000096d00000, 0x0000000096d00000, 0x0000000096e00000|  0%| F|  |TAMS 0x0000000096d00000, 0x0000000096d00000| Untracked 
| 366|0x0000000096e00000, 0x0000000096e00000, 0x0000000096f00000|  0%| F|  |TAMS 0x0000000096e00000, 0x0000000096e00000| Untracked 
| 367|0x0000000096f00000, 0x0000000096f00000, 0x0000000097000000|  0%| F|  |TAMS 0x0000000096f00000, 0x0000000096f00000| Untracked 
| 368|0x0000000097000000, 0x0000000097000000, 0x0000000097100000|  0%| F|  |TAMS 0x0000000097000000, 0x0000000097000000| Untracked 
| 369|0x0000000097100000, 0x0000000097100000, 0x0000000097200000|  0%| F|  |TAMS 0x0000000097100000, 0x0000000097100000| Untracked 
| 370|0x0000000097200000, 0x0000000097200000, 0x0000000097300000|  0%| F|  |TAMS 0x0000000097200000, 0x0000000097200000| Untracked 
| 371|0x0000000097300000, 0x0000000097300000, 0x0000000097400000|  0%| F|  |TAMS 0x0000000097300000, 0x0000000097300000| Untracked 
| 372|0x0000000097400000, 0x0000000097400000, 0x0000000097500000|  0%| F|  |TAMS 0x0000000097400000, 0x0000000097400000| Untracked 
| 373|0x0000000097500000, 0x0000000097500000, 0x0000000097600000|  0%| F|  |TAMS 0x0000000097500000, 0x0000000097500000| Untracked 
| 374|0x0000000097600000, 0x0000000097600000, 0x0000000097700000|  0%| F|  |TAMS 0x0000000097600000, 0x0000000097600000| Untracked 
| 375|0x0000000097700000, 0x0000000097700000, 0x0000000097800000|  0%| F|  |TAMS 0x0000000097700000, 0x0000000097700000| Untracked 
| 376|0x0000000097800000, 0x0000000097800000, 0x0000000097900000|  0%| F|  |TAMS 0x0000000097800000, 0x0000000097800000| Untracked 
| 377|0x0000000097900000, 0x0000000097900000, 0x0000000097a00000|  0%| F|  |TAMS 0x0000000097900000, 0x0000000097900000| Untracked 
| 378|0x0000000097a00000, 0x0000000097a00000, 0x0000000097b00000|  0%| F|  |TAMS 0x0000000097a00000, 0x0000000097a00000| Untracked 
| 379|0x0000000097b00000, 0x0000000097b00000, 0x0000000097c00000|  0%| F|  |TAMS 0x0000000097b00000, 0x0000000097b00000| Untracked 
| 380|0x0000000097c00000, 0x0000000097c00000, 0x0000000097d00000|  0%| F|  |TAMS 0x0000000097c00000, 0x0000000097c00000| Untracked 
| 381|0x0000000097d00000, 0x0000000097d00000, 0x0000000097e00000|  0%| F|  |TAMS 0x0000000097d00000, 0x0000000097d00000| Untracked 
| 382|0x0000000097e00000, 0x0000000097e00000, 0x0000000097f00000|  0%| F|  |TAMS 0x0000000097e00000, 0x0000000097e00000| Untracked 
| 383|0x0000000097f00000, 0x0000000097f00000, 0x0000000098000000|  0%| F|  |TAMS 0x0000000097f00000, 0x0000000097f00000| Untracked 
| 384|0x0000000098000000, 0x0000000098000000, 0x0000000098100000|  0%| F|  |TAMS 0x0000000098000000, 0x0000000098000000| Untracked 
| 385|0x0000000098100000, 0x0000000098100000, 0x0000000098200000|  0%| F|  |TAMS 0x0000000098100000, 0x0000000098100000| Untracked 
| 386|0x0000000098200000, 0x0000000098200000, 0x0000000098300000|  0%| F|  |TAMS 0x0000000098200000, 0x0000000098200000| Untracked 
| 387|0x0000000098300000, 0x0000000098300000, 0x0000000098400000|  0%| F|  |TAMS 0x0000000098300000, 0x0000000098300000| Untracked 
| 388|0x0000000098400000, 0x0000000098400000, 0x0000000098500000|  0%| F|  |TAMS 0x0000000098400000, 0x0000000098400000| Untracked 
| 389|0x0000000098500000, 0x0000000098500000, 0x0000000098600000|  0%| F|  |TAMS 0x0000000098500000, 0x0000000098500000| Untracked 
| 390|0x0000000098600000, 0x0000000098600000, 0x0000000098700000|  0%| F|  |TAMS 0x0000000098600000, 0x0000000098600000| Untracked 
| 391|0x0000000098700000, 0x0000000098700000, 0x0000000098800000|  0%| F|  |TAMS 0x0000000098700000, 0x0000000098700000| Untracked 
| 392|0x0000000098800000, 0x0000000098800000, 0x0000000098900000|  0%| F|  |TAMS 0x0000000098800000, 0x0000000098800000| Untracked 
| 393|0x0000000098900000, 0x0000000098900000, 0x0000000098a00000|  0%| F|  |TAMS 0x0000000098900000, 0x0000000098900000| Untracked 
| 394|0x0000000098a00000, 0x0000000098a00000, 0x0000000098b00000|  0%| F|  |TAMS 0x0000000098a00000, 0x0000000098a00000| Untracked 
| 395|0x0000000098b00000, 0x0000000098b00000, 0x0000000098c00000|  0%| F|  |TAMS 0x0000000098b00000, 0x0000000098b00000| Untracked 
| 396|0x0000000098c00000, 0x0000000098c00000, 0x0000000098d00000|  0%| F|  |TAMS 0x0000000098c00000, 0x0000000098c00000| Untracked 
| 397|0x0000000098d00000, 0x0000000098d00000, 0x0000000098e00000|  0%| F|  |TAMS 0x0000000098d00000, 0x0000000098d00000| Untracked 
| 398|0x0000000098e00000, 0x0000000098e00000, 0x0000000098f00000|  0%| F|  |TAMS 0x0000000098e00000, 0x0000000098e00000| Untracked 
| 399|0x0000000098f00000, 0x0000000098f00000, 0x0000000099000000|  0%| F|  |TAMS 0x0000000098f00000, 0x0000000098f00000| Untracked 
| 400|0x0000000099000000, 0x0000000099000000, 0x0000000099100000|  0%| F|  |TAMS 0x0000000099000000, 0x0000000099000000| Untracked 
| 401|0x0000000099100000, 0x0000000099100000, 0x0000000099200000|  0%| F|  |TAMS 0x0000000099100000, 0x0000000099100000| Untracked 
| 402|0x0000000099200000, 0x0000000099200000, 0x0000000099300000|  0%| F|  |TAMS 0x0000000099200000, 0x0000000099200000| Untracked 
| 403|0x0000000099300000, 0x0000000099300000, 0x0000000099400000|  0%| F|  |TAMS 0x0000000099300000, 0x0000000099300000| Untracked 
| 404|0x0000000099400000, 0x0000000099400000, 0x0000000099500000|  0%| F|  |TAMS 0x0000000099400000, 0x0000000099400000| Untracked 
| 405|0x0000000099500000, 0x0000000099500000, 0x0000000099600000|  0%| F|  |TAMS 0x0000000099500000, 0x0000000099500000| Untracked 

Card table byte_map: [0x000002457e5c0000,0x000002457e9c0000] _byte_map_base: 0x000002457e1c0000

Marking Bits (Prev, Next): (CMBitMap*) 0x000002457aae9c60, (CMBitMap*) 0x000002457aae9c28
 Prev Bits: [0x0000024511000000, 0x0000024513000000)
 Next Bits: [0x000002450f000000, 0x0000024511000000)

Polling page: 0x0000024578a70000

Metaspace:

Usage:
  Non-class:    145.79 MB capacity,   142.79 MB ( 98%) used,     2.52 MB (  2%) free+waste,   496.00 KB ( <1%) overhead. 
      Class:     21.71 MB capacity,    20.07 MB ( 92%) used,     1.42 MB (  7%) free+waste,   223.06 KB (  1%) overhead. 
       Both:    167.50 MB capacity,   162.86 MB ( 97%) used,     3.93 MB (  2%) free+waste,   719.06 KB ( <1%) overhead. 

Virtual space:
  Non-class space:      146.00 MB reserved,     145.88 MB (>99%) committed 
      Class space:        1.00 GB reserved,      21.82 MB (  2%) committed 
             Both:        1.14 GB reserved,     167.71 MB ( 14%) committed 

Chunk freelists:
   Non-Class:  27.00 KB
       Class:  14.00 KB
        Both:  41.00 KB

MaxMetaspaceSize: 17179869184.00 GB
CompressedClassSpaceSize: 1.00 GB
Initial GC threshold: 20.80 MB
Current GC threshold: 181.80 MB
CDS: off

CodeHeap 'non-profiled nmethods': size=120064Kb used=16386Kb max_used=16386Kb free=103677Kb
 bounds [0x0000024507ac0000, 0x0000024508b10000, 0x000002450f000000]
CodeHeap 'profiled nmethods': size=120000Kb used=52133Kb max_used=53792Kb free=67866Kb
 bounds [0x0000024500590000, 0x0000024503a20000, 0x0000024507ac0000]
CodeHeap 'non-nmethods': size=5696Kb used=2495Kb max_used=2569Kb free=3200Kb
 bounds [0x0000024500000000, 0x00000245002a0000, 0x0000024500590000]
 total_blobs=23547 nmethods=22515 adapters=943
 compilation: enabled
              stopped_count=0, restarted_count=0
 full_count=0

Compilation events (20 events):
Event: 5314.096 Thread 0x000002457f205800 26256       2       com.android.tools.r8.ir.regalloc.a::g (12 bytes)
Event: 5314.096 Thread 0x000002457f205800 nmethod 26256 0x000002450100ee90 code [0x000002450100f040, 0x000002450100f168]
Event: 5314.310 Thread 0x000002457f1f8800 nmethod 26037 0x0000024508afb190 code [0x0000024508afba80, 0x0000024508b038b8]
Event: 5314.311 Thread 0x000002457f1f8800 26260       4       java.util.HashMap::get (23 bytes)
Event: 5314.436 Thread 0x000002457f205800 26263       2       com.android.tools.r8.s.b.m0::a (9 bytes)
Event: 5314.436 Thread 0x000002457f205800 nmethod 26263 0x0000024501a5e590 code [0x0000024501a5e740, 0x0000024501a5e868]
Event: 5314.479 Thread 0x000002457f1f8800 nmethod 26260 0x0000024508655790 code [0x0000024508655b40, 0x00000245086591c0]
Event: 5314.479 Thread 0x000002457f1f8800 26262       4       com.android.tools.r8.q.a.a.b.O0::hasNext (217 bytes)
Event: 5314.510 Thread 0x000002457f1f8800 nmethod 26262 0x000002450826a610 code [0x000002450826a820, 0x000002450826b4c8]
Event: 5314.510 Thread 0x000002457f1f8800 25812       4       java.util.PriorityQueue::siftUpComparable (52 bytes)
Event: 5314.527 Thread 0x000002457f1f8800 nmethod 25812 0x000002450811e890 code [0x000002450811ea80, 0x000002450811f218]
Event: 5314.527 Thread 0x000002457f1f8800 25825       4       com.android.tools.r8.t.a.a.a.h.Z0::a (182 bytes)
Event: 5314.559 Thread 0x000002457f1f8800 nmethod 25825 0x0000024508319d10 code [0x0000024508319f40, 0x000002450831aeb8]
Event: 5314.559 Thread 0x000002457f1f8800 26266       4       com.android.tools.r8.s.b.U0::a (258 bytes)
Event: 5314.620 Thread 0x000002457f205800 26273       2       java.util.PriorityQueue::siftUpComparable (52 bytes)
Event: 5314.621 Thread 0x000002457f205800 nmethod 26273 0x00000245019a4010 code [0x00000245019a4200, 0x00000245019a45e8]
Event: 5314.722 Thread 0x000002457f1f8800 nmethod 26266 0x0000024508393d90 code [0x0000024508394180, 0x00000245083973a0]
Event: 5314.722 Thread 0x000002457f1f8800 26268       4       com.android.tools.r8.s.b.q1::g0 (38 bytes)
Event: 5314.737 Thread 0x000002457f1f8800 nmethod 26268 0x00000245083cde90 code [0x00000245083ce080, 0x00000245083ce628]
Event: 5314.738 Thread 0x000002457f1f8800 26272       4       com.android.tools.r8.ir.optimize.l::a (704 bytes)

GC Heap History (20 events):
Event: 5301.833 GC heap after
{Heap after GC invocations=82 (full 0):
 garbage-first heap   total 415744K, used 184143K [0x0000000080000000, 0x0000000100000000)
  region size 1024K, 2 young (2048K), 2 survivors (2048K)
 Metaspace       used 166710K, capacity 171505K, committed 171732K, reserved 1198080K
  class space    used 20547K, capacity 22222K, committed 22348K, reserved 1048576K
}
Event: 5303.013 GC heap before
{Heap before GC invocations=82 (full 0):
 garbage-first heap   total 415744K, used 358223K [0x0000000080000000, 0x0000000100000000)
  region size 1024K, 171 young (175104K), 2 survivors (2048K)
 Metaspace       used 166727K, capacity 171508K, committed 171732K, reserved 1198080K
  class space    used 20548K, capacity 22223K, committed 22348K, reserved 1048576K
}
Event: 5303.072 GC heap after
{Heap after GC invocations=83 (full 0):
 garbage-first heap   total 415744K, used 203675K [0x0000000080000000, 0x0000000100000000)
  region size 1024K, 20 young (20480K), 20 survivors (20480K)
 Metaspace       used 166727K, capacity 171508K, committed 171732K, reserved 1198080K
  class space    used 20548K, capacity 22223K, committed 22348K, reserved 1048576K
}
Event: 5304.053 GC heap before
{Heap before GC invocations=83 (full 0):
 garbage-first heap   total 415744K, used 348059K [0x0000000080000000, 0x0000000100000000)
  region size 1024K, 161 young (164864K), 20 survivors (20480K)
 Metaspace       used 166736K, capacity 171508K, committed 171732K, reserved 1198080K
  class space    used 20550K, capacity 22223K, committed 22348K, reserved 1048576K
}
Event: 5304.103 GC heap after
{Heap after GC invocations=84 (full 0):
 garbage-first heap   total 415744K, used 201696K [0x0000000080000000, 0x0000000100000000)
  region size 1024K, 2 young (2048K), 2 survivors (2048K)
 Metaspace       used 166736K, capacity 171508K, committed 171732K, reserved 1198080K
  class space    used 20550K, capacity 22223K, committed 22348K, reserved 1048576K
}
Event: 5305.065 GC heap before
{Heap before GC invocations=84 (full 0):
 garbage-first heap   total 415744K, used 351200K [0x0000000080000000, 0x0000000100000000)
  region size 1024K, 148 young (151552K), 2 survivors (2048K)
 Metaspace       used 166739K, capacity 171508K, committed 171732K, reserved 1198080K
  class space    used 20550K, capacity 22223K, committed 22348K, reserved 1048576K
}
Event: 5305.084 GC heap after
{Heap after GC invocations=85 (full 0):
 garbage-first heap   total 415744K, used 204256K [0x0000000080000000, 0x0000000100000000)
  region size 1024K, 4 young (4096K), 4 survivors (4096K)
 Metaspace       used 166739K, capacity 171508K, committed 171732K, reserved 1198080K
  class space    used 20550K, capacity 22223K, committed 22348K, reserved 1048576K
}
Event: 5306.333 GC heap before
{Heap before GC invocations=85 (full 0):
 garbage-first heap   total 415744K, used 353760K [0x0000000080000000, 0x0000000100000000)
  region size 1024K, 150 young (153600K), 4 survivors (4096K)
 Metaspace       used 166745K, capacity 171514K, committed 171732K, reserved 1198080K
  class space    used 20551K, capacity 22225K, committed 22348K, reserved 1048576K
}
Event: 5306.357 GC heap after
{Heap after GC invocations=86 (full 0):
 garbage-first heap   total 415744K, used 205084K [0x0000000080000000, 0x0000000100000000)
  region size 1024K, 5 young (5120K), 5 survivors (5120K)
 Metaspace       used 166745K, capacity 171514K, committed 171732K, reserved 1198080K
  class space    used 20551K, capacity 22225K, committed 22348K, reserved 1048576K
}
Event: 5307.600 GC heap before
{Heap before GC invocations=86 (full 0):
 garbage-first heap   total 415744K, used 356636K [0x0000000080000000, 0x0000000100000000)
  region size 1024K, 153 young (156672K), 5 survivors (5120K)
 Metaspace       used 166747K, capacity 171514K, committed 171732K, reserved 1198080K
  class space    used 20551K, capacity 22225K, committed 22348K, reserved 1048576K
}
Event: 5307.628 GC heap after
{Heap after GC invocations=87 (full 0):
 garbage-first heap   total 415744K, used 206169K [0x0000000080000000, 0x0000000100000000)
  region size 1024K, 6 young (6144K), 6 survivors (6144K)
 Metaspace       used 166747K, capacity 171514K, committed 171732K, reserved 1198080K
  class space    used 20551K, capacity 22225K, committed 22348K, reserved 1048576K
}
Event: 5309.319 GC heap before
{Heap before GC invocations=87 (full 0):
 garbage-first heap   total 415744K, used 357721K [0x0000000080000000, 0x0000000100000000)
  region size 1024K, 154 young (157696K), 6 survivors (6144K)
 Metaspace       used 166756K, capacity 171516K, committed 171732K, reserved 1198080K
  class space    used 20551K, capacity 22225K, committed 22348K, reserved 1048576K
}
Event: 5309.348 GC heap after
{Heap after GC invocations=88 (full 0):
 garbage-first heap   total 415744K, used 207328K [0x0000000080000000, 0x0000000100000000)
  region size 1024K, 7 young (7168K), 7 survivors (7168K)
 Metaspace       used 166756K, capacity 171516K, committed 171732K, reserved 1198080K
  class space    used 20551K, capacity 22225K, committed 22348K, reserved 1048576K
}
Event: 5310.799 GC heap before
{Heap before GC invocations=88 (full 0):
 garbage-first heap   total 415744K, used 359904K [0x0000000080000000, 0x0000000100000000)
  region size 1024K, 156 young (159744K), 7 survivors (7168K)
 Metaspace       used 166759K, capacity 171516K, committed 171732K, reserved 1198080K
  class space    used 20551K, capacity 22225K, committed 22348K, reserved 1048576K
}
Event: 5310.831 GC heap after
{Heap after GC invocations=89 (full 0):
 garbage-first heap   total 415744K, used 208864K [0x0000000080000000, 0x0000000100000000)
  region size 1024K, 9 young (9216K), 9 survivors (9216K)
 Metaspace       used 166759K, capacity 171516K, committed 171732K, reserved 1198080K
  class space    used 20551K, capacity 22225K, committed 22348K, reserved 1048576K
}
Event: 5312.034 GC heap before
{Heap before GC invocations=89 (full 0):
 garbage-first heap   total 415744K, used 360416K [0x0000000080000000, 0x0000000100000000)
  region size 1024K, 157 young (160768K), 9 survivors (9216K)
 Metaspace       used 166768K, capacity 171518K, committed 171732K, reserved 1198080K
  class space    used 20552K, capacity 22226K, committed 22348K, reserved 1048576K
}
Event: 5312.083 GC heap after
{Heap after GC invocations=90 (full 0):
 garbage-first heap   total 415744K, used 210400K [0x0000000080000000, 0x0000000100000000)
  region size 1024K, 10 young (10240K), 10 survivors (10240K)
 Metaspace       used 166768K, capacity 171518K, committed 171732K, reserved 1198080K
  class space    used 20552K, capacity 22226K, committed 22348K, reserved 1048576K
}
Event: 5313.897 GC heap before
{Heap before GC invocations=90 (full 0):
 garbage-first heap   total 415744K, used 361952K [0x0000000080000000, 0x0000000100000000)
  region size 1024K, 158 young (161792K), 10 survivors (10240K)
 Metaspace       used 166771K, capacity 171519K, committed 171732K, reserved 1198080K
  class space    used 20552K, capacity 22226K, committed 22348K, reserved 1048576K
}
Event: 5313.953 GC heap after
{Heap after GC invocations=91 (full 0):
 garbage-first heap   total 415744K, used 215520K [0x0000000080000000, 0x0000000100000000)
  region size 1024K, 15 young (15360K), 15 survivors (15360K)
 Metaspace       used 166771K, capacity 171519K, committed 171732K, reserved 1198080K
  class space    used 20552K, capacity 22226K, committed 22348K, reserved 1048576K
}
Event: 5314.916 GC heap before
{Heap before GC invocations=91 (full 0):
 garbage-first heap   total 415744K, used 357856K [0x0000000080000000, 0x0000000100000000)
  region size 1024K, 154 young (157696K), 15 survivors (15360K)
 Metaspace       used 166771K, capacity 171519K, committed 171732K, reserved 1198080K
  class space    used 20552K, capacity 22226K, committed 22348K, reserved 1048576K
}

Deoptimization events (20 events):
Event: 5314.614 Thread 0x00000245199ee000 Uncommon trap: trap_request=0xffffff4d fr.pc=0x000002450811ede4 relative=0x0000000000000364
Event: 5314.614 Thread 0x00000245199ee000 Uncommon trap: reason=unstable_if action=reinterpret pc=0x000002450811ede4 method=com.android.tools.r8.ir.regalloc.b.compareTo(Ljava/lang/Object;)I @ 52 c2
Event: 5314.614 Thread 0x00000245199ee000 DEOPT PACKING pc=0x000002450811ede4 sp=0x000000b4e48f9d00
Event: 5314.614 Thread 0x00000245199ee000 DEOPT UNPACKING pc=0x000002450004a1af sp=0x000000b4e48f9c50 mode 2
Event: 5314.738 Thread 0x00000245199ee000 Uncommon trap: trap_request=0xffffffbe fr.pc=0x00000245083ce560 relative=0x00000000000004e0
Event: 5314.738 Thread 0x00000245199ee000 Uncommon trap: reason=profile_predicate action=maybe_recompile pc=0x00000245083ce560 method=com.android.tools.r8.s.b.q1.g0()Z @ 16 c2
Event: 5314.738 Thread 0x00000245199ee000 DEOPT PACKING pc=0x00000245083ce560 sp=0x000000b4e48f9f50
Event: 5314.738 Thread 0x00000245199ee000 DEOPT UNPACKING pc=0x000002450004a1af sp=0x000000b4e48f9f18 mode 2
Event: 5314.738 Thread 0x00000245199ee000 Uncommon trap: trap_request=0xffffffbe fr.pc=0x00000245083ce560 relative=0x00000000000004e0
Event: 5314.738 Thread 0x00000245199ee000 Uncommon trap: reason=profile_predicate action=maybe_recompile pc=0x00000245083ce560 method=com.android.tools.r8.s.b.q1.g0()Z @ 16 c2
Event: 5314.738 Thread 0x00000245199ee000 DEOPT PACKING pc=0x00000245083ce560 sp=0x000000b4e48f9f50
Event: 5314.738 Thread 0x00000245199ee000 DEOPT UNPACKING pc=0x000002450004a1af sp=0x000000b4e48f9f18 mode 2
Event: 5314.738 Thread 0x00000245199ee000 Uncommon trap: trap_request=0xffffffbe fr.pc=0x00000245083ce560 relative=0x00000000000004e0
Event: 5314.738 Thread 0x00000245199ee000 Uncommon trap: reason=profile_predicate action=maybe_recompile pc=0x00000245083ce560 method=com.android.tools.r8.s.b.q1.g0()Z @ 16 c2
Event: 5314.738 Thread 0x00000245199ee000 DEOPT PACKING pc=0x00000245083ce560 sp=0x000000b4e48f9cb0
Event: 5314.738 Thread 0x00000245199ee000 DEOPT UNPACKING pc=0x000002450004a1af sp=0x000000b4e48f9c78 mode 2
Event: 5314.738 Thread 0x00000245199ee000 Uncommon trap: trap_request=0xffffffbe fr.pc=0x00000245083ce560 relative=0x00000000000004e0
Event: 5314.738 Thread 0x00000245199ee000 Uncommon trap: reason=profile_predicate action=maybe_recompile pc=0x00000245083ce560 method=com.android.tools.r8.s.b.q1.g0()Z @ 16 c2
Event: 5314.738 Thread 0x00000245199ee000 DEOPT PACKING pc=0x00000245083ce560 sp=0x000000b4e48f9cb0
Event: 5314.738 Thread 0x00000245199ee000 DEOPT UNPACKING pc=0x000002450004a1af sp=0x000000b4e48f9c78 mode 2

Classes redefined (0 events):
No events

Internal exceptions (20 events):
Event: 5301.702 Thread 0x00000245199ea000 Exception <a 'sun/nio/fs/WindowsException'{0x000000008feee828}> (0x000000008feee828) thrown at [./src/hotspot/share/prims/jni.cpp, line 615]
Event: 5301.740 Thread 0x00000245199ea000 Exception <a 'sun/nio/fs/WindowsException'{0x000000008fad8570}> (0x000000008fad8570) thrown at [./src/hotspot/share/prims/jni.cpp, line 615]
Event: 5301.772 Thread 0x00000245199e0800 Exception <a 'sun/nio/fs/WindowsException'{0x000000008f951118}> (0x000000008f951118) thrown at [./src/hotspot/share/prims/jni.cpp, line 615]
Event: 5301.799 Thread 0x00000245199e0800 Exception <a 'sun/nio/fs/WindowsException'{0x000000008f6ff888}> (0x000000008f6ff888) thrown at [./src/hotspot/share/prims/jni.cpp, line 615]
Event: 5301.801 Thread 0x00000245199ea000 Exception <a 'sun/nio/fs/WindowsException'{0x000000008f5e9168}> (0x000000008f5e9168) thrown at [./src/hotspot/share/prims/jni.cpp, line 615]
Event: 5301.847 Thread 0x00000245199ea000 Exception <a 'sun/nio/fs/WindowsException'{0x00000000994e3c68}> (0x00000000994e3c68) thrown at [./src/hotspot/share/prims/jni.cpp, line 615]
Event: 5301.879 Thread 0x00000245199e0800 Exception <a 'sun/nio/fs/WindowsException'{0x0000000099387240}> (0x0000000099387240) thrown at [./src/hotspot/share/prims/jni.cpp, line 615]
Event: 5301.903 Thread 0x00000245199e0800 Exception <a 'sun/nio/fs/WindowsException'{0x00000000990475d8}> (0x00000000990475d8) thrown at [./src/hotspot/share/prims/jni.cpp, line 615]
Event: 5301.921 Thread 0x00000245199ea000 Exception <a 'sun/nio/fs/WindowsException'{0x0000000098f1a450}> (0x0000000098f1a450) thrown at [./src/hotspot/share/prims/jni.cpp, line 615]
Event: 5301.971 Thread 0x00000245199ea000 Exception <a 'sun/nio/fs/WindowsException'{0x0000000098ae1b38}> (0x0000000098ae1b38) thrown at [./src/hotspot/share/prims/jni.cpp, line 615]
Event: 5301.975 Thread 0x00000245199e0800 Exception <a 'sun/nio/fs/WindowsException'{0x0000000098927508}> (0x0000000098927508) thrown at [./src/hotspot/share/prims/jni.cpp, line 615]
Event: 5302.062 Thread 0x00000245199e0800 Exception <a 'sun/nio/fs/WindowsException'{0x0000000097cc6ce8}> (0x0000000097cc6ce8) thrown at [./src/hotspot/share/prims/jni.cpp, line 615]
Event: 5302.096 Thread 0x00000245199ea000 Exception <a 'sun/nio/fs/WindowsException'{0x0000000097a4c180}> (0x0000000097a4c180) thrown at [./src/hotspot/share/prims/jni.cpp, line 615]
Event: 5302.105 Thread 0x00000245199e0800 Exception <a 'sun/nio/fs/WindowsException'{0x0000000097cffc08}> (0x0000000097cffc08) thrown at [./src/hotspot/share/prims/jni.cpp, line 615]
Event: 5302.113 Thread 0x00000245199e0800 Exception <a 'sun/nio/fs/WindowsException'{0x0000000097857848}> (0x0000000097857848) thrown at [./src/hotspot/share/prims/jni.cpp, line 615]
Event: 5302.142 Thread 0x00000245199ea000 Exception <a 'sun/nio/fs/WindowsException'{0x000000009776ea28}> (0x000000009776ea28) thrown at [./src/hotspot/share/prims/jni.cpp, line 615]
Event: 5302.197 Thread 0x00000245199e0800 Exception <a 'sun/nio/fs/WindowsException'{0x000000009731b958}> (0x000000009731b958) thrown at [./src/hotspot/share/prims/jni.cpp, line 615]
Event: 5302.476 Thread 0x00000245199ee000 Exception <a 'sun/nio/fs/WindowsException'{0x000000009417afb8}> (0x000000009417afb8) thrown at [./src/hotspot/share/prims/jni.cpp, line 615]
Event: 5304.188 Thread 0x00000245199e0800 Implicit null exception at 0x00000245083589f0 to 0x0000024508359364
Event: 5308.015 Thread 0x00000245199e0800 Exception <a 'sun/nio/fs/WindowsException'{0x0000000097142c78}> (0x0000000097142c78) thrown at [./src/hotspot/share/prims/jni.cpp, line 615]

Events (20 events):
Event: 5305.176 loading class com/android/tools/r8/s/b/q1 done
Event: 5306.333 Executing VM operation: G1CollectForAllocation
Event: 5306.357 Executing VM operation: G1CollectForAllocation done
Event: 5307.580 Executing VM operation: G1CollectForAllocation
Event: 5307.628 Executing VM operation: G1CollectForAllocation done
Event: 5309.319 Executing VM operation: G1CollectForAllocation
Event: 5309.348 Executing VM operation: G1CollectForAllocation done
Event: 5310.799 Executing VM operation: G1CollectForAllocation
Event: 5310.831 Executing VM operation: G1CollectForAllocation done
Event: 5311.970 loading class org/gradle/workers/internal/WorkerDaemonExpiration$SimpleMemoryExpirationSelector
Event: 5311.970 loading class org/gradle/workers/internal/WorkerDaemonExpiration$SimpleMemoryExpirationSelector done
Event: 5311.970 Executing VM operation: RevokeBias
Event: 5311.970 Executing VM operation: RevokeBias done
Event: 5311.972 loading class org/gradle/workers/internal/WorkerDaemonClient
Event: 5311.972 loading class org/gradle/workers/internal/WorkerDaemonClient done
Event: 5312.033 Executing VM operation: G1CollectForAllocation
Event: 5312.083 Executing VM operation: G1CollectForAllocation done
Event: 5313.897 Executing VM operation: G1CollectForAllocation
Event: 5313.953 Executing VM operation: G1CollectForAllocation done
Event: 5314.915 Executing VM operation: G1CollectForAllocation


Dynamic libraries:
0x00007ff7c4c90000 - 0x00007ff7c4c9a000 	C:\Program Files\Android\Android Studio\jre\bin\java.exe
0x00007ffecbe80000 - 0x00007ffecc089000 	C:\Windows\SYSTEM32\ntdll.dll
0x00007ffecad50000 - 0x00007ffecae0d000 	C:\Windows\System32\KERNEL32.DLL
0x00007ffec9580000 - 0x00007ffec98f9000 	C:\Windows\System32\KERNELBASE.dll
0x00007ffec93e0000 - 0x00007ffec94f1000 	C:\Windows\System32\ucrtbase.dll
0x00007ffec5310000 - 0x00007ffec5329000 	C:\Program Files\Android\Android Studio\jre\bin\jli.dll
0x00007ffebb250000 - 0x00007ffebb267000 	C:\Program Files\Android\Android Studio\jre\bin\VCRUNTIME140.dll
0x00007ffecbbb0000 - 0x00007ffecbd5c000 	C:\Windows\System32\USER32.dll
0x00007ffec9cf0000 - 0x00007ffec9d16000 	C:\Windows\System32\win32u.dll
0x00007ffec9f20000 - 0x00007ffec9f49000 	C:\Windows\System32\GDI32.dll
0x00007ffea89f0000 - 0x00007ffea8c95000 	C:\Windows\WinSxS\amd64_microsoft.windows.common-controls_6595b64144ccf1df_6.0.22000.120_none_9d947278b86cc467\COMCTL32.dll
0x00007ffec9bd0000 - 0x00007ffec9ce2000 	C:\Windows\System32\gdi32full.dll
0x00007ffecae10000 - 0x00007ffecaeb3000 	C:\Windows\System32\msvcrt.dll
0x00007ffec9900000 - 0x00007ffec999d000 	C:\Windows\System32\msvcp_win.dll
0x00007ffec9e40000 - 0x00007ffec9e71000 	C:\Windows\System32\IMM32.DLL
0x00007ffeb4a90000 - 0x00007ffeb4b2d000 	C:\Program Files\Android\Android Studio\jre\bin\msvcp140.dll
0x00007ffe82020000 - 0x00007ffe82b05000 	C:\Program Files\Android\Android Studio\jre\bin\server\jvm.dll
0x00007ffecb870000 - 0x00007ffecb91e000 	C:\Windows\System32\ADVAPI32.dll
0x00007ffec9e80000 - 0x00007ffec9f1e000 	C:\Windows\System32\sechost.dll
0x00007ffec9d20000 - 0x00007ffec9e40000 	C:\Windows\System32\RPCRT4.dll
0x00007ffecba00000 - 0x00007ffecba08000 	C:\Windows\System32\PSAPI.DLL
0x00007ffea4140000 - 0x00007ffea4149000 	C:\Windows\SYSTEM32\WSOCK32.dll
0x00007ffebedc0000 - 0x00007ffebedf3000 	C:\Windows\SYSTEM32\WINMM.dll
0x00007ffeca5a0000 - 0x00007ffeca60f000 	C:\Windows\System32\WS2_32.dll
0x00007ffebf4f0000 - 0x00007ffebf4fa000 	C:\Windows\SYSTEM32\VERSION.dll
0x00007ffec8430000 - 0x00007ffec8448000 	C:\Windows\SYSTEM32\kernel.appcore.dll
0x00007ffe8c710000 - 0x00007ffe8c721000 	C:\Program Files\Android\Android Studio\jre\bin\verify.dll
0x00007ffeb8550000 - 0x00007ffeb8771000 	C:\Windows\SYSTEM32\DBGHELP.DLL
0x00007ffebbaa0000 - 0x00007ffebbad1000 	C:\Windows\SYSTEM32\dbgcore.DLL
0x00007ffec9500000 - 0x00007ffec957f000 	C:\Windows\System32\bcryptPrimitives.dll
0x00007ffe8c6e0000 - 0x00007ffe8c709000 	C:\Program Files\Android\Android Studio\jre\bin\java.dll
0x00007ffea40f0000 - 0x00007ffea40fb000 	C:\Program Files\Android\Android Studio\jre\bin\jimage.dll
0x00007ffe8c6c0000 - 0x00007ffe8c6d8000 	C:\Program Files\Android\Android Studio\jre\bin\zip.dll
0x00007ffecb0c0000 - 0x00007ffecb86f000 	C:\Windows\System32\SHELL32.dll
0x00007ffec74a0000 - 0x00007ffec7d08000 	C:\Windows\SYSTEM32\windows.storage.dll
0x00007ffec9fb0000 - 0x00007ffeca328000 	C:\Windows\System32\combase.dll
0x00007ffec7330000 - 0x00007ffec7496000 	C:\Windows\SYSTEM32\wintypes.dll
0x00007ffeca490000 - 0x00007ffeca57a000 	C:\Windows\System32\SHCORE.dll
0x00007ffeca330000 - 0x00007ffeca38d000 	C:\Windows\System32\shlwapi.dll
0x00007ffec92a0000 - 0x00007ffec92c1000 	C:\Windows\SYSTEM32\profapi.dll
0x00007ffe8c6a0000 - 0x00007ffe8c6ba000 	C:\Program Files\Android\Android Studio\jre\bin\net.dll
0x00007ffec1470000 - 0x00007ffec157c000 	C:\Windows\SYSTEM32\WINHTTP.dll
0x00007ffec8850000 - 0x00007ffec88b7000 	C:\Windows\system32\mswsock.dll
0x00007ffe8c650000 - 0x00007ffe8c664000 	C:\Program Files\Android\Android Studio\jre\bin\nio.dll
0x00007ffeb4b30000 - 0x00007ffeb4b57000 	C:\Users\Solifir\.gradle\native\f6784746aeab05261644944871eae4fe03e0ef1612fff0a4a95f87b438bc6780\windows-amd64\native-platform.dll
0x00007ffe8a5e0000 - 0x00007ffe8a5ea000 	C:\Program Files\Android\Android Studio\jre\bin\management.dll
0x00007ffe8a5d0000 - 0x00007ffe8a5dd000 	C:\Program Files\Android\Android Studio\jre\bin\management_ext.dll
0x00007ffec8b20000 - 0x00007ffec8b38000 	C:\Windows\SYSTEM32\CRYPTSP.dll
0x00007ffec8390000 - 0x00007ffec83c5000 	C:\Windows\system32\rsaenh.dll
0x00007ffec88f0000 - 0x00007ffec8919000 	C:\Windows\SYSTEM32\USERENV.dll
0x00007ffec8c60000 - 0x00007ffec8c87000 	C:\Windows\SYSTEM32\bcrypt.dll
0x00007ffec8a40000 - 0x00007ffec8a4c000 	C:\Windows\SYSTEM32\CRYPTBASE.dll
0x00007ffec7f50000 - 0x00007ffec7f7d000 	C:\Windows\SYSTEM32\IPHLPAPI.DLL
0x00007ffecb0b0000 - 0x00007ffecb0b9000 	C:\Windows\System32\NSI.dll
0x00007ffec1440000 - 0x00007ffec1459000 	C:\Windows\SYSTEM32\dhcpcsvc6.DLL
0x00007ffec1680000 - 0x00007ffec169e000 	C:\Windows\SYSTEM32\dhcpcsvc.DLL
0x00007ffec7f80000 - 0x00007ffec8068000 	C:\Windows\SYSTEM32\DNSAPI.dll
0x00007ffec1430000 - 0x00007ffec143c000 	C:\Windows\SYSTEM32\WINNSI.DLL
0x00007ffe86290000 - 0x00007ffe862b7000 	C:\Program Files\Android\Android Studio\jre\bin\sunec.dll
0x00007ffebfd30000 - 0x00007ffebfd3a000 	C:\Windows\System32\rasadhlp.dll
0x00007ffec0fd0000 - 0x00007ffec1051000 	C:\Windows\System32\fwpuclnt.dll
0x00007ffec6ce0000 - 0x00007ffec6d14000 	C:\Windows\SYSTEM32\ntmarta.dll
0x00007ffec68d0000 - 0x00007ffec6961000 	C:\Windows\system32\apphelp.dll
0x00007ffec5200000 - 0x00007ffec521e000 	C:\Users\Solifir\AppData\Local\Temp\native-platform4499370608206358146dir\native-platform.dll
0x00007ffec52c0000 - 0x00007ffec52c8000 	C:\Program Files\Android\Android Studio\jre\bin\rmi.dll
0x00007ffeb06c0000 - 0x00007ffeb06d7000 	C:\Windows\system32\napinsp.dll
0x00007ffeb06a0000 - 0x00007ffeb06bb000 	C:\Windows\system32\pnrpnsp.dll
0x00007ffeb0680000 - 0x00007ffeb0692000 	C:\Windows\System32\winrnr.dll
0x00007ffeb0660000 - 0x00007ffeb0675000 	C:\Windows\system32\wshbth.dll
0x00007ffeb0640000 - 0x00007ffeb065f000 	C:\Windows\system32\nlansp_c.dll

dbghelp: loaded successfully - version: 4.0.5 - missing functions: none
symbol engine: initialized successfully - sym options: 0x614 - pdb path: .;C:\Program Files\Android\Android Studio\jre\bin;C:\Windows\SYSTEM32;C:\Windows\WinSxS\amd64_microsoft.windows.common-controls_6595b64144ccf1df_6.0.22000.120_none_9d947278b86cc467;C:\Program Files\Android\Android Studio\jre\bin\server;C:\Users\Solifir\.gradle\native\f6784746aeab05261644944871eae4fe03e0ef1612fff0a4a95f87b438bc6780\windows-amd64;C:\Users\Solifir\AppData\Local\Temp\native-platform4499370608206358146dir

VM Arguments:
jvm_args: --add-opens=java.base/java.util=ALL-UNNAMED --add-opens=java.base/java.lang=ALL-UNNAMED --add-opens=java.base/java.lang.invoke=ALL-UNNAMED --add-opens=java.prefs/java.util.prefs=ALL-UNNAMED -Xmx2048m -Dfile.encoding=UTF-8 -Duser.country=US -Duser.language=en -Duser.variant 
java_command: org.gradle.launcher.daemon.bootstrap.GradleDaemon 6.5
java_class_path (initial): C:\Users\Solifir\.gradle\wrapper\dists\gradle-6.5-bin\6nifqtx7604sqp1q6g8wikw7p\gradle-6.5\lib\gradle-launcher-6.5.jar
Launcher Type: SUN_STANDARD

[Global flags]
     intx CICompilerCount                          = 2                                         {product} {ergonomic}
     uint ConcGCThreads                            = 1                                         {product} {ergonomic}
     uint G1ConcRefinementThreads                  = 2                                         {product} {ergonomic}
   size_t G1HeapRegionSize                         = 1048576                                   {product} {ergonomic}
    uintx GCDrainStackTargetSize                   = 64                                        {product} {ergonomic}
   size_t InitialHeapSize                          = 134217728                                 {product} {ergonomic}
   size_t MarkStackSize                            = 4194304                                   {product} {ergonomic}
   size_t MaxHeapSize                              = 2147483648                                {product} {command line}
   size_t MaxNewSize                               = 1287651328                                {product} {ergonomic}
   size_t MinHeapDeltaBytes                        = 1048576                                   {product} {ergonomic}
    uintx NonNMethodCodeHeapSize                   = 5825164                                {pd product} {ergonomic}
    uintx NonProfiledCodeHeapSize                  = 122916538                              {pd product} {ergonomic}
    uintx ProfiledCodeHeapSize                     = 122916538                              {pd product} {ergonomic}
    uintx ReservedCodeCacheSize                    = 251658240                              {pd product} {ergonomic}
     bool SegmentedCodeCache                       = true                                      {product} {ergonomic}
     bool UseCompressedClassPointers               = true                                 {lp64_product} {ergonomic}
     bool UseCompressedOops                        = true                                 {lp64_product} {ergonomic}
     bool UseG1GC                                  = true                                      {product} {ergonomic}
     bool UseLargePagesIndividualAllocation        = false                                  {pd product} {ergonomic}

Logging:
Log output configuration:
 #0: stdout all=warning uptime,level,tags
 #1: stderr all=off uptime,level,tags

Environment Variables:
JAVA_HOME=C:\Program Files\Java\jre1.8.0_333
PATH=C:\Program Files (x86)\Common Files\Oracle\Java\javapath;C:\Windows\system32;C:\Windows;C:\Windows\System32\Wbem;C:\Windows\System32\WindowsPowerShell\v1.0\;C:\Windows\System32\OpenSSH\;C:\Users\Solifir\AppData\Local\Microsoft\WindowsApps;
USERNAME=Solifir
OS=Windows_NT
PROCESSOR_IDENTIFIER=Intel64 Family 6 Model 85 Stepping 4, GenuineIntel



---------------  S Y S T E M  ---------------

OS: Windows 10 , 64 bit Build 22000 (10.0.22000.675)
OS uptime: 0 days 2:32 hours
Hyper-V role detected

CPU:total 2 (initial active 2) (1 cores per cpu, 2 threads per core) family 6 model 85 stepping 4 microcode 0xffffffff, cmov, cx8, fxsr, mmx, sse, sse2, sse3, ssse3, sse4.1, sse4.2, popcnt, avx, avx2, aes, clmul, erms, rtm, 3dnowpref, lzcnt, ht, tsc, bmi1, bmi2, adx, fma

Memory: 4k page, system-wide physical 8190M (817M free)
TotalPageFile size 10238M (AvailPageFile size 39M)
current process WorkingSet (physical memory assigned to process): 786M, peak: 790M
current process commit charge ("private bytes"): 900M, peak: 966M

vm_info: OpenJDK 64-Bit Server VM (11.0.12+7-b1504.28-7817840) for windows-amd64 JRE (11.0.12+7-b1504.28-7817840), built on Oct 13 2021 22:12:33 by "builder" with MS VC++ 14.0 (VS2015)

END.
